@I [HLS-0] Workspace /home/saptarshi/Documents/AEP/HLS/zhangsuengps/solution1 opened at Thu Jul 06 03:43:03 CEST 2017
@I [HLS-100] Command "config_clock -quiet -name default -period 10 -default=false "
@I [SYN-201] Setting up clock 'default' with a period of 10ns.
@I [HLS-100] Command 'config_clock' returned 0; elapsed 6.5e-05Total elapsed time: 0.212 sec.
@I [HLS-100] Command "open_platform DefaultPlatform "
@I [HLS-100] Command 'open_platform' returned 0; elapsed 4.4e-05Total elapsed time: 0.213 sec.
@I [HLS-100] Command "import_lib /home/saptarshi/Xilinx/Vivado_HLS/2015.4/common/technology/xilinx/zynq/zynq "
@I [HLS-100] Command "source /home/saptarshi/Xilinx/Vivado_HLS/2015.4/common/technology/xilinx/common/xilinx.lib "
@I [HLS-100] Command "source /home/saptarshi/Xilinx/Vivado_HLS/2015.4/common/technology/xilinx/interface/xilinx_interface.lib "
@I [HLS-100] Command "source /home/saptarshi/Xilinx/Vivado_HLS/2015.4/common/technology/xilinx/interface/plb46.lib "
@I [HLS-100] Command 'ap_source' returned 0; elapsed 0.000245Total elapsed time: 0.213 sec.
@I [HLS-100] Command "source /home/saptarshi/Xilinx/Vivado_HLS/2015.4/common/technology/xilinx/interface/fsl.lib "
@I [HLS-100] Command 'ap_source' returned 0; elapsed 0.000109Total elapsed time: 0.213 sec.
@I [HLS-100] Command "source /home/saptarshi/Xilinx/Vivado_HLS/2015.4/common/technology/xilinx/interface/axi4.lib "
@I [HLS-100] Command 'ap_source' returned 0; elapsed 0.000155Total elapsed time: 0.213 sec.
@I [HLS-100] Command "source /home/saptarshi/Xilinx/Vivado_HLS/2015.4/common/technology/xilinx/interface/maxi.lib "
@I [HLS-100] Command 'ap_source' returned 0; elapsed 0.000137Total elapsed time: 0.214 sec.
@I [HLS-100] Command "source /home/saptarshi/Xilinx/Vivado_HLS/2015.4/common/technology/xilinx/interface/saxilite.lib "
@I [HLS-100] Command 'ap_source' returned 0; elapsed 8.6e-05Total elapsed time: 0.214 sec.
@I [HLS-100] Command 'ap_source' returned 0; elapsed 0.000972Total elapsed time: 0.214 sec.
@I [HLS-100] Command "source /home/saptarshi/Xilinx/Vivado_HLS/2015.4/common/technology/xilinx/common/dsp48.lib "
@I [HLS-100] Command 'ap_source' returned 0; elapsed 8e-05Total elapsed time: 0.214 sec.
@I [HLS-100] Command "source /home/saptarshi/Xilinx/Vivado_HLS/2015.4/common/technology/xilinx/ip/xfft.lib "
@I [HLS-100] Command 'ap_source' returned 0; elapsed 5.9e-05Total elapsed time: 0.214 sec.
@I [HLS-100] Command "source /home/saptarshi/Xilinx/Vivado_HLS/2015.4/common/technology/xilinx/ip/dds_compiler.lib "
@I [HLS-100] Command 'ap_source' returned 0; elapsed 5e-05Total elapsed time: 0.214 sec.
@I [HLS-100] Command "source /home/saptarshi/Xilinx/Vivado_HLS/2015.4/common/technology/xilinx/ip/xfir.lib "
@I [HLS-100] Command 'ap_source' returned 0; elapsed 4.6e-05Total elapsed time: 0.214 sec.
@I [HLS-100] Command 'ap_source' returned 0; elapsed 0.00309Total elapsed time: 0.216 sec.
@I [HLS-100] Command "source /home/saptarshi/Xilinx/Vivado_HLS/2015.4/common/technology/xilinx/common/xilinx_old.lib "
@I [HLS-100] Command 'ap_source' returned 0; elapsed 0.000526Total elapsed time: 0.218 sec.
@I [HLS-100] Command "source /home/saptarshi/Xilinx/Vivado_HLS/2015.4/common/technology/xilinx/common/xilinx_vivado.lib "
@I [HLS-100] Command 'ap_source' returned 0; elapsed 0.000507Total elapsed time: 0.218 sec.
@I [HLS-100] Command "source /home/saptarshi/Xilinx/Vivado_HLS/2015.4/common/technology/xilinx/common/xilinx.hlp "
@I [HLS-100] Command "source /home/saptarshi/Xilinx/Vivado_HLS/2015.4/common/technology/xilinx/common/target_info.tcl "
@I [HLS-100] Command 'ap_source' returned 0; elapsed 9.8e-05Total elapsed time: 0.220 sec.
@I [HLS-100] Command "source /home/saptarshi/Xilinx/Vivado_HLS/2015.4/common/technology/xilinx/interface/xilinx_interface.hlp "
@I [HLS-100] Command "source /home/saptarshi/Xilinx/Vivado_HLS/2015.4/common/technology/xilinx/interface/maxi.hlp "
@I [HLS-100] Command 'ap_source' returned 0; elapsed 6.4e-05Total elapsed time: 0.220 sec.
@I [HLS-100] Command "source /home/saptarshi/Xilinx/Vivado_HLS/2015.4/common/technology/xilinx/interface/saxilite.hlp "
@I [HLS-100] Command 'ap_source' returned 0; elapsed 6.4e-05Total elapsed time: 0.220 sec.
@I [HLS-100] Command 'ap_source' returned 0; elapsed 0.000219Total elapsed time: 0.220 sec.
@I [HLS-100] Command "source /home/saptarshi/Xilinx/Vivado_HLS/2015.4/common/technology/xilinx/common/dsp48.hlp "
@I [HLS-100] Command 'ap_source' returned 0; elapsed 0.000475Total elapsed time: 0.221 sec.
@I [HLS-100] Command 'ap_source' returned 0; elapsed 0.001689Total elapsed time: 0.221 sec.
@I [HLS-100] Command "source /home/saptarshi/Xilinx/Vivado_HLS/2015.4/common/technology/xilinx/zynq/dsp48e1.hlp "
@I [HLS-100] Command 'ap_source' returned 0; elapsed 5.9e-05Total elapsed time: 0.221 sec.
@I [HLS-100] Command "get_default_platform "
@I [HLS-100] Command 'get_default_platform' returned 0; elapsed 4e-06Total elapsed time: 0.222 sec.
@I [HLS-100] Command "config_chip_info -quiet -resource  {SLICE 13300}  {LUT 53200}     {FF 106400} {DSP48E 220}   {BRAM 280}  "
@I [HLS-100] Command 'config_chip_info' returned 0; elapsed 1.6e-05Total elapsed time: 0.222 sec.
@I [HLS-100] Command "config_chip_info -quiet -speed medium "
@I [HLS-100] Command 'config_chip_info' returned 0; elapsed 3e-06Total elapsed time: 0.222 sec.
@I [HLS-100] Command 'import_lib' returned 0; elapsed 0.010349Total elapsed time: 0.223 sec.
@I [HLS-100] Command "source /home/saptarshi/Xilinx/Vivado_HLS/2015.4/common/technology/xilinx/zynq/zynq.gen "
@I [HLS-100] Command "source /home/saptarshi/Xilinx/Vivado_HLS/2015.4/common/technology/xilinx/common/virtex.gen "
@I [HLS-100] Command "source /home/saptarshi/Xilinx/Vivado_HLS/2015.4/common/technology/xilinx/common/xilinx.gen "
@I [HLS-100] Command "source /home/saptarshi/Xilinx/Vivado_HLS/2015.4/common/technology/xilinx/interface/plb46.gen "
@I [HLS-100] Command 'ap_source' returned 0; elapsed 0.000846Total elapsed time: 0.224 sec.
@I [HLS-100] Command "source /home/saptarshi/Xilinx/Vivado_HLS/2015.4/common/technology/xilinx/interface/fsl.gen "
@I [HLS-100] Command 'ap_source' returned 0; elapsed 0.000322Total elapsed time: 0.225 sec.
@I [HLS-100] Command "source /home/saptarshi/Xilinx/Vivado_HLS/2015.4/common/technology/xilinx/interface/axi4.gen "
@I [HLS-100] Command 'ap_source' returned 0; elapsed 0.001646Total elapsed time: 0.226 sec.
@I [HLS-100] Command "source /home/saptarshi/Xilinx/Vivado_HLS/2015.4/common/technology/xilinx/interface/nativeAXI4.gen "
@I [HLS-100] Command "source /home/saptarshi/Xilinx/Vivado_HLS/2015.4/common/technology/xilinx/interface/saxilite.gen "
@I [HLS-100] Command 'ap_source' returned 0; elapsed 0.002901Total elapsed time: 0.229 sec.
@I [HLS-100] Command "source /home/saptarshi/Xilinx/Vivado_HLS/2015.4/common/technology/xilinx/interface/maxi.gen "
@I [HLS-100] Command 'ap_source' returned 0; elapsed 0.005732Total elapsed time: 0.235 sec.
@I [HLS-100] Command 'ap_source' returned 0; elapsed 0.008767Total elapsed time: 0.235 sec.
@I [HLS-100] Command "source /home/saptarshi/Xilinx/Vivado_HLS/2015.4/common/technology/xilinx/scripts/xilinxcoregen.gen "
@I [HLS-100] Command 'ap_source' returned 0; elapsed 0.006989Total elapsed time: 0.242 sec.
@I [HLS-100] Command "source /home/saptarshi/Xilinx/Vivado_HLS/2015.4/common/technology/xilinx/interface/XilEDKCoreGen.gen "
@I [HLS-100] Command 'ap_source' returned 0; elapsed 0.007305Total elapsed time: 0.250 sec.
@I [HLS-100] Command "source /home/saptarshi/Xilinx/Vivado_HLS/2015.4/common/technology/xilinx/ip/xfir.gen "
@I [HLS-100] Command "source /home/saptarshi/Xilinx/Vivado_HLS/2015.4/tps/tcl/tcllib1.11.1/struct/list.tcl "
@I [HLS-100] Command "source /home/saptarshi/Xilinx/Vivado_HLS/2015.4/tps/tcl/tcllib1.11.1/cmdline/cmdline.tcl "
@I [HLS-100] Command 'ap_source' returned 0; elapsed 0.00067Total elapsed time: 0.264 sec.
@I [HLS-100] Command 'ap_source' returned 0; elapsed 0.001605Total elapsed time: 0.265 sec.
@I [HLS-100] Command "source /home/saptarshi/Xilinx/Vivado_HLS/2015.4/tps/tcl/tcllib1.11.1/math/bignum.tcl "
@I [HLS-100] Command 'ap_source' returned 0; elapsed 0.000487Total elapsed time: 0.275 sec.
@I [HLS-100] Command 'ap_source' returned 0; elapsed 0.0308Total elapsed time: 0.281 sec.
@I [HLS-100] Command "source /home/saptarshi/Xilinx/Vivado_HLS/2015.4/common/technology/xilinx/ip/dds_compiler.gen "
@I [HLS-100] Command 'ap_source' returned 0; elapsed 0.003313Total elapsed time: 0.285 sec.
@I [HLS-100] Command "source /home/saptarshi/Xilinx/Vivado_HLS/2015.4/common/technology/xilinx/ip/util.gen "
@I [HLS-100] Command 'ap_source' returned 0; elapsed 0.000127Total elapsed time: 0.285 sec.
@I [HLS-100] Command "source /home/saptarshi/Xilinx/Vivado_HLS/2015.4/common/technology/xilinx/ip/xfft.gen "
@I [HLS-100] Command 'ap_source' returned 0; elapsed 0.154115Total elapsed time: 0.450 sec.
@I [HLS-100] Command 'ap_source' returned 0; elapsed 0.214982Total elapsed time: 0.450 sec.
@I [HLS-100] Command "source /home/saptarshi/Xilinx/Vivado_HLS/2015.4/common/technology/xilinx/common/dsp48.gen "
@I [HLS-100] Command 'ap_source' returned 0; elapsed 0.000217Total elapsed time: 0.454 sec.
@I [HLS-100] Command 'ap_source' returned 0; elapsed 0.219386Total elapsed time: 0.454 sec.
@I [HLS-100] Command 'ap_source' returned 0; elapsed 0.219533Total elapsed time: 0.454 sec.
@I [HLS-100] Command "open_platform DefaultPlatform "
@I [HLS-100] Command 'open_platform' returned 0; elapsed 9e-06Total elapsed time: 0.454 sec.
@I [HLS-100] Command "import_lib /home/saptarshi/Xilinx/Vivado_HLS/2015.4/common/technology/xilinx/zynq/zynq_fpv6 "
@I [HLS-100] Command "source /home/saptarshi/Xilinx/Vivado_HLS/2015.4/common/technology/xilinx/common/xilinx_fpv7.lib "
@I [HLS-100] Command "source /home/saptarshi/Xilinx/Vivado_HLS/2015.4/common/technology/xilinx/common/xilinx_hp.lib "
@I [HLS-100] Command 'ap_source' returned 0; elapsed 0.001755Total elapsed time: 0.459 sec.
@I [HLS-100] Command 'ap_source' returned 0; elapsed 0.005824Total elapsed time: 0.463 sec.
@I [HLS-100] Command "source /home/saptarshi/Xilinx/Vivado_HLS/2015.4/common/technology/xilinx/common/xilinx_fpv.hlp "
@I [HLS-100] Command "source /home/saptarshi/Xilinx/Vivado_HLS/2015.4/common/technology/xilinx/common/xilinx.hlp "
@I [HLS-100] Command "source /home/saptarshi/Xilinx/Vivado_HLS/2015.4/common/technology/xilinx/common/target_info.tcl "
@I [HLS-100] Command 'ap_source' returned 0; elapsed 0.000214Total elapsed time: 0.474 sec.
@I [HLS-100] Command "source /home/saptarshi/Xilinx/Vivado_HLS/2015.4/common/technology/xilinx/interface/xilinx_interface.hlp "
@I [HLS-100] Command "source /home/saptarshi/Xilinx/Vivado_HLS/2015.4/common/technology/xilinx/interface/maxi.hlp "
@I [HLS-100] Command 'ap_source' returned 0; elapsed 0.000133Total elapsed time: 0.474 sec.
@I [HLS-100] Command "source /home/saptarshi/Xilinx/Vivado_HLS/2015.4/common/technology/xilinx/interface/saxilite.hlp "
@I [HLS-100] Command 'ap_source' returned 0; elapsed 0.000121Total elapsed time: 0.474 sec.
@I [HLS-100] Command 'ap_source' returned 0; elapsed 0.000416Total elapsed time: 0.474 sec.
@I [HLS-100] Command "source /home/saptarshi/Xilinx/Vivado_HLS/2015.4/common/technology/xilinx/common/dsp48.hlp "
@I [HLS-100] Command 'ap_source' returned 0; elapsed 0.000794Total elapsed time: 0.475 sec.
@I [HLS-100] Command 'ap_source' returned 0; elapsed 0.002939Total elapsed time: 0.476 sec.
@I [HLS-100] Command 'ap_source' returned 0; elapsed 0.003753Total elapsed time: 0.477 sec.
@I [HLS-100] Command "source /home/saptarshi/Xilinx/Vivado_HLS/2015.4/common/technology/xilinx/zynq/zynq_hp.hlp "
@I [HLS-100] Command 'ap_source' returned 0; elapsed 0.001277Total elapsed time: 0.478 sec.
@I [HLS-100] Command 'import_lib' returned 0; elapsed 0.031314Total elapsed time: 0.489 sec.
@I [HLS-100] Command "source /home/saptarshi/Xilinx/Vivado_HLS/2015.4/common/technology/xilinx/zynq/zynq_fpv6.gen "
@I [HLS-100] Command "source /home/saptarshi/Xilinx/Vivado_HLS/2015.4/common/technology/xilinx/common/xilinx_fpv6.gen "
@I [HLS-100] Command 'ap_source' returned 0; elapsed 0.002433Total elapsed time: 0.491 sec.
@I [HLS-100] Command 'ap_source' returned 0; elapsed 0.002644Total elapsed time: 0.491 sec.
@I [HLS-100] Command "set_part xc7z020clg484-1 "
@I [HLS-100] Command "add_library xilinx/zynq/zynq:xc7z020:clg484:-1 "
@I [HLS-100] Command "get_default_platform "
@I [HLS-100] Command 'get_default_platform' returned 0; elapsed 9e-06Total elapsed time: 0.496 sec.
@I [HLS-100] Command "license_isbetapart xc7z020 "
@I [HLS-100] Command 'license_isbetapart' returned 1; elapsed 0.007894Total elapsed time: 0.505 sec.
@I [HLS-100] Command "get_default_platform "
@I [HLS-100] Command 'get_default_platform' returned 0; elapsed 7e-06Total elapsed time: 0.506 sec.
@I [HLS-100] Command "config_chip_info -quiet -resource  {SLICE 13300}  {LUT 53200}     {FF 106400} {DSP48E 220}   {BRAM 280}  "
@I [HLS-100] Command 'config_chip_info' returned 0; elapsed 1.3e-05Total elapsed time: 0.506 sec.
@I [HLS-100] Command "config_chip_info -quiet -speed slow "
@I [HLS-100] Command 'config_chip_info' returned 0; elapsed 3e-06Total elapsed time: 0.506 sec.
@I [HLS-100] Command 'add_library' returned 0; elapsed 0.012505Total elapsed time: 0.509 sec.
@I [HLS-100] Command "add_library xilinx/zynq/zynq_fpv6 "
@I [HLS-100] Command "get_default_platform "
@I [HLS-100] Command 'get_default_platform' returned 0; elapsed 7e-06Total elapsed time: 0.510 sec.
@I [HLS-100] Command 'add_library' returned 0; elapsed 0.002662Total elapsed time: 0.511 sec.
@I [HLS-10] Setting target device to 'xc7z020clg484-1'
@I [HLS-100] Command 'set_part' returned 0; elapsed 0.01899Total elapsed time: 0.512 sec.
@I [HLS-100] Command "get_default_platform "
@I [HLS-100] Command 'get_default_platform' returned 0; elapsed 6e-06Total elapsed time: 0.512 sec.
@I [HLS-100] Command "config_chip_info -quiet -resource  {SLICE 13300}  {LUT 53200}     {FF 106400} {DSP48E 220}   {BRAM 280}  "
@I [HLS-100] Command 'config_chip_info' returned 0; elapsed 1.8e-05Total elapsed time: 0.512 sec.
@I [HLS-100] Command "config_chip_info -quiet -speed slow "
@I [HLS-100] Command 'config_chip_info' returned 0; elapsed 6e-06Total elapsed time: 0.512 sec.
@I [HLS-100] Command 'open_solution' returned 0; elapsed 0.289637Total elapsed time: 0.513 sec.
@I [HLS-100] Command "csim_design -quiet "
@I [HLS-100] Command "source csim/.lst_opt.tcl "
@I [HLS-100] Command 'ap_source' returned 0; elapsed 0.000111Total elapsed time: 0.530 sec.
@I [HLS-100] Command "is_encrypted /home/saptarshi/Documents/AEP/HLS/zhangsuengps/solution1/test.cpp "
@I [HLS-100] Command 'is_encrypted' returned 0; elapsed 7.2e-05Total elapsed time: 0.537 sec.
@I [HLS-100] Command "is_xip /home/saptarshi/Documents/AEP/HLS/zhangsuengps/solution1/test.cpp "
@I [HLS-100] Command 'is_xip' returned 0; elapsed 2.7e-05Total elapsed time: 0.537 sec.
@I [HLS-100] Command "is_encrypted /home/saptarshi/Documents/AEP/HLS/zhangsuengps/.settings/psfunc.cpp "
@I [HLS-100] Command 'is_encrypted' returned 0; elapsed 2.3e-05Total elapsed time: 0.537 sec.
@I [HLS-100] Command "is_xip /home/saptarshi/Documents/AEP/HLS/zhangsuengps/.settings/psfunc.cpp "
@I [HLS-100] Command 'is_xip' returned 0; elapsed 1.7e-05Total elapsed time: 0.537 sec.
@I [HLS-100] Command "source run_sim.tcl "
@I [HLS-100] Command 'ap_source' returned 0; elapsed 0.004986Total elapsed time: 1.831 sec.
@I [SIM-1] CSim done with 0 errors.
@I [HLS-100] Command 'csim_design' returned 0; elapsed 0.050883Total elapsed time: 1.855 sec.
@I [HLS-100] Command 'ap_source' returned 0; elapsed 0.342196Total elapsed time: 1.855 sec.
@I [HLS-100] Command "cleanup_all "
@I [HLS-100] Command 'cleanup_all' returned 0; elapsed 0.000487Total elapsed time: 1.855 sec.
