#-----------------------------------------------------------
# xsim v2015.4 (64-bit)
# SW Build 1412921 on Wed Nov 18 09:44:32 MST 2015
# IP Build 1412160 on Tue Nov 17 13:47:24 MST 2015
# Start of session at: Sun Jul  2 13:51:52 2017
# Process ID: 27394
# Current directory: /home/saptarshi/Documents/AEP/ZhangSuen/solution1/sim/verilog
# Command line: xsim -mode tcl -source {xsim.dir/zhangsueng/xsim_script.tcl}
# Log file: /home/saptarshi/Documents/AEP/ZhangSuen/solution1/sim/verilog/xsim.log
# Journal file: /home/saptarshi/Documents/AEP/ZhangSuen/solution1/sim/verilog/xsim.jou
#-----------------------------------------------------------
source xsim.dir/zhangsueng/xsim_script.tcl
# xsim {zhangsueng} -maxdeltaid 10000 -autoloadwcfg -tclbatch {zhangsueng.tcl}
Vivado Simulator 2015.4
Time resolution is 1 ps
source zhangsueng.tcl
## run all
$finish called at time : 185 ns : File "/home/saptarshi/Documents/AEP/ZhangSuen/solution1/sim/verilog/zhangsueng.autotb.v" Line 339
## quit
INFO: [Common 17-206] Exiting xsim at Sun Jul  2 13:51:54 2017...
