@I [HLS-0] Workspace /home/ubuntu-admin/SharedFolder/EIT_Studies/TUB_Docs/Sem2/EmbProj/GitHub/AEP/HLS/ZS_BRAM_F_V1/solution1 opened at Thu Jul 13 01:56:18 CEST 2017
@I [HLS-100] Command "config_clock -quiet -name default -period 10 -default=false "
@I [SYN-201] Setting up clock 'default' with a period of 10ns.
@I [HLS-100] Command 'config_clock' returned 0; elapsed 6.6e-05Total elapsed time: 0.181 sec.
@I [HLS-100] Command "open_platform DefaultPlatform "
@I [HLS-100] Command 'open_platform' returned 0; elapsed 3.5e-05Total elapsed time: 0.182 sec.
@I [HLS-100] Command "import_lib /opt/Xilinx/Vivado_HLS/2015.4/common/technology/xilinx/zynq/zynq "
@I [HLS-100] Command "source /opt/Xilinx/Vivado_HLS/2015.4/common/technology/xilinx/common/xilinx.lib "
@I [HLS-100] Command "source /opt/Xilinx/Vivado_HLS/2015.4/common/technology/xilinx/interface/xilinx_interface.lib "
@I [HLS-100] Command "source /opt/Xilinx/Vivado_HLS/2015.4/common/technology/xilinx/interface/plb46.lib "
@I [HLS-100] Command 'ap_source' returned 0; elapsed 0.000212Total elapsed time: 0.182 sec.
@I [HLS-100] Command "source /opt/Xilinx/Vivado_HLS/2015.4/common/technology/xilinx/interface/fsl.lib "
@I [HLS-100] Command 'ap_source' returned 0; elapsed 9.7e-05Total elapsed time: 0.183 sec.
@I [HLS-100] Command "source /opt/Xilinx/Vivado_HLS/2015.4/common/technology/xilinx/interface/axi4.lib "
@I [HLS-100] Command 'ap_source' returned 0; elapsed 0.000136Total elapsed time: 0.183 sec.
@I [HLS-100] Command "source /opt/Xilinx/Vivado_HLS/2015.4/common/technology/xilinx/interface/maxi.lib "
@I [HLS-100] Command 'ap_source' returned 0; elapsed 0.000123Total elapsed time: 0.183 sec.
@I [HLS-100] Command "source /opt/Xilinx/Vivado_HLS/2015.4/common/technology/xilinx/interface/saxilite.lib "
@I [HLS-100] Command 'ap_source' returned 0; elapsed 7.5e-05Total elapsed time: 0.183 sec.
@I [HLS-100] Command 'ap_source' returned 0; elapsed 0.000844Total elapsed time: 0.183 sec.
@I [HLS-100] Command "source /opt/Xilinx/Vivado_HLS/2015.4/common/technology/xilinx/common/dsp48.lib "
@I [HLS-100] Command 'ap_source' returned 0; elapsed 7.6e-05Total elapsed time: 0.183 sec.
@I [HLS-100] Command "source /opt/Xilinx/Vivado_HLS/2015.4/common/technology/xilinx/ip/dds_compiler.lib "
@I [HLS-100] Command 'ap_source' returned 0; elapsed 4.9e-05Total elapsed time: 0.183 sec.
@I [HLS-100] Command "source /opt/Xilinx/Vivado_HLS/2015.4/common/technology/xilinx/ip/xfft.lib "
@I [HLS-100] Command 'ap_source' returned 0; elapsed 4.2e-05Total elapsed time: 0.183 sec.
@I [HLS-100] Command "source /opt/Xilinx/Vivado_HLS/2015.4/common/technology/xilinx/ip/xfir.lib "
@I [HLS-100] Command 'ap_source' returned 0; elapsed 4e-05Total elapsed time: 0.183 sec.
@I [HLS-100] Command 'ap_source' returned 0; elapsed 0.002834Total elapsed time: 0.185 sec.
@I [HLS-100] Command "source /opt/Xilinx/Vivado_HLS/2015.4/common/technology/xilinx/common/xilinx_old.lib "
@I [HLS-100] Command 'ap_source' returned 0; elapsed 0.000462Total elapsed time: 0.187 sec.
@I [HLS-100] Command "source /opt/Xilinx/Vivado_HLS/2015.4/common/technology/xilinx/common/xilinx_vivado.lib "
@I [HLS-100] Command 'ap_source' returned 0; elapsed 0.000464Total elapsed time: 0.187 sec.
@I [HLS-100] Command "source /opt/Xilinx/Vivado_HLS/2015.4/common/technology/xilinx/common/xilinx.hlp "
@I [HLS-100] Command "source /opt/Xilinx/Vivado_HLS/2015.4/common/technology/xilinx/common/target_info.tcl "
@I [HLS-100] Command 'ap_source' returned 0; elapsed 7.9e-05Total elapsed time: 0.189 sec.
@I [HLS-100] Command "source /opt/Xilinx/Vivado_HLS/2015.4/common/technology/xilinx/interface/xilinx_interface.hlp "
@I [HLS-100] Command "source /opt/Xilinx/Vivado_HLS/2015.4/common/technology/xilinx/interface/maxi.hlp "
@I [HLS-100] Command 'ap_source' returned 0; elapsed 7.4e-05Total elapsed time: 0.189 sec.
@I [HLS-100] Command "source /opt/Xilinx/Vivado_HLS/2015.4/common/technology/xilinx/interface/saxilite.hlp "
@I [HLS-100] Command 'ap_source' returned 0; elapsed 5.8e-05Total elapsed time: 0.189 sec.
@I [HLS-100] Command 'ap_source' returned 0; elapsed 0.000221Total elapsed time: 0.189 sec.
@I [HLS-100] Command "source /opt/Xilinx/Vivado_HLS/2015.4/common/technology/xilinx/common/dsp48.hlp "
@I [HLS-100] Command 'ap_source' returned 0; elapsed 0.00041Total elapsed time: 0.190 sec.
@I [HLS-100] Command 'ap_source' returned 0; elapsed 0.001595Total elapsed time: 0.190 sec.
@I [HLS-100] Command "source /opt/Xilinx/Vivado_HLS/2015.4/common/technology/xilinx/zynq/dsp48e1.hlp "
@I [HLS-100] Command 'ap_source' returned 0; elapsed 5.2e-05Total elapsed time: 0.190 sec.
@I [HLS-100] Command "get_default_platform "
@I [HLS-100] Command 'get_default_platform' returned 0; elapsed 4e-06Total elapsed time: 0.190 sec.
@I [HLS-100] Command "config_chip_info -quiet -resource  {SLICE 13300}  {LUT 53200}     {FF 106400} {DSP48E 220}   {BRAM 280}  "
@I [HLS-100] Command 'config_chip_info' returned 0; elapsed 1.2e-05Total elapsed time: 0.190 sec.
@I [HLS-100] Command "config_chip_info -quiet -speed medium "
@I [HLS-100] Command 'config_chip_info' returned 0; elapsed 3e-06Total elapsed time: 0.190 sec.
@I [HLS-100] Command 'import_lib' returned 0; elapsed 0.009433Total elapsed time: 0.191 sec.
@I [HLS-100] Command "source /opt/Xilinx/Vivado_HLS/2015.4/common/technology/xilinx/zynq/zynq.gen "
@I [HLS-100] Command "source /opt/Xilinx/Vivado_HLS/2015.4/common/technology/xilinx/common/virtex.gen "
@I [HLS-100] Command "source /opt/Xilinx/Vivado_HLS/2015.4/common/technology/xilinx/common/xilinx.gen "
@I [HLS-100] Command "source /opt/Xilinx/Vivado_HLS/2015.4/common/technology/xilinx/interface/plb46.gen "
@I [HLS-100] Command 'ap_source' returned 0; elapsed 0.000791Total elapsed time: 0.193 sec.
@I [HLS-100] Command "source /opt/Xilinx/Vivado_HLS/2015.4/common/technology/xilinx/interface/fsl.gen "
@I [HLS-100] Command 'ap_source' returned 0; elapsed 0.000355Total elapsed time: 0.193 sec.
@I [HLS-100] Command "source /opt/Xilinx/Vivado_HLS/2015.4/common/technology/xilinx/interface/axi4.gen "
@I [HLS-100] Command 'ap_source' returned 0; elapsed 0.001489Total elapsed time: 0.194 sec.
@I [HLS-100] Command "source /opt/Xilinx/Vivado_HLS/2015.4/common/technology/xilinx/interface/nativeAXI4.gen "
@I [HLS-100] Command "source /opt/Xilinx/Vivado_HLS/2015.4/common/technology/xilinx/interface/saxilite.gen "
@I [HLS-100] Command 'ap_source' returned 0; elapsed 0.002769Total elapsed time: 0.197 sec.
@I [HLS-100] Command "source /opt/Xilinx/Vivado_HLS/2015.4/common/technology/xilinx/interface/maxi.gen "
@I [HLS-100] Command 'ap_source' returned 0; elapsed 0.005187Total elapsed time: 0.203 sec.
@I [HLS-100] Command 'ap_source' returned 0; elapsed 0.008059Total elapsed time: 0.203 sec.
@I [HLS-100] Command "source /opt/Xilinx/Vivado_HLS/2015.4/common/technology/xilinx/scripts/xilinxcoregen.gen "
@I [HLS-100] Command 'ap_source' returned 0; elapsed 0.006418Total elapsed time: 0.209 sec.
@I [HLS-100] Command "source /opt/Xilinx/Vivado_HLS/2015.4/common/technology/xilinx/interface/XilEDKCoreGen.gen "
@I [HLS-100] Command 'ap_source' returned 0; elapsed 0.00636Total elapsed time: 0.215 sec.
@I [HLS-100] Command "source /opt/Xilinx/Vivado_HLS/2015.4/common/technology/xilinx/ip/util.gen "
@I [HLS-100] Command 'ap_source' returned 0; elapsed 0.000105Total elapsed time: 0.216 sec.
@I [HLS-100] Command "source /opt/Xilinx/Vivado_HLS/2015.4/common/technology/xilinx/ip/xfir.gen "
@I [HLS-100] Command "source /opt/Xilinx/Vivado_HLS/2015.4/tps/tcl/tcllib1.11.1/struct/list.tcl "
@I [HLS-100] Command "source /opt/Xilinx/Vivado_HLS/2015.4/tps/tcl/tcllib1.11.1/cmdline/cmdline.tcl "
@I [HLS-100] Command 'ap_source' returned 0; elapsed 0.000518Total elapsed time: 0.227 sec.
@I [HLS-100] Command 'ap_source' returned 0; elapsed 0.001222Total elapsed time: 0.228 sec.
@I [HLS-100] Command "source /opt/Xilinx/Vivado_HLS/2015.4/tps/tcl/tcllib1.11.1/math/bignum.tcl "
@I [HLS-100] Command 'ap_source' returned 0; elapsed 0.000488Total elapsed time: 0.235 sec.
@I [HLS-100] Command 'ap_source' returned 0; elapsed 0.025011Total elapsed time: 0.241 sec.
@I [HLS-100] Command "source /opt/Xilinx/Vivado_HLS/2015.4/common/technology/xilinx/ip/dds_compiler.gen "
@I [HLS-100] Command 'ap_source' returned 0; elapsed 0.002529Total elapsed time: 0.243 sec.
@I [HLS-100] Command "source /opt/Xilinx/Vivado_HLS/2015.4/common/technology/xilinx/ip/xfft.gen "
@I [HLS-100] Command 'ap_source' returned 0; elapsed 0.077072Total elapsed time: 0.320 sec.
@I [HLS-100] Command 'ap_source' returned 0; elapsed 0.128724Total elapsed time: 0.320 sec.
@I [HLS-100] Command "source /opt/Xilinx/Vivado_HLS/2015.4/common/technology/xilinx/common/dsp48.gen "
@I [HLS-100] Command 'ap_source' returned 0; elapsed 0.000104Total elapsed time: 0.322 sec.
@I [HLS-100] Command 'ap_source' returned 0; elapsed 0.130099Total elapsed time: 0.322 sec.
@I [HLS-100] Command 'ap_source' returned 0; elapsed 0.130184Total elapsed time: 0.322 sec.
@I [HLS-100] Command "open_platform DefaultPlatform "
@I [HLS-100] Command 'open_platform' returned 0; elapsed 6e-06Total elapsed time: 0.322 sec.
@I [HLS-100] Command "import_lib /opt/Xilinx/Vivado_HLS/2015.4/common/technology/xilinx/zynq/zynq_fpv6 "
@I [HLS-100] Command "source /opt/Xilinx/Vivado_HLS/2015.4/common/technology/xilinx/common/xilinx_fpv7.lib "
@I [HLS-100] Command "source /opt/Xilinx/Vivado_HLS/2015.4/common/technology/xilinx/common/xilinx_hp.lib "
@I [HLS-100] Command 'ap_source' returned 0; elapsed 0.000454Total elapsed time: 0.322 sec.
@I [HLS-100] Command 'ap_source' returned 0; elapsed 0.002404Total elapsed time: 0.324 sec.
@I [HLS-100] Command "source /opt/Xilinx/Vivado_HLS/2015.4/common/technology/xilinx/common/xilinx_fpv.hlp "
@I [HLS-100] Command "source /opt/Xilinx/Vivado_HLS/2015.4/common/technology/xilinx/common/xilinx.hlp "
@I [HLS-100] Command "source /opt/Xilinx/Vivado_HLS/2015.4/common/technology/xilinx/common/target_info.tcl "
@I [HLS-100] Command 'ap_source' returned 0; elapsed 0.000127Total elapsed time: 0.329 sec.
@I [HLS-100] Command "source /opt/Xilinx/Vivado_HLS/2015.4/common/technology/xilinx/interface/xilinx_interface.hlp "
@I [HLS-100] Command "source /opt/Xilinx/Vivado_HLS/2015.4/common/technology/xilinx/interface/maxi.hlp "
@I [HLS-100] Command 'ap_source' returned 0; elapsed 6.2e-05Total elapsed time: 0.329 sec.
@I [HLS-100] Command "source /opt/Xilinx/Vivado_HLS/2015.4/common/technology/xilinx/interface/saxilite.hlp "
@I [HLS-100] Command 'ap_source' returned 0; elapsed 6.1e-05Total elapsed time: 0.329 sec.
@I [HLS-100] Command 'ap_source' returned 0; elapsed 0.000197Total elapsed time: 0.329 sec.
@I [HLS-100] Command "source /opt/Xilinx/Vivado_HLS/2015.4/common/technology/xilinx/common/dsp48.hlp "
@I [HLS-100] Command 'ap_source' returned 0; elapsed 0.000405Total elapsed time: 0.329 sec.
@I [HLS-100] Command 'ap_source' returned 0; elapsed 0.001525Total elapsed time: 0.330 sec.
@I [HLS-100] Command 'ap_source' returned 0; elapsed 0.001902Total elapsed time: 0.330 sec.
@I [HLS-100] Command "source /opt/Xilinx/Vivado_HLS/2015.4/common/technology/xilinx/zynq/zynq_hp.hlp "
@I [HLS-100] Command 'ap_source' returned 0; elapsed 0.000601Total elapsed time: 0.331 sec.
@I [HLS-100] Command 'import_lib' returned 0; elapsed 0.01226Total elapsed time: 0.334 sec.
@I [HLS-100] Command "source /opt/Xilinx/Vivado_HLS/2015.4/common/technology/xilinx/zynq/zynq_fpv6.gen "
@I [HLS-100] Command "source /opt/Xilinx/Vivado_HLS/2015.4/common/technology/xilinx/common/xilinx_fpv6.gen "
@I [HLS-100] Command 'ap_source' returned 0; elapsed 0.001208Total elapsed time: 0.335 sec.
@I [HLS-100] Command 'ap_source' returned 0; elapsed 0.001303Total elapsed time: 0.335 sec.
@I [HLS-100] Command "set_part xc7z020clg484-1 "
@I [HLS-100] Command "add_library xilinx/zynq/zynq:xc7z020:clg484:-1 "
@I [HLS-100] Command "get_default_platform "
@I [HLS-100] Command 'get_default_platform' returned 0; elapsed 6e-06Total elapsed time: 0.339 sec.
@I [HLS-100] Command "license_isbetapart xc7z020 "
@I [HLS-100] Command 'license_isbetapart' returned 1; elapsed 0.005187Total elapsed time: 0.345 sec.
@I [HLS-100] Command "get_default_platform "
@I [HLS-100] Command 'get_default_platform' returned 0; elapsed 6e-06Total elapsed time: 0.345 sec.
@I [HLS-100] Command "config_chip_info -quiet -resource  {SLICE 13300}  {LUT 53200}     {FF 106400} {DSP48E 220}   {BRAM 280}  "
@I [HLS-100] Command 'config_chip_info' returned 0; elapsed 2.4e-05Total elapsed time: 0.345 sec.
@I [HLS-100] Command "config_chip_info -quiet -speed slow "
@I [HLS-100] Command 'config_chip_info' returned 0; elapsed 3e-06Total elapsed time: 0.345 sec.
@I [HLS-100] Command 'add_library' returned 0; elapsed 0.007435Total elapsed time: 0.346 sec.
@I [HLS-100] Command "add_library xilinx/zynq/zynq_fpv6 "
@I [HLS-100] Command "get_default_platform "
@I [HLS-100] Command 'get_default_platform' returned 0; elapsed 3e-06Total elapsed time: 0.346 sec.
@I [HLS-100] Command 'add_library' returned 0; elapsed 0.001075Total elapsed time: 0.347 sec.
@I [HLS-10] Setting target device to 'xc7z020clg484-1'
@I [HLS-100] Command 'set_part' returned 0; elapsed 0.011288Total elapsed time: 0.347 sec.
@I [HLS-100] Command "get_default_platform "
@I [HLS-100] Command 'get_default_platform' returned 0; elapsed 3e-06Total elapsed time: 0.347 sec.
@I [HLS-100] Command "config_chip_info -quiet -resource  {SLICE 13300}  {LUT 53200}     {FF 106400} {DSP48E 220}   {BRAM 280}  "
@I [HLS-100] Command 'config_chip_info' returned 0; elapsed 9e-06Total elapsed time: 0.347 sec.
@I [HLS-100] Command "config_chip_info -quiet -speed slow "
@I [HLS-100] Command 'config_chip_info' returned 0; elapsed 3e-06Total elapsed time: 0.347 sec.
@I [HLS-100] Command 'open_solution' returned 0; elapsed 0.169939Total elapsed time: 0.348 sec.
@I [HLS-100] Command "export_design -format ip_catalog "
@I [HLS-100] Command "source /home/ubuntu-admin/SharedFolder/EIT_Studies/TUB_Docs/Sem2/EmbProj/GitHub/AEP/HLS/ZS_BRAM_F_V1/solution1/.autopilot/db/global.setting.tcl "
@I [HLS-100] Command 'ap_source' returned 0; elapsed 0.000169Total elapsed time: 0.352 sec.
@I [HLS-100] Command "source /opt/Xilinx/Vivado_HLS/2015.4/common/technology/generic/autopilot/common.gen "
@I [HLS-100] Command "source /opt/Xilinx/Vivado_HLS/2015.4/common/technology/generic/autopilot/APCoreGen.gen "
@I [HLS-100] Command 'ap_source' returned 0; elapsed 0.000433Total elapsed time: 0.355 sec.
@I [HLS-100] Command 'ap_source' returned 0; elapsed 0.000845Total elapsed time: 0.355 sec.
@I [HLS-100] Command "source /opt/Xilinx/Vivado_HLS/2015.4/common/technology/generic/autopilot/op.gen "
@I [HLS-100] Command 'ap_source' returned 0; elapsed 0.000222Total elapsed time: 0.356 sec.
@I [HLS-100] Command "source /opt/Xilinx/Vivado_HLS/2015.4/common/technology/generic/autopilot/op_simcore.gen "
@I [HLS-100] Command 'ap_source' returned 0; elapsed 0.000666Total elapsed time: 0.356 sec.
@I [HLS-100] Command "source /opt/Xilinx/Vivado_HLS/2015.4/common/technology/generic/autopilot/interface.gen "
@I [HLS-100] Command 'ap_source' returned 0; elapsed 4.6e-05Total elapsed time: 0.356 sec.
@I [HLS-100] Command "source /home/ubuntu-admin/SharedFolder/EIT_Studies/TUB_Docs/Sem2/EmbProj/GitHub/AEP/HLS/ZS_BRAM_F_V1/solution1/.autopilot/db/global.setting.tcl "
@I [HLS-100] Command 'ap_source' returned 0; elapsed 0.000114Total elapsed time: 0.357 sec.
@I [HLS-100] Command "source /opt/Xilinx/Vivado_HLS/2015.4/common/technology/xilinx/zynq/zynq.gen "
@I [HLS-100] Command "source /opt/Xilinx/Vivado_HLS/2015.4/common/technology/xilinx/common/virtex.gen "
@I [HLS-100] Command "source /opt/Xilinx/Vivado_HLS/2015.4/common/technology/xilinx/common/xilinx.gen "
@I [HLS-100] Command "source /opt/Xilinx/Vivado_HLS/2015.4/common/technology/xilinx/interface/plb46.gen "
@I [HLS-100] Command 'ap_source' returned 0; elapsed 0.000868Total elapsed time: 0.358 sec.
@I [HLS-100] Command "source /opt/Xilinx/Vivado_HLS/2015.4/common/technology/xilinx/interface/fsl.gen "
@I [HLS-100] Command 'ap_source' returned 0; elapsed 0.00033Total elapsed time: 0.358 sec.
@I [HLS-100] Command "source /opt/Xilinx/Vivado_HLS/2015.4/common/technology/xilinx/interface/axi4.gen "
@I [HLS-100] Command 'ap_source' returned 0; elapsed 0.001674Total elapsed time: 0.360 sec.
@I [HLS-100] Command "source /opt/Xilinx/Vivado_HLS/2015.4/common/technology/xilinx/interface/nativeAXI4.gen "
@I [HLS-100] Command "source /opt/Xilinx/Vivado_HLS/2015.4/common/technology/xilinx/interface/saxilite.gen "
@I [HLS-100] Command 'ap_source' returned 0; elapsed 0.002741Total elapsed time: 0.363 sec.
@I [HLS-100] Command "source /opt/Xilinx/Vivado_HLS/2015.4/common/technology/xilinx/interface/maxi.gen "
@I [HLS-100] Command 'ap_source' returned 0; elapsed 0.005228Total elapsed time: 0.368 sec.
@I [HLS-100] Command 'ap_source' returned 0; elapsed 0.008101Total elapsed time: 0.368 sec.
@I [HLS-100] Command "source /opt/Xilinx/Vivado_HLS/2015.4/common/technology/xilinx/scripts/xilinxcoregen.gen "
@I [HLS-100] Command 'ap_source' returned 0; elapsed 0.00648Total elapsed time: 0.375 sec.
@I [HLS-100] Command "source /opt/Xilinx/Vivado_HLS/2015.4/common/technology/xilinx/interface/XilEDKCoreGen.gen "
@I [HLS-100] Command 'ap_source' returned 0; elapsed 0.006371Total elapsed time: 0.381 sec.
@I [HLS-100] Command "source /opt/Xilinx/Vivado_HLS/2015.4/common/technology/xilinx/ip/util.gen "
@I [HLS-100] Command 'ap_source' returned 0; elapsed 9.9e-05Total elapsed time: 0.381 sec.
@I [HLS-100] Command "source /opt/Xilinx/Vivado_HLS/2015.4/common/technology/xilinx/ip/xfir.gen "
@I [HLS-100] Command 'ap_source' returned 0; elapsed 0.023103Total elapsed time: 0.404 sec.
@I [HLS-100] Command "source /opt/Xilinx/Vivado_HLS/2015.4/common/technology/xilinx/ip/dds_compiler.gen "
@I [HLS-100] Command 'ap_source' returned 0; elapsed 0.002564Total elapsed time: 0.407 sec.
@I [HLS-100] Command "source /opt/Xilinx/Vivado_HLS/2015.4/common/technology/xilinx/ip/xfft.gen "
@I [HLS-100] Command 'ap_source' returned 0; elapsed 0.077149Total elapsed time: 0.484 sec.
@I [HLS-100] Command 'ap_source' returned 0; elapsed 0.127281Total elapsed time: 0.484 sec.
@I [HLS-100] Command "source /opt/Xilinx/Vivado_HLS/2015.4/common/technology/xilinx/common/dsp48.gen "
@I [HLS-100] Command 'ap_source' returned 0; elapsed 0.000121Total elapsed time: 0.486 sec.
@I [HLS-100] Command 'ap_source' returned 0; elapsed 0.129087Total elapsed time: 0.486 sec.
@I [HLS-100] Command 'ap_source' returned 0; elapsed 0.129163Total elapsed time: 0.486 sec.
@I [HLS-100] Command "source /opt/Xilinx/Vivado_HLS/2015.4/common/technology/xilinx/zynq/zynq_fpv6.gen "
@I [HLS-100] Command "source /opt/Xilinx/Vivado_HLS/2015.4/common/technology/xilinx/common/xilinx_fpv6.gen "
@I [HLS-100] Command 'ap_source' returned 0; elapsed 0.001221Total elapsed time: 0.487 sec.
@I [HLS-100] Command 'ap_source' returned 0; elapsed 0.001293Total elapsed time: 0.487 sec.
@I [HLS-100] Command "source /home/ubuntu-admin/SharedFolder/EIT_Studies/TUB_Docs/Sem2/EmbProj/GitHub/AEP/HLS/ZS_BRAM_F_V1/solution1/.autopilot/db/global.setting.tcl "
@I [HLS-100] Command 'ap_source' returned 0; elapsed 0.000127Total elapsed time: 0.488 sec.
@I [IMPL-8] Exporting RTL as an IP in IP-XACT.
@I [HLS-100] Command "source /home/ubuntu-admin/SharedFolder/EIT_Studies/TUB_Docs/Sem2/EmbProj/GitHub/AEP/HLS/ZS_BRAM_F_V1/solution1/.autopilot/db/global.setting.tcl "
@I [HLS-100] Command 'ap_source' returned 0; elapsed 0.000218Total elapsed time: 0.489 sec.
@I [HLS-100] Command "source /home/ubuntu-admin/SharedFolder/EIT_Studies/TUB_Docs/Sem2/EmbProj/GitHub/AEP/HLS/ZS_BRAM_F_V1/solution1/.autopilot/db/global.setting.tcl "
@I [HLS-100] Command 'ap_source' returned 0; elapsed 0.000121Total elapsed time: 0.492 sec.
@I [HLS-100] Command "source /opt/Xilinx/Vivado_HLS/2015.4/common/technology/generic/autopilot/common.gen "
@I [HLS-100] Command "source /opt/Xilinx/Vivado_HLS/2015.4/common/technology/generic/autopilot/APCoreGen.gen "
@I [HLS-100] Command 'ap_source' returned 0; elapsed 0.000364Total elapsed time: 0.493 sec.
@I [HLS-100] Command 'ap_source' returned 0; elapsed 0.000786Total elapsed time: 0.493 sec.
@I [HLS-100] Command "source /opt/Xilinx/Vivado_HLS/2015.4/common/technology/generic/autopilot/op.gen "
@I [HLS-100] Command 'ap_source' returned 0; elapsed 0.000204Total elapsed time: 0.494 sec.
@I [HLS-100] Command "source /opt/Xilinx/Vivado_HLS/2015.4/common/technology/generic/autopilot/op_simcore.gen "
@I [HLS-100] Command 'ap_source' returned 0; elapsed 0.000626Total elapsed time: 0.494 sec.
@I [HLS-100] Command "source /opt/Xilinx/Vivado_HLS/2015.4/common/technology/generic/autopilot/interface.gen "
@I [HLS-100] Command 'ap_source' returned 0; elapsed 4.8e-05Total elapsed time: 0.494 sec.
@I [HLS-100] Command "source /home/ubuntu-admin/SharedFolder/EIT_Studies/TUB_Docs/Sem2/EmbProj/GitHub/AEP/HLS/ZS_BRAM_F_V1/solution1/.autopilot/db/global.setting.tcl "
@I [HLS-100] Command 'ap_source' returned 0; elapsed 0.000116Total elapsed time: 0.495 sec.
@I [HLS-100] Command "source /opt/Xilinx/Vivado_HLS/2015.4/common/technology/xilinx/zynq/zynq.gen "
@I [HLS-100] Command "source /opt/Xilinx/Vivado_HLS/2015.4/common/technology/xilinx/common/virtex.gen "
@I [HLS-100] Command "source /opt/Xilinx/Vivado_HLS/2015.4/common/technology/xilinx/common/xilinx.gen "
@I [HLS-100] Command "source /opt/Xilinx/Vivado_HLS/2015.4/common/technology/xilinx/interface/plb46.gen "
@I [HLS-100] Command 'ap_source' returned 0; elapsed 0.000669Total elapsed time: 0.495 sec.
@I [HLS-100] Command "source /opt/Xilinx/Vivado_HLS/2015.4/common/technology/xilinx/interface/fsl.gen "
@I [HLS-100] Command 'ap_source' returned 0; elapsed 0.000307Total elapsed time: 0.496 sec.
@I [HLS-100] Command "source /opt/Xilinx/Vivado_HLS/2015.4/common/technology/xilinx/interface/axi4.gen "
@I [HLS-100] Command 'ap_source' returned 0; elapsed 0.001586Total elapsed time: 0.497 sec.
@I [HLS-100] Command "source /opt/Xilinx/Vivado_HLS/2015.4/common/technology/xilinx/interface/nativeAXI4.gen "
@I [HLS-100] Command "source /opt/Xilinx/Vivado_HLS/2015.4/common/technology/xilinx/interface/saxilite.gen "
@I [HLS-100] Command 'ap_source' returned 0; elapsed 0.003326Total elapsed time: 0.501 sec.
@I [HLS-100] Command "source /opt/Xilinx/Vivado_HLS/2015.4/common/technology/xilinx/interface/maxi.gen "
@I [HLS-100] Command 'ap_source' returned 0; elapsed 0.004946Total elapsed time: 0.506 sec.
@I [HLS-100] Command 'ap_source' returned 0; elapsed 0.008404Total elapsed time: 0.506 sec.
@I [HLS-100] Command "source /opt/Xilinx/Vivado_HLS/2015.4/common/technology/xilinx/scripts/xilinxcoregen.gen "
@I [HLS-100] Command 'ap_source' returned 0; elapsed 0.00643Total elapsed time: 0.512 sec.
@I [HLS-100] Command "source /opt/Xilinx/Vivado_HLS/2015.4/common/technology/xilinx/interface/XilEDKCoreGen.gen "
@I [HLS-100] Command 'ap_source' returned 0; elapsed 0.006162Total elapsed time: 0.519 sec.
@I [HLS-100] Command "source /opt/Xilinx/Vivado_HLS/2015.4/common/technology/xilinx/ip/util.gen "
@I [HLS-100] Command 'ap_source' returned 0; elapsed 0.0001Total elapsed time: 0.519 sec.
@I [HLS-100] Command "source /opt/Xilinx/Vivado_HLS/2015.4/common/technology/xilinx/ip/xfir.gen "
@I [HLS-100] Command 'ap_source' returned 0; elapsed 0.02404Total elapsed time: 0.543 sec.
@I [HLS-100] Command "source /opt/Xilinx/Vivado_HLS/2015.4/common/technology/xilinx/ip/dds_compiler.gen "
@I [HLS-100] Command 'ap_source' returned 0; elapsed 0.002629Total elapsed time: 0.546 sec.
@I [HLS-100] Command "source /opt/Xilinx/Vivado_HLS/2015.4/common/technology/xilinx/ip/xfft.gen "
@I [HLS-100] Command 'ap_source' returned 0; elapsed 0.075719Total elapsed time: 0.621 sec.
@I [HLS-100] Command 'ap_source' returned 0; elapsed 0.126535Total elapsed time: 0.621 sec.
@I [HLS-100] Command "source /opt/Xilinx/Vivado_HLS/2015.4/common/technology/xilinx/common/dsp48.gen "
@I [HLS-100] Command 'ap_source' returned 0; elapsed 0.000105Total elapsed time: 0.622 sec.
@I [HLS-100] Command 'ap_source' returned 0; elapsed 0.127835Total elapsed time: 0.622 sec.
@I [HLS-100] Command 'ap_source' returned 0; elapsed 0.127903Total elapsed time: 0.622 sec.
@I [HLS-100] Command "source /opt/Xilinx/Vivado_HLS/2015.4/common/technology/xilinx/zynq/zynq_fpv6.gen "
@I [HLS-100] Command "source /opt/Xilinx/Vivado_HLS/2015.4/common/technology/xilinx/common/xilinx_fpv6.gen "
@I [HLS-100] Command 'ap_source' returned 0; elapsed 0.001077Total elapsed time: 0.624 sec.
@I [HLS-100] Command 'ap_source' returned 0; elapsed 0.001143Total elapsed time: 0.624 sec.
@I [HLS-100] Command "source /home/ubuntu-admin/SharedFolder/EIT_Studies/TUB_Docs/Sem2/EmbProj/GitHub/AEP/HLS/ZS_BRAM_F_V1/solution1/.autopilot/db/global.setting.tcl "
@I [HLS-100] Command 'ap_source' returned 0; elapsed 0.000109Total elapsed time: 0.624 sec.
@I [HLS-100] Command "source /home/ubuntu-admin/SharedFolder/EIT_Studies/TUB_Docs/Sem2/EmbProj/GitHub/AEP/HLS/ZS_BRAM_F_V1/solution1/.autopilot/db/global.setting.tcl "
@I [HLS-100] Command 'ap_source' returned 0; elapsed 9.9e-05Total elapsed time: 0.624 sec.
@I [HLS-100] Command "source /home/ubuntu-admin/SharedFolder/EIT_Studies/TUB_Docs/Sem2/EmbProj/GitHub/AEP/HLS/ZS_BRAM_F_V1/solution1/.autopilot/db/zs_func.compgen.tcl "
@I [HLS-100] Command 'ap_source' returned 0; elapsed 9.8e-05Total elapsed time: 0.624 sec.
@I [HLS-100] Command "source /home/ubuntu-admin/SharedFolder/EIT_Studies/TUB_Docs/Sem2/EmbProj/GitHub/AEP/HLS/ZS_BRAM_F_V1/solution1/.autopilot/db/global.setting.tcl "
@I [HLS-100] Command 'ap_source' returned 0; elapsed 0.000117Total elapsed time: 0.626 sec.
@I [HLS-100] Command "source /home/ubuntu-admin/SharedFolder/EIT_Studies/TUB_Docs/Sem2/EmbProj/GitHub/AEP/HLS/ZS_BRAM_F_V1/solution1/.autopilot/db/global.setting.tcl "
@I [HLS-100] Command 'ap_source' returned 0; elapsed 0.00011Total elapsed time: 0.626 sec.
@I [HLS-100] Command "source /home/ubuntu-admin/SharedFolder/EIT_Studies/TUB_Docs/Sem2/EmbProj/GitHub/AEP/HLS/ZS_BRAM_F_V1/solution1/.autopilot/db/zs_func.compgen.tcl "
@I [HLS-100] Command "source /home/ubuntu-admin/SharedFolder/EIT_Studies/TUB_Docs/Sem2/EmbProj/GitHub/AEP/HLS/ZS_BRAM_F_V1/solution1/.autopilot/db/zs_func.rtl_wrap.cfg.tcl "
@I [HLS-100] Command 'ap_source' returned 0; elapsed 0.000133Total elapsed time: 0.627 sec.
@I [HLS-100] Command "source /home/ubuntu-admin/SharedFolder/EIT_Studies/TUB_Docs/Sem2/EmbProj/GitHub/AEP/HLS/ZS_BRAM_F_V1/solution1/.autopilot/db/zs_func.rtl_wrap.cfg.tcl "
@I [HLS-100] Command 'ap_source' returned 0; elapsed 0.000128Total elapsed time: 0.627 sec.
@I [HLS-100] Command "source /home/ubuntu-admin/SharedFolder/EIT_Studies/TUB_Docs/Sem2/EmbProj/GitHub/AEP/HLS/ZS_BRAM_F_V1/solution1/.autopilot/db/zs_func.rtl_wrap.cfg.tcl "
@I [HLS-100] Command 'ap_source' returned 0; elapsed 0.000134Total elapsed time: 0.628 sec.
@I [HLS-100] Command "source /home/ubuntu-admin/SharedFolder/EIT_Studies/TUB_Docs/Sem2/EmbProj/GitHub/AEP/HLS/ZS_BRAM_F_V1/solution1/.autopilot/db/zs_func.tbgen.tcl "
@I [HLS-100] Command 'ap_source' returned 0; elapsed 0.000114Total elapsed time: 0.628 sec.
@I [HLS-100] Command "source /home/ubuntu-admin/SharedFolder/EIT_Studies/TUB_Docs/Sem2/EmbProj/GitHub/AEP/HLS/ZS_BRAM_F_V1/solution1/.autopilot/db/zs_func.tbgen.tcl "
@I [HLS-100] Command 'ap_source' returned 0; elapsed 0.000115Total elapsed time: 0.628 sec.
@I [HLS-100] Command 'ap_source' returned 0; elapsed 0.030977Total elapsed time: 0.657 sec.
@I [HLS-100] Command "source /home/ubuntu-admin/SharedFolder/EIT_Studies/TUB_Docs/Sem2/EmbProj/GitHub/AEP/HLS/ZS_BRAM_F_V1/solution1/.autopilot/db/global.setting.tcl "
@I [HLS-100] Command 'ap_source' returned 0; elapsed 0.000108Total elapsed time: 0.661 sec.
@I [HLS-100] Command "source /home/ubuntu-admin/SharedFolder/EIT_Studies/TUB_Docs/Sem2/EmbProj/GitHub/AEP/HLS/ZS_BRAM_F_V1/solution1/.autopilot/db/global.setting.tcl "
@I [HLS-100] Command 'ap_source' returned 0; elapsed 9.3e-05Total elapsed time: 0.662 sec.
@I [HLS-100] Command "source /home/ubuntu-admin/SharedFolder/EIT_Studies/TUB_Docs/Sem2/EmbProj/GitHub/AEP/HLS/ZS_BRAM_F_V1/solution1/.autopilot/db/zs_func.compgen.tcl "
@I [HLS-100] Command 'ap_source' returned 0; elapsed 8.3e-05Total elapsed time: 0.662 sec.
@I [HLS-100] Command "source /home/ubuntu-admin/SharedFolder/EIT_Studies/TUB_Docs/Sem2/EmbProj/GitHub/AEP/HLS/ZS_BRAM_F_V1/solution1/.autopilot/db/global.setting.tcl "
@I [HLS-100] Command 'ap_source' returned 0; elapsed 0.000111Total elapsed time: 0.683 sec.
@I [HLS-100] Command "source /home/ubuntu-admin/SharedFolder/EIT_Studies/TUB_Docs/Sem2/EmbProj/GitHub/AEP/HLS/ZS_BRAM_F_V1/solution1/.autopilot/db/zs_func.constraint.tcl "
@I [HLS-100] Command 'ap_source' returned 0; elapsed 5.2e-05Total elapsed time: 0.683 sec.
@I [HLS-100] Command "source /home/ubuntu-admin/SharedFolder/EIT_Studies/TUB_Docs/Sem2/EmbProj/GitHub/AEP/HLS/ZS_BRAM_F_V1/solution1/.autopilot/db/zs_func.rtl_wrap.cfg.tcl "
@I [HLS-100] Command 'ap_source' returned 0; elapsed 0.000152Total elapsed time: 0.690 sec.
@I [HLS-100] Command "source /home/ubuntu-admin/SharedFolder/EIT_Studies/TUB_Docs/Sem2/EmbProj/GitHub/AEP/HLS/ZS_BRAM_F_V1/solution1/.autopilot/db/zs_func.rtl_wrap.cfg.tcl "
@I [HLS-100] Command 'ap_source' returned 0; elapsed 0.00012Total elapsed time: 0.690 sec.
@I [HLS-100] Command "source /home/ubuntu-admin/SharedFolder/EIT_Studies/TUB_Docs/Sem2/EmbProj/GitHub/AEP/HLS/ZS_BRAM_F_V1/solution1/.autopilot/db/zs_func.rtl_wrap.cfg.tcl "
@I [HLS-100] Command 'ap_source' returned 0; elapsed 0.000119Total elapsed time: 0.691 sec.
@I [HLS-100] Command "source /home/ubuntu-admin/SharedFolder/EIT_Studies/TUB_Docs/Sem2/EmbProj/GitHub/AEP/HLS/ZS_BRAM_F_V1/solution1/.autopilot/db/zs_func.tbgen.tcl "
@I [HLS-100] Command 'ap_source' returned 0; elapsed 0.000121Total elapsed time: 0.691 sec.
@I [HLS-100] Command "source /home/ubuntu-admin/SharedFolder/EIT_Studies/TUB_Docs/Sem2/EmbProj/GitHub/AEP/HLS/ZS_BRAM_F_V1/solution1/.autopilot/db/zs_func.tbgen.tcl "
@I [HLS-100] Command 'ap_source' returned 0; elapsed 0.000108Total elapsed time: 0.691 sec.
@I [HLS-100] Command "source /home/ubuntu-admin/SharedFolder/EIT_Studies/TUB_Docs/Sem2/EmbProj/GitHub/AEP/HLS/ZS_BRAM_F_V1/solution1/.autopilot/db/zs_func.tbgen.tcl "
@I [HLS-100] Command 'ap_source' returned 0; elapsed 0.000128Total elapsed time: 0.716 sec.
@I [HLS-100] Command "source /home/ubuntu-admin/SharedFolder/EIT_Studies/TUB_Docs/Sem2/EmbProj/GitHub/AEP/HLS/ZS_BRAM_F_V1/solution1/.autopilot/db/zs_func.tbgen.tcl "
@I [HLS-100] Command 'ap_source' returned 0; elapsed 0.000123Total elapsed time: 0.717 sec.
@I [HLS-100] Command "source /home/ubuntu-admin/SharedFolder/EIT_Studies/TUB_Docs/Sem2/EmbProj/GitHub/AEP/HLS/ZS_BRAM_F_V1/solution1/.autopilot/db/global.setting.tcl "
@I [HLS-100] Command 'ap_source' returned 0; elapsed 0.000105Total elapsed time: 0.718 sec.
@I [HLS-100] Command "source /home/ubuntu-admin/SharedFolder/EIT_Studies/TUB_Docs/Sem2/EmbProj/GitHub/AEP/HLS/ZS_BRAM_F_V1/solution1/.autopilot/db/global.setting.tcl "
@I [HLS-100] Command 'ap_source' returned 0; elapsed 0.000112Total elapsed time: 0.728 sec.
@I [HLS-100] Command "source /home/ubuntu-admin/SharedFolder/EIT_Studies/TUB_Docs/Sem2/EmbProj/GitHub/AEP/HLS/ZS_BRAM_F_V1/solution1/.autopilot/db/global.setting.tcl "
@I [HLS-100] Command 'ap_source' returned 0; elapsed 0.000107Total elapsed time: 0.730 sec.
@I [HLS-100] Command "source /home/ubuntu-admin/SharedFolder/EIT_Studies/TUB_Docs/Sem2/EmbProj/GitHub/AEP/HLS/ZS_BRAM_F_V1/solution1/.autopilot/db/zs_func.rtl_wrap.cfg.tcl "
@I [HLS-100] Command 'ap_source' returned 0; elapsed 0.00013Total elapsed time: 0.731 sec.
@I [HLS-100] Command "source /home/ubuntu-admin/SharedFolder/EIT_Studies/TUB_Docs/Sem2/EmbProj/GitHub/AEP/HLS/ZS_BRAM_F_V1/solution1/.autopilot/db/zs_func.rtl_wrap.cfg.tcl "
@I [HLS-100] Command 'ap_source' returned 0; elapsed 0.000126Total elapsed time: 0.731 sec.
@I [HLS-100] Command "source /home/ubuntu-admin/SharedFolder/EIT_Studies/TUB_Docs/Sem2/EmbProj/GitHub/AEP/HLS/ZS_BRAM_F_V1/solution1/.autopilot/db/zs_func.tbgen.tcl "
@I [HLS-100] Command 'ap_source' returned 0; elapsed 0.000121Total elapsed time: 0.731 sec.
@I [HLS-100] Command "source /home/ubuntu-admin/SharedFolder/EIT_Studies/TUB_Docs/Sem2/EmbProj/GitHub/AEP/HLS/ZS_BRAM_F_V1/solution1/.autopilot/db/zs_func.tbgen.tcl "
@I [HLS-100] Command 'ap_source' returned 0; elapsed 0.000107Total elapsed time: 0.732 sec.
@I [HLS-100] Command "source /home/ubuntu-admin/SharedFolder/EIT_Studies/TUB_Docs/Sem2/EmbProj/GitHub/AEP/HLS/ZS_BRAM_F_V1/solution1/.autopilot/db/zs_func.rtl_wrap.cfg.tcl "
@I [HLS-100] Command 'ap_source' returned 0; elapsed 0.00014Total elapsed time: 0.755 sec.
@I [HLS-100] Command "source /home/ubuntu-admin/SharedFolder/EIT_Studies/TUB_Docs/Sem2/EmbProj/GitHub/AEP/HLS/ZS_BRAM_F_V1/solution1/.autopilot/db/zs_func.rtl_wrap.cfg.tcl "
@I [HLS-100] Command 'ap_source' returned 0; elapsed 0.000128Total elapsed time: 0.755 sec.
@I [HLS-100] Command "source /home/ubuntu-admin/SharedFolder/EIT_Studies/TUB_Docs/Sem2/EmbProj/GitHub/AEP/HLS/ZS_BRAM_F_V1/solution1/.autopilot/db/zs_func.tbgen.tcl "
@I [HLS-100] Command 'ap_source' returned 0; elapsed 0.000123Total elapsed time: 0.755 sec.
@I [HLS-100] Command "source /home/ubuntu-admin/SharedFolder/EIT_Studies/TUB_Docs/Sem2/EmbProj/GitHub/AEP/HLS/ZS_BRAM_F_V1/solution1/.autopilot/db/zs_func.tbgen.tcl "
@I [HLS-100] Command 'ap_source' returned 0; elapsed 0.000109Total elapsed time: 0.755 sec.
@I [HLS-100] Command "source /home/ubuntu-admin/SharedFolder/EIT_Studies/TUB_Docs/Sem2/EmbProj/GitHub/AEP/HLS/ZS_BRAM_F_V1/solution1/.autopilot/db/global.setting.tcl "
@I [HLS-100] Command 'ap_source' returned 0; elapsed 0.000149Total elapsed time: 0.776 sec.
@I [HLS-100] Command "source /home/ubuntu-admin/SharedFolder/EIT_Studies/TUB_Docs/Sem2/EmbProj/GitHub/AEP/HLS/ZS_BRAM_F_V1/solution1/.autopilot/db/zs_func.rtl_wrap.cfg.tcl "
@I [HLS-100] Command 'ap_source' returned 0; elapsed 0.000132Total elapsed time: 0.777 sec.
@I [HLS-100] Command "source /home/ubuntu-admin/SharedFolder/EIT_Studies/TUB_Docs/Sem2/EmbProj/GitHub/AEP/HLS/ZS_BRAM_F_V1/solution1/.autopilot/db/zs_func.rtl_wrap.cfg.tcl "
@I [HLS-100] Command 'ap_source' returned 0; elapsed 0.000125Total elapsed time: 0.777 sec.
@I [HLS-100] Command "source /home/ubuntu-admin/SharedFolder/EIT_Studies/TUB_Docs/Sem2/EmbProj/GitHub/AEP/HLS/ZS_BRAM_F_V1/solution1/.autopilot/db/zs_func.tbgen.tcl "
@I [HLS-100] Command 'ap_source' returned 0; elapsed 0.000123Total elapsed time: 0.778 sec.
@I [HLS-100] Command "source /home/ubuntu-admin/SharedFolder/EIT_Studies/TUB_Docs/Sem2/EmbProj/GitHub/AEP/HLS/ZS_BRAM_F_V1/solution1/.autopilot/db/zs_func.tbgen.tcl "
@I [HLS-100] Command 'ap_source' returned 0; elapsed 0.000116Total elapsed time: 0.778 sec.
@I [HLS-100] Command "source /home/ubuntu-admin/SharedFolder/EIT_Studies/TUB_Docs/Sem2/EmbProj/GitHub/AEP/HLS/ZS_BRAM_F_V1/solution1/.autopilot/db/global.setting.tcl "
@I [HLS-100] Command 'ap_source' returned 0; elapsed 0.000153Total elapsed time: 0.799 sec.
@I [HLS-100] Command "source /home/ubuntu-admin/SharedFolder/EIT_Studies/TUB_Docs/Sem2/EmbProj/GitHub/AEP/HLS/ZS_BRAM_F_V1/solution1/.autopilot/db/zs_func.constraint.tcl "
@I [HLS-100] Command 'ap_source' returned 0; elapsed 5e-05Total elapsed time: 0.800 sec.
@I [HLS-100] Command "source /home/ubuntu-admin/SharedFolder/EIT_Studies/TUB_Docs/Sem2/EmbProj/GitHub/AEP/HLS/ZS_BRAM_F_V1/solution1/.autopilot/db/global.setting.tcl "
@I [HLS-100] Command 'ap_source' returned 0; elapsed 0.000141Total elapsed time: 0.813 sec.
@I [HLS-100] Command "source /home/ubuntu-admin/SharedFolder/EIT_Studies/TUB_Docs/Sem2/EmbProj/GitHub/AEP/HLS/ZS_BRAM_F_V1/solution1/.autopilot/db/global.setting.tcl "
@I [HLS-100] Command 'ap_source' returned 0; elapsed 0.000104Total elapsed time: 0.823 sec.
@I [HLS-100] Command "source /home/ubuntu-admin/SharedFolder/EIT_Studies/TUB_Docs/Sem2/EmbProj/GitHub/AEP/HLS/ZS_BRAM_F_V1/solution1/.autopilot/db/zs_func.constraint.tcl "
@I [HLS-100] Command 'ap_source' returned 0; elapsed 4.5e-05Total elapsed time: 0.823 sec.
@I [HLS-100] Command "source /home/ubuntu-admin/SharedFolder/EIT_Studies/TUB_Docs/Sem2/EmbProj/GitHub/AEP/HLS/ZS_BRAM_F_V1/solution1/.autopilot/db/zs_func.constraint.tcl "
@I [HLS-100] Command 'ap_source' returned 0; elapsed 4.1e-05Total elapsed time: 0.823 sec.
@I [HLS-100] Command "source /opt/Xilinx/Vivado_HLS/2015.4/common/technology/generic/autopilot/common.gen "
@I [HLS-100] Command "source /opt/Xilinx/Vivado_HLS/2015.4/common/technology/generic/autopilot/APCoreGen.gen "
@I [HLS-100] Command 'ap_source' returned 0; elapsed 0.0004Total elapsed time: 0.827 sec.
@I [HLS-100] Command 'ap_source' returned 0; elapsed 0.000805Total elapsed time: 0.827 sec.
@I [HLS-100] Command "source /opt/Xilinx/Vivado_HLS/2015.4/common/technology/generic/autopilot/op.gen "
@I [HLS-100] Command 'ap_source' returned 0; elapsed 0.000207Total elapsed time: 0.828 sec.
@I [HLS-100] Command "source /opt/Xilinx/Vivado_HLS/2015.4/common/technology/generic/autopilot/op_simcore.gen "
@I [HLS-100] Command 'ap_source' returned 0; elapsed 0.000657Total elapsed time: 0.828 sec.
@I [HLS-100] Command "source /opt/Xilinx/Vivado_HLS/2015.4/common/technology/generic/autopilot/interface.gen "
@I [HLS-100] Command 'ap_source' returned 0; elapsed 0.000106Total elapsed time: 0.828 sec.
@I [HLS-100] Command "source /home/ubuntu-admin/SharedFolder/EIT_Studies/TUB_Docs/Sem2/EmbProj/GitHub/AEP/HLS/ZS_BRAM_F_V1/solution1/.autopilot/db/global.setting.tcl "
@I [HLS-100] Command 'ap_source' returned 0; elapsed 0.000126Total elapsed time: 0.829 sec.
@I [HLS-100] Command "source /opt/Xilinx/Vivado_HLS/2015.4/common/technology/xilinx/zynq/zynq.gen "
@I [HLS-100] Command "source /opt/Xilinx/Vivado_HLS/2015.4/common/technology/xilinx/common/virtex.gen "
@I [HLS-100] Command "source /opt/Xilinx/Vivado_HLS/2015.4/common/technology/xilinx/common/xilinx.gen "
@I [HLS-100] Command "source /opt/Xilinx/Vivado_HLS/2015.4/common/technology/xilinx/interface/plb46.gen "
@I [HLS-100] Command 'ap_source' returned 0; elapsed 0.000697Total elapsed time: 0.830 sec.
@I [HLS-100] Command "source /opt/Xilinx/Vivado_HLS/2015.4/common/technology/xilinx/interface/fsl.gen "
@I [HLS-100] Command 'ap_source' returned 0; elapsed 0.000321Total elapsed time: 0.830 sec.
@I [HLS-100] Command "source /opt/Xilinx/Vivado_HLS/2015.4/common/technology/xilinx/interface/axi4.gen "
@I [HLS-100] Command 'ap_source' returned 0; elapsed 0.001632Total elapsed time: 0.832 sec.
@I [HLS-100] Command "source /opt/Xilinx/Vivado_HLS/2015.4/common/technology/xilinx/interface/nativeAXI4.gen "
@I [HLS-100] Command "source /opt/Xilinx/Vivado_HLS/2015.4/common/technology/xilinx/interface/saxilite.gen "
@I [HLS-100] Command 'ap_source' returned 0; elapsed 0.002714Total elapsed time: 0.834 sec.
@I [HLS-100] Command "source /opt/Xilinx/Vivado_HLS/2015.4/common/technology/xilinx/interface/maxi.gen "
@I [HLS-100] Command 'ap_source' returned 0; elapsed 0.005281Total elapsed time: 0.840 sec.
@I [HLS-100] Command 'ap_source' returned 0; elapsed 0.008106Total elapsed time: 0.840 sec.
@I [HLS-100] Command "source /opt/Xilinx/Vivado_HLS/2015.4/common/technology/xilinx/scripts/xilinxcoregen.gen "
@I [HLS-100] Command 'ap_source' returned 0; elapsed 0.007073Total elapsed time: 0.847 sec.
@I [HLS-100] Command "source /opt/Xilinx/Vivado_HLS/2015.4/common/technology/xilinx/interface/XilEDKCoreGen.gen "
@I [HLS-100] Command 'ap_source' returned 0; elapsed 0.006642Total elapsed time: 0.854 sec.
@I [HLS-100] Command "source /opt/Xilinx/Vivado_HLS/2015.4/common/technology/xilinx/ip/util.gen "
@I [HLS-100] Command 'ap_source' returned 0; elapsed 0.000101Total elapsed time: 0.854 sec.
@I [HLS-100] Command "source /opt/Xilinx/Vivado_HLS/2015.4/common/technology/xilinx/ip/xfir.gen "
@I [HLS-100] Command 'ap_source' returned 0; elapsed 0.023827Total elapsed time: 0.878 sec.
@I [HLS-100] Command "source /opt/Xilinx/Vivado_HLS/2015.4/common/technology/xilinx/ip/dds_compiler.gen "
@I [HLS-100] Command 'ap_source' returned 0; elapsed 0.002628Total elapsed time: 0.880 sec.
@I [HLS-100] Command "source /opt/Xilinx/Vivado_HLS/2015.4/common/technology/xilinx/ip/xfft.gen "
@I [HLS-100] Command 'ap_source' returned 0; elapsed 0.076237Total elapsed time: 0.957 sec.
@I [HLS-100] Command 'ap_source' returned 0; elapsed 0.127799Total elapsed time: 0.957 sec.
@I [HLS-100] Command "source /opt/Xilinx/Vivado_HLS/2015.4/common/technology/xilinx/common/dsp48.gen "
@I [HLS-100] Command 'ap_source' returned 0; elapsed 0.000125Total elapsed time: 0.958 sec.
@I [HLS-100] Command 'ap_source' returned 0; elapsed 0.129129Total elapsed time: 0.958 sec.
@I [HLS-100] Command 'ap_source' returned 0; elapsed 0.129197Total elapsed time: 0.958 sec.
@I [HLS-100] Command "source /opt/Xilinx/Vivado_HLS/2015.4/common/technology/xilinx/zynq/zynq_fpv6.gen "
@I [HLS-100] Command "source /opt/Xilinx/Vivado_HLS/2015.4/common/technology/xilinx/common/xilinx_fpv6.gen "
@I [HLS-100] Command 'ap_source' returned 0; elapsed 0.00107Total elapsed time: 0.959 sec.
@I [HLS-100] Command 'ap_source' returned 0; elapsed 0.001138Total elapsed time: 0.959 sec.
@I [HLS-100] Command "source /home/ubuntu-admin/SharedFolder/EIT_Studies/TUB_Docs/Sem2/EmbProj/GitHub/AEP/HLS/ZS_BRAM_F_V1/solution1/.autopilot/db/global.setting.tcl "
@I [HLS-100] Command 'ap_source' returned 0; elapsed 0.000144Total elapsed time: 8.926 sec.
@I [HLS-100] Command "source /opt/Xilinx/Vivado_HLS/2015.4/common/technology/generic/autopilot/common.gen "
@I [HLS-100] Command "source /opt/Xilinx/Vivado_HLS/2015.4/common/technology/generic/autopilot/APCoreGen.gen "
@I [HLS-100] Command 'ap_source' returned 0; elapsed 0.000426Total elapsed time: 8.929 sec.
@I [HLS-100] Command 'ap_source' returned 0; elapsed 0.000878Total elapsed time: 8.930 sec.
@I [HLS-100] Command "source /opt/Xilinx/Vivado_HLS/2015.4/common/technology/generic/autopilot/op.gen "
@I [HLS-100] Command 'ap_source' returned 0; elapsed 0.000227Total elapsed time: 8.930 sec.
@I [HLS-100] Command "source /opt/Xilinx/Vivado_HLS/2015.4/common/technology/generic/autopilot/op_simcore.gen "
@I [HLS-100] Command 'ap_source' returned 0; elapsed 0.000724Total elapsed time: 8.931 sec.
@I [HLS-100] Command "source /opt/Xilinx/Vivado_HLS/2015.4/common/technology/generic/autopilot/interface.gen "
@I [HLS-100] Command 'ap_source' returned 0; elapsed 4.9e-05Total elapsed time: 8.931 sec.
@I [HLS-100] Command "source /home/ubuntu-admin/SharedFolder/EIT_Studies/TUB_Docs/Sem2/EmbProj/GitHub/AEP/HLS/ZS_BRAM_F_V1/solution1/.autopilot/db/global.setting.tcl "
@I [HLS-100] Command 'ap_source' returned 0; elapsed 0.00011Total elapsed time: 8.931 sec.
@I [HLS-100] Command "source /opt/Xilinx/Vivado_HLS/2015.4/common/technology/xilinx/zynq/zynq.gen "
@I [HLS-100] Command "source /opt/Xilinx/Vivado_HLS/2015.4/common/technology/xilinx/common/virtex.gen "
@I [HLS-100] Command "source /opt/Xilinx/Vivado_HLS/2015.4/common/technology/xilinx/common/xilinx.gen "
@I [HLS-100] Command "source /opt/Xilinx/Vivado_HLS/2015.4/common/technology/xilinx/interface/plb46.gen "
@I [HLS-100] Command 'ap_source' returned 0; elapsed 0.00079Total elapsed time: 8.932 sec.
@I [HLS-100] Command "source /opt/Xilinx/Vivado_HLS/2015.4/common/technology/xilinx/interface/fsl.gen "
@I [HLS-100] Command 'ap_source' returned 0; elapsed 0.000341Total elapsed time: 8.932 sec.
@I [HLS-100] Command "source /opt/Xilinx/Vivado_HLS/2015.4/common/technology/xilinx/interface/axi4.gen "
@I [HLS-100] Command 'ap_source' returned 0; elapsed 0.001778Total elapsed time: 8.934 sec.
@I [HLS-100] Command "source /opt/Xilinx/Vivado_HLS/2015.4/common/technology/xilinx/interface/nativeAXI4.gen "
@I [HLS-100] Command "source /opt/Xilinx/Vivado_HLS/2015.4/common/technology/xilinx/interface/saxilite.gen "
@I [HLS-100] Command 'ap_source' returned 0; elapsed 0.002875Total elapsed time: 8.937 sec.
@I [HLS-100] Command "source /opt/Xilinx/Vivado_HLS/2015.4/common/technology/xilinx/interface/maxi.gen "
@I [HLS-100] Command 'ap_source' returned 0; elapsed 0.005137Total elapsed time: 8.942 sec.
@I [HLS-100] Command 'ap_source' returned 0; elapsed 0.008123Total elapsed time: 8.942 sec.
@I [HLS-100] Command "source /opt/Xilinx/Vivado_HLS/2015.4/common/technology/xilinx/scripts/xilinxcoregen.gen "
@I [HLS-100] Command 'ap_source' returned 0; elapsed 0.007114Total elapsed time: 8.949 sec.
@I [HLS-100] Command "source /opt/Xilinx/Vivado_HLS/2015.4/common/technology/xilinx/interface/XilEDKCoreGen.gen "
@I [HLS-100] Command 'ap_source' returned 0; elapsed 0.006225Total elapsed time: 8.956 sec.
@I [HLS-100] Command "source /opt/Xilinx/Vivado_HLS/2015.4/common/technology/xilinx/ip/util.gen "
@I [HLS-100] Command 'ap_source' returned 0; elapsed 0.000115Total elapsed time: 8.956 sec.
@I [HLS-100] Command "source /opt/Xilinx/Vivado_HLS/2015.4/common/technology/xilinx/ip/xfir.gen "
@I [HLS-100] Command 'ap_source' returned 0; elapsed 0.024378Total elapsed time: 8.980 sec.
@I [HLS-100] Command "source /opt/Xilinx/Vivado_HLS/2015.4/common/technology/xilinx/ip/dds_compiler.gen "
@I [HLS-100] Command 'ap_source' returned 0; elapsed 0.002836Total elapsed time: 8.983 sec.
@I [HLS-100] Command "source /opt/Xilinx/Vivado_HLS/2015.4/common/technology/xilinx/ip/xfft.gen "
@I [HLS-100] Command 'ap_source' returned 0; elapsed 0.079076Total elapsed time: 9.62 sec.
@I [HLS-100] Command 'ap_source' returned 0; elapsed 0.131291Total elapsed time: 9.62 sec.
@I [HLS-100] Command "source /opt/Xilinx/Vivado_HLS/2015.4/common/technology/xilinx/common/dsp48.gen "
@I [HLS-100] Command 'ap_source' returned 0; elapsed 0.000124Total elapsed time: 9.63 sec.
@I [HLS-100] Command 'ap_source' returned 0; elapsed 0.132641Total elapsed time: 9.64 sec.
@I [HLS-100] Command 'ap_source' returned 0; elapsed 0.132709Total elapsed time: 9.64 sec.
@I [HLS-100] Command "source /opt/Xilinx/Vivado_HLS/2015.4/common/technology/xilinx/zynq/zynq_fpv6.gen "
@I [HLS-100] Command "source /opt/Xilinx/Vivado_HLS/2015.4/common/technology/xilinx/common/xilinx_fpv6.gen "
@I [HLS-100] Command 'ap_source' returned 0; elapsed 0.001173Total elapsed time: 9.65 sec.
@I [HLS-100] Command 'ap_source' returned 0; elapsed 0.001243Total elapsed time: 9.65 sec.
@I [HLS-100] Command "source /home/ubuntu-admin/SharedFolder/EIT_Studies/TUB_Docs/Sem2/EmbProj/GitHub/AEP/HLS/ZS_BRAM_F_V1/solution1/.autopilot/db/global.setting.tcl "
@I [HLS-100] Command 'ap_source' returned 0; elapsed 0.000122Total elapsed time: 9.65 sec.
@I [HLS-100] Command "source /home/ubuntu-admin/SharedFolder/EIT_Studies/TUB_Docs/Sem2/EmbProj/GitHub/AEP/HLS/ZS_BRAM_F_V1/solution1/.autopilot/db/global.setting.tcl "
@I [HLS-100] Command 'ap_source' returned 0; elapsed 0.000137Total elapsed time: 9.66 sec.
@I [HLS-100] Command "source /home/ubuntu-admin/SharedFolder/EIT_Studies/TUB_Docs/Sem2/EmbProj/GitHub/AEP/HLS/ZS_BRAM_F_V1/solution1/.autopilot/db/global.setting.tcl "
@I [HLS-100] Command 'ap_source' returned 0; elapsed 0.000117Total elapsed time: 9.67 sec.
@I [HLS-100] Command "source /opt/Xilinx/Vivado_HLS/2015.4/common/technology/generic/autopilot/common.gen "
@I [HLS-100] Command "source /opt/Xilinx/Vivado_HLS/2015.4/common/technology/generic/autopilot/APCoreGen.gen "
@I [HLS-100] Command 'ap_source' returned 0; elapsed 0.000364Total elapsed time: 9.68 sec.
@I [HLS-100] Command 'ap_source' returned 0; elapsed 0.000752Total elapsed time: 9.68 sec.
@I [HLS-100] Command "source /opt/Xilinx/Vivado_HLS/2015.4/common/technology/generic/autopilot/op.gen "
@I [HLS-100] Command 'ap_source' returned 0; elapsed 0.000248Total elapsed time: 9.69 sec.
@I [HLS-100] Command "source /opt/Xilinx/Vivado_HLS/2015.4/common/technology/generic/autopilot/op_simcore.gen "
@I [HLS-100] Command 'ap_source' returned 0; elapsed 0.000648Total elapsed time: 9.69 sec.
@I [HLS-100] Command "source /opt/Xilinx/Vivado_HLS/2015.4/common/technology/generic/autopilot/interface.gen "
@I [HLS-100] Command 'ap_source' returned 0; elapsed 4.9e-05Total elapsed time: 9.69 sec.
@I [HLS-100] Command "source /home/ubuntu-admin/SharedFolder/EIT_Studies/TUB_Docs/Sem2/EmbProj/GitHub/AEP/HLS/ZS_BRAM_F_V1/solution1/.autopilot/db/global.setting.tcl "
@I [HLS-100] Command 'ap_source' returned 0; elapsed 0.000107Total elapsed time: 9.70 sec.
@I [HLS-100] Command "source /opt/Xilinx/Vivado_HLS/2015.4/common/technology/xilinx/zynq/zynq.gen "
@I [HLS-100] Command "source /opt/Xilinx/Vivado_HLS/2015.4/common/technology/xilinx/common/virtex.gen "
@I [HLS-100] Command "source /opt/Xilinx/Vivado_HLS/2015.4/common/technology/xilinx/common/xilinx.gen "
@I [HLS-100] Command "source /opt/Xilinx/Vivado_HLS/2015.4/common/technology/xilinx/interface/plb46.gen "
@I [HLS-100] Command 'ap_source' returned 0; elapsed 0.000742Total elapsed time: 9.71 sec.
@I [HLS-100] Command "source /opt/Xilinx/Vivado_HLS/2015.4/common/technology/xilinx/interface/fsl.gen "
@I [HLS-100] Command 'ap_source' returned 0; elapsed 0.000332Total elapsed time: 9.71 sec.
@I [HLS-100] Command "source /opt/Xilinx/Vivado_HLS/2015.4/common/technology/xilinx/interface/axi4.gen "
@I [HLS-100] Command 'ap_source' returned 0; elapsed 0.001566Total elapsed time: 9.73 sec.
@I [HLS-100] Command "source /opt/Xilinx/Vivado_HLS/2015.4/common/technology/xilinx/interface/nativeAXI4.gen "
@I [HLS-100] Command "source /opt/Xilinx/Vivado_HLS/2015.4/common/technology/xilinx/interface/saxilite.gen "
@I [HLS-100] Command 'ap_source' returned 0; elapsed 0.002598Total elapsed time: 9.75 sec.
@I [HLS-100] Command "source /opt/Xilinx/Vivado_HLS/2015.4/common/technology/xilinx/interface/maxi.gen "
@I [HLS-100] Command 'ap_source' returned 0; elapsed 0.004899Total elapsed time: 9.80 sec.
@I [HLS-100] Command 'ap_source' returned 0; elapsed 0.007619Total elapsed time: 9.80 sec.
@I [HLS-100] Command "source /opt/Xilinx/Vivado_HLS/2015.4/common/technology/xilinx/scripts/xilinxcoregen.gen "
@I [HLS-100] Command 'ap_source' returned 0; elapsed 0.006769Total elapsed time: 9.87 sec.
@I [HLS-100] Command "source /opt/Xilinx/Vivado_HLS/2015.4/common/technology/xilinx/interface/XilEDKCoreGen.gen "
@I [HLS-100] Command 'ap_source' returned 0; elapsed 0.006957Total elapsed time: 9.94 sec.
@I [HLS-100] Command "source /opt/Xilinx/Vivado_HLS/2015.4/common/technology/xilinx/ip/util.gen "
@I [HLS-100] Command 'ap_source' returned 0; elapsed 0.000105Total elapsed time: 9.94 sec.
@I [HLS-100] Command "source /opt/Xilinx/Vivado_HLS/2015.4/common/technology/xilinx/ip/xfir.gen "
@I [HLS-100] Command 'ap_source' returned 0; elapsed 0.024104Total elapsed time: 9.118 sec.
@I [HLS-100] Command "source /opt/Xilinx/Vivado_HLS/2015.4/common/technology/xilinx/ip/dds_compiler.gen "
@I [HLS-100] Command 'ap_source' returned 0; elapsed 0.002699Total elapsed time: 9.121 sec.
@I [HLS-100] Command "source /opt/Xilinx/Vivado_HLS/2015.4/common/technology/xilinx/ip/xfft.gen "
@I [HLS-100] Command 'ap_source' returned 0; elapsed 0.074444Total elapsed time: 9.196 sec.
@I [HLS-100] Command 'ap_source' returned 0; elapsed 0.125857Total elapsed time: 9.196 sec.
@I [HLS-100] Command "source /opt/Xilinx/Vivado_HLS/2015.4/common/technology/xilinx/common/dsp48.gen "
@I [HLS-100] Command 'ap_source' returned 0; elapsed 0.000167Total elapsed time: 9.197 sec.
@I [HLS-100] Command 'ap_source' returned 0; elapsed 0.127325Total elapsed time: 9.197 sec.
@I [HLS-100] Command 'ap_source' returned 0; elapsed 0.127439Total elapsed time: 9.197 sec.
@I [HLS-100] Command "source /opt/Xilinx/Vivado_HLS/2015.4/common/technology/xilinx/zynq/zynq_fpv6.gen "
@I [HLS-100] Command "source /opt/Xilinx/Vivado_HLS/2015.4/common/technology/xilinx/common/xilinx_fpv6.gen "
@I [HLS-100] Command 'ap_source' returned 0; elapsed 0.001168Total elapsed time: 9.198 sec.
@I [HLS-100] Command 'ap_source' returned 0; elapsed 0.001243Total elapsed time: 9.198 sec.
@I [HLS-100] Command "source /home/ubuntu-admin/SharedFolder/EIT_Studies/TUB_Docs/Sem2/EmbProj/GitHub/AEP/HLS/ZS_BRAM_F_V1/solution1/.autopilot/db/global.setting.tcl "
@I [HLS-100] Command 'ap_source' returned 0; elapsed 0.00012Total elapsed time: 9.199 sec.
@I [HLS-100] Command "source /home/ubuntu-admin/SharedFolder/EIT_Studies/TUB_Docs/Sem2/EmbProj/GitHub/AEP/HLS/ZS_BRAM_F_V1/solution1/.autopilot/db/global.setting.tcl "
@I [HLS-100] Command 'ap_source' returned 0; elapsed 9.4e-05Total elapsed time: 9.199 sec.
@I [HLS-100] Command "source /home/ubuntu-admin/SharedFolder/EIT_Studies/TUB_Docs/Sem2/EmbProj/GitHub/AEP/HLS/ZS_BRAM_F_V1/solution1/.autopilot/db/zs_func.compgen.tcl "
@I [HLS-100] Command 'ap_source' returned 0; elapsed 8.6e-05Total elapsed time: 9.199 sec.
@I [HLS-100] Command "source /home/ubuntu-admin/SharedFolder/EIT_Studies/TUB_Docs/Sem2/EmbProj/GitHub/AEP/HLS/ZS_BRAM_F_V1/solution1/.autopilot/db/global.setting.tcl "
@I [HLS-100] Command 'ap_source' returned 0; elapsed 0.000118Total elapsed time: 9.218 sec.
@I [HLS-100] Command "source /home/ubuntu-admin/SharedFolder/EIT_Studies/TUB_Docs/Sem2/EmbProj/GitHub/AEP/HLS/ZS_BRAM_F_V1/solution1/.autopilot/db/zs_func.constraint.tcl "
@I [HLS-100] Command 'ap_source' returned 0; elapsed 4.5e-05Total elapsed time: 9.218 sec.
@I [HLS-100] Command "source /opt/Xilinx/Vivado_HLS/2015.4/common/technology/generic/autopilot/common.gen "
@I [HLS-100] Command "source /opt/Xilinx/Vivado_HLS/2015.4/common/technology/generic/autopilot/APCoreGen.gen "
@I [HLS-100] Command 'ap_source' returned 0; elapsed 0.000448Total elapsed time: 9.220 sec.
@I [HLS-100] Command 'ap_source' returned 0; elapsed 0.000872Total elapsed time: 9.221 sec.
@I [HLS-100] Command "source /opt/Xilinx/Vivado_HLS/2015.4/common/technology/generic/autopilot/op.gen "
@I [HLS-100] Command 'ap_source' returned 0; elapsed 0.000211Total elapsed time: 9.221 sec.
@I [HLS-100] Command "source /opt/Xilinx/Vivado_HLS/2015.4/common/technology/generic/autopilot/op_simcore.gen "
@I [HLS-100] Command 'ap_source' returned 0; elapsed 0.000642Total elapsed time: 9.222 sec.
@I [HLS-100] Command "source /opt/Xilinx/Vivado_HLS/2015.4/common/technology/generic/autopilot/interface.gen "
@I [HLS-100] Command 'ap_source' returned 0; elapsed 4.7e-05Total elapsed time: 9.222 sec.
@I [HLS-100] Command "source /home/ubuntu-admin/SharedFolder/EIT_Studies/TUB_Docs/Sem2/EmbProj/GitHub/AEP/HLS/ZS_BRAM_F_V1/solution1/.autopilot/db/global.setting.tcl "
@I [HLS-100] Command 'ap_source' returned 0; elapsed 0.000111Total elapsed time: 9.222 sec.
@I [HLS-100] Command "source /opt/Xilinx/Vivado_HLS/2015.4/common/technology/xilinx/zynq/zynq.gen "
@I [HLS-100] Command "source /opt/Xilinx/Vivado_HLS/2015.4/common/technology/xilinx/common/virtex.gen "
@I [HLS-100] Command "source /opt/Xilinx/Vivado_HLS/2015.4/common/technology/xilinx/common/xilinx.gen "
@I [HLS-100] Command "source /opt/Xilinx/Vivado_HLS/2015.4/common/technology/xilinx/interface/plb46.gen "
@I [HLS-100] Command 'ap_source' returned 0; elapsed 0.000708Total elapsed time: 9.223 sec.
@I [HLS-100] Command "source /opt/Xilinx/Vivado_HLS/2015.4/common/technology/xilinx/interface/fsl.gen "
@I [HLS-100] Command 'ap_source' returned 0; elapsed 0.000317Total elapsed time: 9.223 sec.
@I [HLS-100] Command "source /opt/Xilinx/Vivado_HLS/2015.4/common/technology/xilinx/interface/axi4.gen "
@I [HLS-100] Command 'ap_source' returned 0; elapsed 0.001574Total elapsed time: 9.225 sec.
@I [HLS-100] Command "source /opt/Xilinx/Vivado_HLS/2015.4/common/technology/xilinx/interface/nativeAXI4.gen "
@I [HLS-100] Command "source /opt/Xilinx/Vivado_HLS/2015.4/common/technology/xilinx/interface/saxilite.gen "
@I [HLS-100] Command 'ap_source' returned 0; elapsed 0.002652Total elapsed time: 9.228 sec.
@I [HLS-100] Command "source /opt/Xilinx/Vivado_HLS/2015.4/common/technology/xilinx/interface/maxi.gen "
@I [HLS-100] Command 'ap_source' returned 0; elapsed 0.00493Total elapsed time: 9.233 sec.
@I [HLS-100] Command 'ap_source' returned 0; elapsed 0.007684Total elapsed time: 9.233 sec.
@I [HLS-100] Command "source /opt/Xilinx/Vivado_HLS/2015.4/common/technology/xilinx/scripts/xilinxcoregen.gen "
@I [HLS-100] Command 'ap_source' returned 0; elapsed 0.006584Total elapsed time: 9.239 sec.
@I [HLS-100] Command "source /opt/Xilinx/Vivado_HLS/2015.4/common/technology/xilinx/interface/XilEDKCoreGen.gen "
@I [HLS-100] Command 'ap_source' returned 0; elapsed 0.006406Total elapsed time: 9.246 sec.
@I [HLS-100] Command "source /opt/Xilinx/Vivado_HLS/2015.4/common/technology/xilinx/ip/util.gen "
@I [HLS-100] Command 'ap_source' returned 0; elapsed 0.000105Total elapsed time: 9.246 sec.
@I [HLS-100] Command "source /opt/Xilinx/Vivado_HLS/2015.4/common/technology/xilinx/ip/xfir.gen "
@I [HLS-100] Command 'ap_source' returned 0; elapsed 0.023897Total elapsed time: 9.270 sec.
@I [HLS-100] Command "source /opt/Xilinx/Vivado_HLS/2015.4/common/technology/xilinx/ip/dds_compiler.gen "
@I [HLS-100] Command 'ap_source' returned 0; elapsed 0.00288Total elapsed time: 9.273 sec.
@I [HLS-100] Command "source /opt/Xilinx/Vivado_HLS/2015.4/common/technology/xilinx/ip/xfft.gen "
@I [HLS-100] Command 'ap_source' returned 0; elapsed 0.07609Total elapsed time: 9.349 sec.
@I [HLS-100] Command 'ap_source' returned 0; elapsed 0.126761Total elapsed time: 9.349 sec.
@I [HLS-100] Command "source /opt/Xilinx/Vivado_HLS/2015.4/common/technology/xilinx/common/dsp48.gen "
@I [HLS-100] Command 'ap_source' returned 0; elapsed 0.000106Total elapsed time: 9.350 sec.
@I [HLS-100] Command 'ap_source' returned 0; elapsed 0.128084Total elapsed time: 9.350 sec.
@I [HLS-100] Command 'ap_source' returned 0; elapsed 0.12815Total elapsed time: 9.350 sec.
@I [HLS-100] Command "source /opt/Xilinx/Vivado_HLS/2015.4/common/technology/xilinx/zynq/zynq_fpv6.gen "
@I [HLS-100] Command "source /opt/Xilinx/Vivado_HLS/2015.4/common/technology/xilinx/common/xilinx_fpv6.gen "
@I [HLS-100] Command 'ap_source' returned 0; elapsed 0.001087Total elapsed time: 9.351 sec.
@I [HLS-100] Command 'ap_source' returned 0; elapsed 0.001156Total elapsed time: 9.351 sec.
@I [HLS-100] Command "source /home/ubuntu-admin/SharedFolder/EIT_Studies/TUB_Docs/Sem2/EmbProj/GitHub/AEP/HLS/ZS_BRAM_F_V1/solution1/.autopilot/db/global.setting.tcl "
@I [HLS-100] Command 'ap_source' returned 0; elapsed 0.000134Total elapsed time: 9.357 sec.
@I [HLS-100] Command "source /home/ubuntu-admin/SharedFolder/EIT_Studies/TUB_Docs/Sem2/EmbProj/GitHub/AEP/HLS/ZS_BRAM_F_V1/solution1/.autopilot/db/global.setting.tcl "
@I [HLS-100] Command 'ap_source' returned 0; elapsed 0.000193Total elapsed time: 16.811 sec.
@I [HLS-100] Command "source /opt/Xilinx/Vivado_HLS/2015.4/common/technology/generic/autopilot/common.gen "
@I [HLS-100] Command "source /opt/Xilinx/Vivado_HLS/2015.4/common/technology/generic/autopilot/APCoreGen.gen "
@I [HLS-100] Command 'ap_source' returned 0; elapsed 0.000445Total elapsed time: 16.815 sec.
@I [HLS-100] Command 'ap_source' returned 0; elapsed 0.000888Total elapsed time: 16.815 sec.
@I [HLS-100] Command "source /opt/Xilinx/Vivado_HLS/2015.4/common/technology/generic/autopilot/op.gen "
@I [HLS-100] Command 'ap_source' returned 0; elapsed 0.000271Total elapsed time: 16.815 sec.
@I [HLS-100] Command "source /opt/Xilinx/Vivado_HLS/2015.4/common/technology/generic/autopilot/op_simcore.gen "
@I [HLS-100] Command 'ap_source' returned 0; elapsed 0.000721Total elapsed time: 16.816 sec.
@I [HLS-100] Command "source /opt/Xilinx/Vivado_HLS/2015.4/common/technology/generic/autopilot/interface.gen "
@I [HLS-100] Command 'ap_source' returned 0; elapsed 5e-05Total elapsed time: 16.816 sec.
@I [HLS-100] Command "source /home/ubuntu-admin/SharedFolder/EIT_Studies/TUB_Docs/Sem2/EmbProj/GitHub/AEP/HLS/ZS_BRAM_F_V1/solution1/.autopilot/db/global.setting.tcl "
@I [HLS-100] Command 'ap_source' returned 0; elapsed 0.000116Total elapsed time: 16.816 sec.
@I [HLS-100] Command "source /opt/Xilinx/Vivado_HLS/2015.4/common/technology/xilinx/zynq/zynq.gen "
@I [HLS-100] Command "source /opt/Xilinx/Vivado_HLS/2015.4/common/technology/xilinx/common/virtex.gen "
@I [HLS-100] Command "source /opt/Xilinx/Vivado_HLS/2015.4/common/technology/xilinx/common/xilinx.gen "
@I [HLS-100] Command "source /opt/Xilinx/Vivado_HLS/2015.4/common/technology/xilinx/interface/plb46.gen "
@I [HLS-100] Command 'ap_source' returned 0; elapsed 0.000793Total elapsed time: 16.817 sec.
@I [HLS-100] Command "source /opt/Xilinx/Vivado_HLS/2015.4/common/technology/xilinx/interface/fsl.gen "
@I [HLS-100] Command 'ap_source' returned 0; elapsed 0.000335Total elapsed time: 16.818 sec.
@I [HLS-100] Command "source /opt/Xilinx/Vivado_HLS/2015.4/common/technology/xilinx/interface/axi4.gen "
@I [HLS-100] Command 'ap_source' returned 0; elapsed 0.001735Total elapsed time: 16.820 sec.
@I [HLS-100] Command "source /opt/Xilinx/Vivado_HLS/2015.4/common/technology/xilinx/interface/nativeAXI4.gen "
@I [HLS-100] Command "source /opt/Xilinx/Vivado_HLS/2015.4/common/technology/xilinx/interface/saxilite.gen "
@I [HLS-100] Command 'ap_source' returned 0; elapsed 0.002789Total elapsed time: 16.822 sec.
@I [HLS-100] Command "source /opt/Xilinx/Vivado_HLS/2015.4/common/technology/xilinx/interface/maxi.gen "
@I [HLS-100] Command 'ap_source' returned 0; elapsed 0.00522Total elapsed time: 16.828 sec.
@I [HLS-100] Command 'ap_source' returned 0; elapsed 0.008131Total elapsed time: 16.828 sec.
@I [HLS-100] Command "source /opt/Xilinx/Vivado_HLS/2015.4/common/technology/xilinx/scripts/xilinxcoregen.gen "
@I [HLS-100] Command 'ap_source' returned 0; elapsed 0.007045Total elapsed time: 16.835 sec.
@I [HLS-100] Command "source /opt/Xilinx/Vivado_HLS/2015.4/common/technology/xilinx/interface/XilEDKCoreGen.gen "
@I [HLS-100] Command 'ap_source' returned 0; elapsed 0.007083Total elapsed time: 16.842 sec.
@I [HLS-100] Command "source /opt/Xilinx/Vivado_HLS/2015.4/common/technology/xilinx/ip/util.gen "
@I [HLS-100] Command 'ap_source' returned 0; elapsed 0.00011Total elapsed time: 16.842 sec.
@I [HLS-100] Command "source /opt/Xilinx/Vivado_HLS/2015.4/common/technology/xilinx/ip/xfir.gen "
@I [HLS-100] Command 'ap_source' returned 0; elapsed 0.024808Total elapsed time: 16.867 sec.
@I [HLS-100] Command "source /opt/Xilinx/Vivado_HLS/2015.4/common/technology/xilinx/ip/dds_compiler.gen "
@I [HLS-100] Command 'ap_source' returned 0; elapsed 0.00283Total elapsed time: 16.870 sec.
@I [HLS-100] Command "source /opt/Xilinx/Vivado_HLS/2015.4/common/technology/xilinx/ip/xfft.gen "
@I [HLS-100] Command 'ap_source' returned 0; elapsed 0.077299Total elapsed time: 16.947 sec.
@I [HLS-100] Command 'ap_source' returned 0; elapsed 0.130723Total elapsed time: 16.947 sec.
@I [HLS-100] Command "source /opt/Xilinx/Vivado_HLS/2015.4/common/technology/xilinx/common/dsp48.gen "
@I [HLS-100] Command 'ap_source' returned 0; elapsed 0.000114Total elapsed time: 16.949 sec.
@I [HLS-100] Command 'ap_source' returned 0; elapsed 0.132133Total elapsed time: 16.949 sec.
@I [HLS-100] Command 'ap_source' returned 0; elapsed 0.132254Total elapsed time: 16.949 sec.
@I [HLS-100] Command "source /opt/Xilinx/Vivado_HLS/2015.4/common/technology/xilinx/zynq/zynq_fpv6.gen "
@I [HLS-100] Command "source /opt/Xilinx/Vivado_HLS/2015.4/common/technology/xilinx/common/xilinx_fpv6.gen "
@I [HLS-100] Command 'ap_source' returned 0; elapsed 0.001141Total elapsed time: 16.950 sec.
@I [HLS-100] Command 'ap_source' returned 0; elapsed 0.001213Total elapsed time: 16.950 sec.
@I [HLS-100] Command "source /home/ubuntu-admin/SharedFolder/EIT_Studies/TUB_Docs/Sem2/EmbProj/GitHub/AEP/HLS/ZS_BRAM_F_V1/solution1/.autopilot/db/global.setting.tcl "
@I [HLS-100] Command 'ap_source' returned 0; elapsed 0.000126Total elapsed time: 16.950 sec.
@I [HLS-100] Command "source /home/ubuntu-admin/SharedFolder/EIT_Studies/TUB_Docs/Sem2/EmbProj/GitHub/AEP/HLS/ZS_BRAM_F_V1/solution1/.autopilot/db/global.setting.tcl "
@I [HLS-100] Command 'ap_source' returned 0; elapsed 0.000102Total elapsed time: 16.951 sec.
@I [HLS-100] Command "source /home/ubuntu-admin/SharedFolder/EIT_Studies/TUB_Docs/Sem2/EmbProj/GitHub/AEP/HLS/ZS_BRAM_F_V1/solution1/.autopilot/db/global.setting.tcl "
@I [HLS-100] Command 'ap_source' returned 0; elapsed 0.000117Total elapsed time: 16.952 sec.
@I [HLS-100] Command "source /opt/Xilinx/Vivado_HLS/2015.4/common/technology/generic/autopilot/common.gen "
@I [HLS-100] Command "source /opt/Xilinx/Vivado_HLS/2015.4/common/technology/generic/autopilot/APCoreGen.gen "
@I [HLS-100] Command 'ap_source' returned 0; elapsed 0.000365Total elapsed time: 16.953 sec.
@I [HLS-100] Command 'ap_source' returned 0; elapsed 0.000766Total elapsed time: 16.953 sec.
@I [HLS-100] Command "source /opt/Xilinx/Vivado_HLS/2015.4/common/technology/generic/autopilot/op.gen "
@I [HLS-100] Command 'ap_source' returned 0; elapsed 0.000205Total elapsed time: 16.953 sec.
@I [HLS-100] Command "source /opt/Xilinx/Vivado_HLS/2015.4/common/technology/generic/autopilot/op_simcore.gen "
@I [HLS-100] Command 'ap_source' returned 0; elapsed 0.000632Total elapsed time: 16.954 sec.
@I [HLS-100] Command "source /opt/Xilinx/Vivado_HLS/2015.4/common/technology/generic/autopilot/interface.gen "
@I [HLS-100] Command 'ap_source' returned 0; elapsed 4.8e-05Total elapsed time: 16.954 sec.
@I [HLS-100] Command "source /home/ubuntu-admin/SharedFolder/EIT_Studies/TUB_Docs/Sem2/EmbProj/GitHub/AEP/HLS/ZS_BRAM_F_V1/solution1/.autopilot/db/global.setting.tcl "
@I [HLS-100] Command 'ap_source' returned 0; elapsed 0.000108Total elapsed time: 16.954 sec.
@I [HLS-100] Command "source /opt/Xilinx/Vivado_HLS/2015.4/common/technology/xilinx/zynq/zynq.gen "
@I [HLS-100] Command "source /opt/Xilinx/Vivado_HLS/2015.4/common/technology/xilinx/common/virtex.gen "
@I [HLS-100] Command "source /opt/Xilinx/Vivado_HLS/2015.4/common/technology/xilinx/common/xilinx.gen "
@I [HLS-100] Command "source /opt/Xilinx/Vivado_HLS/2015.4/common/technology/xilinx/interface/plb46.gen "
@I [HLS-100] Command 'ap_source' returned 0; elapsed 0.000697Total elapsed time: 16.955 sec.
@I [HLS-100] Command "source /opt/Xilinx/Vivado_HLS/2015.4/common/technology/xilinx/interface/fsl.gen "
@I [HLS-100] Command 'ap_source' returned 0; elapsed 0.000319Total elapsed time: 16.956 sec.
@I [HLS-100] Command "source /opt/Xilinx/Vivado_HLS/2015.4/common/technology/xilinx/interface/axi4.gen "
@I [HLS-100] Command 'ap_source' returned 0; elapsed 0.00158Total elapsed time: 16.957 sec.
@I [HLS-100] Command "source /opt/Xilinx/Vivado_HLS/2015.4/common/technology/xilinx/interface/nativeAXI4.gen "
@I [HLS-100] Command "source /opt/Xilinx/Vivado_HLS/2015.4/common/technology/xilinx/interface/saxilite.gen "
@I [HLS-100] Command 'ap_source' returned 0; elapsed 0.002631Total elapsed time: 16.960 sec.
@I [HLS-100] Command "source /opt/Xilinx/Vivado_HLS/2015.4/common/technology/xilinx/interface/maxi.gen "
@I [HLS-100] Command 'ap_source' returned 0; elapsed 0.005253Total elapsed time: 16.965 sec.
@I [HLS-100] Command 'ap_source' returned 0; elapsed 0.007993Total elapsed time: 16.965 sec.
@I [HLS-100] Command "source /opt/Xilinx/Vivado_HLS/2015.4/common/technology/xilinx/scripts/xilinxcoregen.gen "
@I [HLS-100] Command 'ap_source' returned 0; elapsed 0.006657Total elapsed time: 16.972 sec.
@I [HLS-100] Command "source /opt/Xilinx/Vivado_HLS/2015.4/common/technology/xilinx/interface/XilEDKCoreGen.gen "
@I [HLS-100] Command 'ap_source' returned 0; elapsed 0.006312Total elapsed time: 16.978 sec.
@I [HLS-100] Command "source /opt/Xilinx/Vivado_HLS/2015.4/common/technology/xilinx/ip/util.gen "
@I [HLS-100] Command 'ap_source' returned 0; elapsed 0.000103Total elapsed time: 16.979 sec.
@I [HLS-100] Command "source /opt/Xilinx/Vivado_HLS/2015.4/common/technology/xilinx/ip/xfir.gen "
@I [HLS-100] Command 'ap_source' returned 0; elapsed 0.024408Total elapsed time: 17.3 sec.
@I [HLS-100] Command "source /opt/Xilinx/Vivado_HLS/2015.4/common/technology/xilinx/ip/dds_compiler.gen "
@I [HLS-100] Command 'ap_source' returned 0; elapsed 0.002792Total elapsed time: 17.6 sec.
@I [HLS-100] Command "source /opt/Xilinx/Vivado_HLS/2015.4/common/technology/xilinx/ip/xfft.gen "
@I [HLS-100] Command 'ap_source' returned 0; elapsed 0.075233Total elapsed time: 17.81 sec.
@I [HLS-100] Command 'ap_source' returned 0; elapsed 0.126615Total elapsed time: 17.81 sec.
@I [HLS-100] Command "source /opt/Xilinx/Vivado_HLS/2015.4/common/technology/xilinx/common/dsp48.gen "
@I [HLS-100] Command 'ap_source' returned 0; elapsed 0.000105Total elapsed time: 17.82 sec.
@I [HLS-100] Command 'ap_source' returned 0; elapsed 0.127942Total elapsed time: 17.82 sec.
@I [HLS-100] Command 'ap_source' returned 0; elapsed 0.128009Total elapsed time: 17.82 sec.
@I [HLS-100] Command "source /opt/Xilinx/Vivado_HLS/2015.4/common/technology/xilinx/zynq/zynq_fpv6.gen "
@I [HLS-100] Command "source /opt/Xilinx/Vivado_HLS/2015.4/common/technology/xilinx/common/xilinx_fpv6.gen "
@I [HLS-100] Command 'ap_source' returned 0; elapsed 0.001082Total elapsed time: 17.84 sec.
@I [HLS-100] Command 'ap_source' returned 0; elapsed 0.001151Total elapsed time: 17.84 sec.
@I [HLS-100] Command "source /home/ubuntu-admin/SharedFolder/EIT_Studies/TUB_Docs/Sem2/EmbProj/GitHub/AEP/HLS/ZS_BRAM_F_V1/solution1/.autopilot/db/global.setting.tcl "
@I [HLS-100] Command 'ap_source' returned 0; elapsed 0.000116Total elapsed time: 17.84 sec.
@I [HLS-100] Command "source /home/ubuntu-admin/SharedFolder/EIT_Studies/TUB_Docs/Sem2/EmbProj/GitHub/AEP/HLS/ZS_BRAM_F_V1/solution1/.autopilot/db/global.setting.tcl "
@I [HLS-100] Command 'ap_source' returned 0; elapsed 9.4e-05Total elapsed time: 17.84 sec.
@I [HLS-100] Command "source /home/ubuntu-admin/SharedFolder/EIT_Studies/TUB_Docs/Sem2/EmbProj/GitHub/AEP/HLS/ZS_BRAM_F_V1/solution1/.autopilot/db/zs_func.compgen.tcl "
@I [HLS-100] Command 'ap_source' returned 0; elapsed 8.4e-05Total elapsed time: 17.84 sec.
@I [HLS-100] Command "source /home/ubuntu-admin/SharedFolder/EIT_Studies/TUB_Docs/Sem2/EmbProj/GitHub/AEP/HLS/ZS_BRAM_F_V1/solution1/.autopilot/db/global.setting.tcl "
@I [HLS-100] Command 'ap_source' returned 0; elapsed 0.000119Total elapsed time: 17.103 sec.
@I [HLS-100] Command "source /home/ubuntu-admin/SharedFolder/EIT_Studies/TUB_Docs/Sem2/EmbProj/GitHub/AEP/HLS/ZS_BRAM_F_V1/solution1/.autopilot/db/zs_func.constraint.tcl "
@I [HLS-100] Command 'ap_source' returned 0; elapsed 4.6e-05Total elapsed time: 17.103 sec.
@I [HLS-100] Command "source /opt/Xilinx/Vivado_HLS/2015.4/common/technology/generic/autopilot/common.gen "
@I [HLS-100] Command "source /opt/Xilinx/Vivado_HLS/2015.4/common/technology/generic/autopilot/APCoreGen.gen "
@I [HLS-100] Command 'ap_source' returned 0; elapsed 0.00037Total elapsed time: 17.106 sec.
@I [HLS-100] Command 'ap_source' returned 0; elapsed 0.000766Total elapsed time: 17.106 sec.
@I [HLS-100] Command "source /opt/Xilinx/Vivado_HLS/2015.4/common/technology/generic/autopilot/op.gen "
@I [HLS-100] Command 'ap_source' returned 0; elapsed 0.000246Total elapsed time: 17.106 sec.
@I [HLS-100] Command "source /opt/Xilinx/Vivado_HLS/2015.4/common/technology/generic/autopilot/op_simcore.gen "
@I [HLS-100] Command 'ap_source' returned 0; elapsed 0.000649Total elapsed time: 17.107 sec.
@I [HLS-100] Command "source /opt/Xilinx/Vivado_HLS/2015.4/common/technology/generic/autopilot/interface.gen "
@I [HLS-100] Command 'ap_source' returned 0; elapsed 4.9e-05Total elapsed time: 17.107 sec.
@I [HLS-100] Command "source /home/ubuntu-admin/SharedFolder/EIT_Studies/TUB_Docs/Sem2/EmbProj/GitHub/AEP/HLS/ZS_BRAM_F_V1/solution1/.autopilot/db/global.setting.tcl "
@I [HLS-100] Command 'ap_source' returned 0; elapsed 0.00011Total elapsed time: 17.107 sec.
@I [HLS-100] Command "source /opt/Xilinx/Vivado_HLS/2015.4/common/technology/xilinx/zynq/zynq.gen "
@I [HLS-100] Command "source /opt/Xilinx/Vivado_HLS/2015.4/common/technology/xilinx/common/virtex.gen "
@I [HLS-100] Command "source /opt/Xilinx/Vivado_HLS/2015.4/common/technology/xilinx/common/xilinx.gen "
@I [HLS-100] Command "source /opt/Xilinx/Vivado_HLS/2015.4/common/technology/xilinx/interface/plb46.gen "
@I [HLS-100] Command 'ap_source' returned 0; elapsed 0.000702Total elapsed time: 17.108 sec.
@I [HLS-100] Command "source /opt/Xilinx/Vivado_HLS/2015.4/common/technology/xilinx/interface/fsl.gen "
@I [HLS-100] Command 'ap_source' returned 0; elapsed 0.000352Total elapsed time: 17.109 sec.
@I [HLS-100] Command "source /opt/Xilinx/Vivado_HLS/2015.4/common/technology/xilinx/interface/axi4.gen "
@I [HLS-100] Command 'ap_source' returned 0; elapsed 0.001646Total elapsed time: 17.110 sec.
@I [HLS-100] Command "source /opt/Xilinx/Vivado_HLS/2015.4/common/technology/xilinx/interface/nativeAXI4.gen "
@I [HLS-100] Command "source /opt/Xilinx/Vivado_HLS/2015.4/common/technology/xilinx/interface/saxilite.gen "
@I [HLS-100] Command 'ap_source' returned 0; elapsed 0.002757Total elapsed time: 17.113 sec.
@I [HLS-100] Command "source /opt/Xilinx/Vivado_HLS/2015.4/common/technology/xilinx/interface/maxi.gen "
@I [HLS-100] Command 'ap_source' returned 0; elapsed 0.004945Total elapsed time: 17.118 sec.
@I [HLS-100] Command 'ap_source' returned 0; elapsed 0.007832Total elapsed time: 17.118 sec.
@I [HLS-100] Command "source /opt/Xilinx/Vivado_HLS/2015.4/common/technology/xilinx/scripts/xilinxcoregen.gen "
@I [HLS-100] Command 'ap_source' returned 0; elapsed 0.006603Total elapsed time: 17.125 sec.
@I [HLS-100] Command "source /opt/Xilinx/Vivado_HLS/2015.4/common/technology/xilinx/interface/XilEDKCoreGen.gen "
@I [HLS-100] Command 'ap_source' returned 0; elapsed 0.006242Total elapsed time: 17.131 sec.
@I [HLS-100] Command "source /opt/Xilinx/Vivado_HLS/2015.4/common/technology/xilinx/ip/util.gen "
@I [HLS-100] Command 'ap_source' returned 0; elapsed 0.000103Total elapsed time: 17.132 sec.
@I [HLS-100] Command "source /opt/Xilinx/Vivado_HLS/2015.4/common/technology/xilinx/ip/xfir.gen "
@I [HLS-100] Command 'ap_source' returned 0; elapsed 0.024725Total elapsed time: 17.156 sec.
@I [HLS-100] Command "source /opt/Xilinx/Vivado_HLS/2015.4/common/technology/xilinx/ip/dds_compiler.gen "
@I [HLS-100] Command 'ap_source' returned 0; elapsed 0.002716Total elapsed time: 17.159 sec.
@I [HLS-100] Command "source /opt/Xilinx/Vivado_HLS/2015.4/common/technology/xilinx/ip/xfft.gen "
@I [HLS-100] Command 'ap_source' returned 0; elapsed 0.074758Total elapsed time: 17.234 sec.
@I [HLS-100] Command 'ap_source' returned 0; elapsed 0.126224Total elapsed time: 17.234 sec.
@I [HLS-100] Command "source /opt/Xilinx/Vivado_HLS/2015.4/common/technology/xilinx/common/dsp48.gen "
@I [HLS-100] Command 'ap_source' returned 0; elapsed 0.000107Total elapsed time: 17.235 sec.
@I [HLS-100] Command 'ap_source' returned 0; elapsed 0.127556Total elapsed time: 17.235 sec.
@I [HLS-100] Command 'ap_source' returned 0; elapsed 0.127623Total elapsed time: 17.235 sec.
@I [HLS-100] Command "source /opt/Xilinx/Vivado_HLS/2015.4/common/technology/xilinx/zynq/zynq_fpv6.gen "
@I [HLS-100] Command "source /opt/Xilinx/Vivado_HLS/2015.4/common/technology/xilinx/common/xilinx_fpv6.gen "
@I [HLS-100] Command 'ap_source' returned 0; elapsed 0.00116Total elapsed time: 17.236 sec.
@I [HLS-100] Command 'ap_source' returned 0; elapsed 0.001242Total elapsed time: 17.236 sec.
@I [HLS-100] Command "source /home/ubuntu-admin/SharedFolder/EIT_Studies/TUB_Docs/Sem2/EmbProj/GitHub/AEP/HLS/ZS_BRAM_F_V1/solution1/.autopilot/db/global.setting.tcl "
@I [HLS-100] Command 'ap_source' returned 0; elapsed 0.000207Total elapsed time: 17.243 sec.
@I [HLS-100] Command 'export_design' returned 0; elapsed 1.48659Total elapsed time: 24.635 sec.
@I [HLS-100] Command 'ap_source' returned 0; elapsed 1.65857Total elapsed time: 24.635 sec.
@I [HLS-100] Command "cleanup_all "
@I [HLS-100] Command 'cleanup_all' returned 0; elapsed 0.00032Total elapsed time: 24.636 sec.
