16:41:07 INFO  : Launching XSDB server: xsdb -n /opt/Xilinx/SDK/2015.4/scripts/xsdb/xsdb/xsdb-server.tcl
16:41:12 INFO  : XSDB server has started successfully.
16:41:12 INFO  : Processing command line option -hwspec /home/ubuntu-admin/SharedFolder/EIT_Studies/TUB_Docs/Sem2/EmbProj/Xilinx_Workspace/HW_DMA_Lab_V2/HW_DMA_Lab_V2.sdk/design_1_wrapper.hdf.
16:44:02 INFO  : System reset is completed.
16:44:05 INFO  : FPGA configured successfully with bitstream "/home/ubuntu-admin/SharedFolder/EIT_Studies/TUB_Docs/Sem2/EmbProj/Xilinx_Workspace/HW_DMA_Lab_V2/HW_DMA_Lab_V2.sdk/design_1_wrapper_hw_platform_0/design_1_wrapper.bit"
16:44:05 INFO  : ps7_init is completed.
16:44:06 INFO  : ps7_post_config is completed.
16:46:18 INFO  : System reset is completed.
16:46:20 INFO  : FPGA configured successfully with bitstream "/home/ubuntu-admin/SharedFolder/EIT_Studies/TUB_Docs/Sem2/EmbProj/Xilinx_Workspace/HW_DMA_Lab_V2/HW_DMA_Lab_V2.sdk/design_1_wrapper_hw_platform_0/design_1_wrapper.bit"
16:46:21 INFO  : ps7_init is completed.
16:46:21 INFO  : ps7_post_config is completed.
16:47:56 INFO  : System reset is completed.
16:47:59 INFO  : FPGA configured successfully with bitstream "/home/ubuntu-admin/SharedFolder/EIT_Studies/TUB_Docs/Sem2/EmbProj/Xilinx_Workspace/HW_DMA_Lab_V2/HW_DMA_Lab_V2.sdk/design_1_wrapper_hw_platform_0/design_1_wrapper.bit"
16:48:00 INFO  : ps7_init is completed.
16:48:00 INFO  : ps7_post_config is completed.
16:49:37 INFO  : System reset is completed.
16:49:40 INFO  : FPGA configured successfully with bitstream "/home/ubuntu-admin/SharedFolder/EIT_Studies/TUB_Docs/Sem2/EmbProj/Xilinx_Workspace/HW_DMA_Lab_V2/HW_DMA_Lab_V2.sdk/design_1_wrapper_hw_platform_0/design_1_wrapper.bit"
16:49:41 INFO  : ps7_init is completed.
16:49:41 INFO  : ps7_post_config is completed.
17:47:29 ERROR : Unexpected error while launching program.
com.xilinx.sdk.targetmanager.TMException: 
    Failed to claim JTAG Device 1 for debug. Check if it's
    in use by other client for debug


	at com.xilinx.sdk.targetmanager.internal.TM.connectToProcessor(TM.java:484)
	at com.xilinx.sdk.debug.core.XilinxAppLaunchConfigurationDelegate.runTargetSetup(XilinxAppLaunchConfigurationDelegate.java:464)
	at com.xilinx.sdk.debug.core.XilinxAppLaunchConfigurationDelegate.runApplication(XilinxAppLaunchConfigurationDelegate.java:616)
	at com.xilinx.sdk.debug.core.XilinxAppLaunchConfigurationDelegate.launch(XilinxAppLaunchConfigurationDelegate.java:309)
	at com.xilinx.sdk.debug.ui.XilinxAppLaunchDelegateWrapper.launch(XilinxAppLaunchDelegateWrapper.java:31)
	at org.eclipse.debug.internal.core.LaunchConfiguration.launch(LaunchConfiguration.java:858)
	at org.eclipse.debug.internal.core.LaunchConfiguration.launch(LaunchConfiguration.java:707)
	at org.eclipse.debug.internal.ui.DebugUIPlugin.buildAndLaunch(DebugUIPlugin.java:1018)
	at org.eclipse.debug.internal.ui.DebugUIPlugin$8.run(DebugUIPlugin.java:1222)
	at org.eclipse.core.internal.jobs.Worker.run(Worker.java:53)
17:48:00 ERROR : Unexpected error while launching program.
com.xilinx.sdk.targetmanager.TMException: 
    Failed to claim JTAG Device 1 for debug. Check if it's
    in use by other client for debug


	at com.xilinx.sdk.targetmanager.internal.TM.connectToProcessor(TM.java:484)
	at com.xilinx.sdk.debug.core.XilinxAppLaunchConfigurationDelegate.runTargetSetup(XilinxAppLaunchConfigurationDelegate.java:464)
	at com.xilinx.sdk.debug.core.XilinxAppLaunchConfigurationDelegate.runApplication(XilinxAppLaunchConfigurationDelegate.java:616)
	at com.xilinx.sdk.debug.core.XilinxAppLaunchConfigurationDelegate.launch(XilinxAppLaunchConfigurationDelegate.java:309)
	at com.xilinx.sdk.debug.ui.XilinxAppLaunchDelegateWrapper.launch(XilinxAppLaunchDelegateWrapper.java:31)
	at org.eclipse.debug.internal.core.LaunchConfiguration.launch(LaunchConfiguration.java:858)
	at org.eclipse.debug.internal.core.LaunchConfiguration.launch(LaunchConfiguration.java:707)
	at org.eclipse.debug.internal.ui.DebugUIPlugin.buildAndLaunch(DebugUIPlugin.java:1018)
	at org.eclipse.debug.internal.ui.DebugUIPlugin$8.run(DebugUIPlugin.java:1222)
	at org.eclipse.core.internal.jobs.Worker.run(Worker.java:53)
17:48:28 ERROR : Unexpected error while parsing XMD response ￿: com.google.gson.JsonSyntaxException: com.google.gson.stream.MalformedJsonException: invalid number or unquoted string near 
17:49:21 INFO  : Launching XSDB server: xsdb -n /opt/Xilinx/SDK/2015.4/scripts/xsdb/xsdb/xsdb-server.tcl
17:49:24 INFO  : XSDB server has started successfully.
17:49:26 INFO  : Processing command line option -hwspec /home/ubuntu-admin/SharedFolder/EIT_Studies/TUB_Docs/Sem2/EmbProj/Xilinx_Workspace/HW_DMA_Lab_V2/HW_DMA_Lab_V2.sdk/design_1_wrapper.hdf.
17:49:31 INFO  : Checking for hwspec changes in the project design_1_wrapper_hw_platform_0.
17:49:43 ERROR : Unexpected error while launching program.
com.xilinx.sdk.targetmanager.TMException: 
    Failed to claim JTAG Device 1 for debug. Check if it's
    in use by other client for debug


	at com.xilinx.sdk.targetmanager.internal.TM.connectToProcessor(TM.java:484)
	at com.xilinx.sdk.debug.core.XilinxAppLaunchConfigurationDelegate.runTargetSetup(XilinxAppLaunchConfigurationDelegate.java:464)
	at com.xilinx.sdk.debug.core.XilinxAppLaunchConfigurationDelegate.runApplication(XilinxAppLaunchConfigurationDelegate.java:616)
	at com.xilinx.sdk.debug.core.XilinxAppLaunchConfigurationDelegate.launch(XilinxAppLaunchConfigurationDelegate.java:309)
	at com.xilinx.sdk.debug.ui.XilinxAppLaunchDelegateWrapper.launch(XilinxAppLaunchDelegateWrapper.java:31)
	at org.eclipse.debug.internal.core.LaunchConfiguration.launch(LaunchConfiguration.java:858)
	at org.eclipse.debug.internal.core.LaunchConfiguration.launch(LaunchConfiguration.java:707)
	at org.eclipse.debug.internal.ui.DebugUIPlugin.buildAndLaunch(DebugUIPlugin.java:1018)
	at org.eclipse.debug.internal.ui.DebugUIPlugin$8.run(DebugUIPlugin.java:1222)
	at org.eclipse.core.internal.jobs.Worker.run(Worker.java:53)
17:50:33 ERROR : Unexpected error while launching program.
com.xilinx.sdk.targetmanager.TMException: 
    Failed to claim JTAG Device 1 for debug. Check if it's
    in use by other client for debug


	at com.xilinx.sdk.targetmanager.internal.TM.connectToProcessor(TM.java:484)
	at com.xilinx.sdk.debug.core.XilinxAppLaunchConfigurationDelegate.runTargetSetup(XilinxAppLaunchConfigurationDelegate.java:464)
	at com.xilinx.sdk.debug.core.XilinxAppLaunchConfigurationDelegate.runApplication(XilinxAppLaunchConfigurationDelegate.java:616)
	at com.xilinx.sdk.debug.core.XilinxAppLaunchConfigurationDelegate.launch(XilinxAppLaunchConfigurationDelegate.java:309)
	at com.xilinx.sdk.debug.ui.XilinxAppLaunchDelegateWrapper.launch(XilinxAppLaunchDelegateWrapper.java:31)
	at org.eclipse.debug.internal.core.LaunchConfiguration.launch(LaunchConfiguration.java:858)
	at org.eclipse.debug.internal.core.LaunchConfiguration.launch(LaunchConfiguration.java:707)
	at org.eclipse.debug.internal.ui.DebugUIPlugin.buildAndLaunch(DebugUIPlugin.java:1018)
	at org.eclipse.debug.internal.ui.DebugUIPlugin$8.run(DebugUIPlugin.java:1222)
	at org.eclipse.core.internal.jobs.Worker.run(Worker.java:53)
17:51:59 ERROR : Unexpected error while launching program.
com.xilinx.sdk.targetmanager.TMException: 
    Failed to claim JTAG Device 1 for debug. Check if it's
    in use by other client for debug


	at com.xilinx.sdk.targetmanager.internal.TM.connectToProcessor(TM.java:484)
	at com.xilinx.sdk.debug.core.XilinxAppLaunchConfigurationDelegate.runTargetSetup(XilinxAppLaunchConfigurationDelegate.java:464)
	at com.xilinx.sdk.debug.core.XilinxAppLaunchConfigurationDelegate.runApplication(XilinxAppLaunchConfigurationDelegate.java:616)
	at com.xilinx.sdk.debug.core.XilinxAppLaunchConfigurationDelegate.launch(XilinxAppLaunchConfigurationDelegate.java:309)
	at com.xilinx.sdk.debug.ui.XilinxAppLaunchDelegateWrapper.launch(XilinxAppLaunchDelegateWrapper.java:31)
	at org.eclipse.debug.internal.core.LaunchConfiguration.launch(LaunchConfiguration.java:858)
	at org.eclipse.debug.internal.core.LaunchConfiguration.launch(LaunchConfiguration.java:707)
	at org.eclipse.debug.internal.ui.DebugUIPlugin.buildAndLaunch(DebugUIPlugin.java:1018)
	at org.eclipse.debug.internal.ui.DebugUIPlugin$8.run(DebugUIPlugin.java:1222)
	at org.eclipse.core.internal.jobs.Worker.run(Worker.java:53)
17:52:25 INFO  : System reset is completed.
17:52:28 INFO  : FPGA configured successfully with bitstream "/home/ubuntu-admin/SharedFolder/EIT_Studies/TUB_Docs/Sem2/EmbProj/Xilinx_Workspace/HW_DMA_Lab_V2/HW_DMA_Lab_V2.sdk/design_1_wrapper_hw_platform_0/design_1_wrapper.bit"
17:52:29 INFO  : ps7_init is completed.
17:52:29 INFO  : ps7_post_config is completed.
18:01:00 INFO  : System reset is completed.
18:01:02 INFO  : FPGA configured successfully with bitstream "/home/ubuntu-admin/SharedFolder/EIT_Studies/TUB_Docs/Sem2/EmbProj/Xilinx_Workspace/HW_DMA_Lab_V2/HW_DMA_Lab_V2.sdk/design_1_wrapper_hw_platform_0/design_1_wrapper.bit"
18:01:03 INFO  : ps7_init is completed.
18:01:03 INFO  : ps7_post_config is completed.
18:04:18 INFO  : System reset is completed.
18:04:21 INFO  : FPGA configured successfully with bitstream "/home/ubuntu-admin/SharedFolder/EIT_Studies/TUB_Docs/Sem2/EmbProj/Xilinx_Workspace/HW_DMA_Lab_V2/HW_DMA_Lab_V2.sdk/design_1_wrapper_hw_platform_0/design_1_wrapper.bit"
18:04:22 INFO  : ps7_init is completed.
18:04:22 INFO  : ps7_post_config is completed.
18:18:10 ERROR : Unexpected error while parsing XMD response ￿: com.google.gson.JsonSyntaxException: com.google.gson.stream.MalformedJsonException: invalid number or unquoted string near 
18:23:24 INFO  : Launching XSDB server: xsdb -n /opt/Xilinx/SDK/2015.4/scripts/xsdb/xsdb/xsdb-server.tcl
18:23:25 INFO  : XSDB server has started successfully.
18:23:25 INFO  : Processing command line option -hwspec /home/ubuntu-admin/SharedFolder/EIT_Studies/TUB_Docs/Sem2/EmbProj/Xilinx_Workspace/HW_DMA_Lab_V2/HW_DMA_Lab_V2.sdk/design_1_wrapper.hdf.
18:23:25 INFO  : Checking for hwspec changes in the project design_1_wrapper_hw_platform_0.
18:32:41 ERROR : Unexpected error while launching program.
com.xilinx.sdk.targetmanager.TMException: 
    Unknown Error Occured
    Cable is not connected to the host

	at com.xilinx.sdk.targetmanager.internal.TM.connectToProcessor(TM.java:484)
	at com.xilinx.sdk.debug.core.XilinxAppLaunchConfigurationDelegate.runTargetSetup(XilinxAppLaunchConfigurationDelegate.java:464)
	at com.xilinx.sdk.debug.core.XilinxAppLaunchConfigurationDelegate.runApplication(XilinxAppLaunchConfigurationDelegate.java:616)
	at com.xilinx.sdk.debug.core.XilinxAppLaunchConfigurationDelegate.launch(XilinxAppLaunchConfigurationDelegate.java:309)
	at com.xilinx.sdk.debug.ui.XilinxAppLaunchDelegateWrapper.launch(XilinxAppLaunchDelegateWrapper.java:31)
	at org.eclipse.debug.internal.core.LaunchConfiguration.launch(LaunchConfiguration.java:858)
	at org.eclipse.debug.internal.core.LaunchConfiguration.launch(LaunchConfiguration.java:707)
	at org.eclipse.debug.internal.ui.DebugUIPlugin.buildAndLaunch(DebugUIPlugin.java:1018)
	at org.eclipse.debug.internal.ui.DebugUIPlugin$8.run(DebugUIPlugin.java:1222)
	at org.eclipse.core.internal.jobs.Worker.run(Worker.java:53)
18:33:35 INFO  : System reset is completed.
18:33:37 INFO  : FPGA configured successfully with bitstream "/home/ubuntu-admin/SharedFolder/EIT_Studies/TUB_Docs/Sem2/EmbProj/Xilinx_Workspace/HW_DMA_Lab_V2/HW_DMA_Lab_V2.sdk/design_1_wrapper_hw_platform_0/design_1_wrapper.bit"
18:33:38 INFO  : ps7_init is completed.
18:33:38 INFO  : ps7_post_config is completed.
18:33:40 ERROR : No such port: /dev/ttyUSB0
18:36:57 ERROR : Checking FPGA configuration failed..Connection to Board Failed


    Unknown Error Occured
    Cable is not connected to the host

18:36:57 ERROR : Unexpected error while launching program.
com.xilinx.sdk.targetmanager.TMException: Connection to Board Failed


    Unknown Error Occured
    Cable is not connected to the host

	at com.xilinx.sdk.targetmanager.internal.TM.isFPGAConfigured(TM.java:374)
	at com.xilinx.sdk.debug.core.XilinxAppLaunchConfigurationDelegate.isFpgaConfigured(XilinxAppLaunchConfigurationDelegate.java:409)
	at com.xilinx.sdk.debug.core.XilinxAppLaunchConfigurationDelegate.launch(XilinxAppLaunchConfigurationDelegate.java:303)
	at com.xilinx.sdk.debug.ui.XilinxAppLaunchDelegateWrapper.launch(XilinxAppLaunchDelegateWrapper.java:31)
	at org.eclipse.debug.internal.core.LaunchConfiguration.launch(LaunchConfiguration.java:858)
	at org.eclipse.debug.internal.core.LaunchConfiguration.launch(LaunchConfiguration.java:707)
	at org.eclipse.debug.internal.ui.DebugUIPlugin.buildAndLaunch(DebugUIPlugin.java:1018)
	at org.eclipse.debug.internal.ui.DebugUIPlugin$8.run(DebugUIPlugin.java:1222)
	at org.eclipse.core.internal.jobs.Worker.run(Worker.java:53)
18:37:49 INFO  : System reset is completed.
18:37:52 INFO  : FPGA configured successfully with bitstream "/home/ubuntu-admin/SharedFolder/EIT_Studies/TUB_Docs/Sem2/EmbProj/Xilinx_Workspace/HW_DMA_Lab_V2/HW_DMA_Lab_V2.sdk/design_1_wrapper_hw_platform_0/design_1_wrapper.bit"
18:37:52 INFO  : ps7_init is completed.
18:37:53 INFO  : ps7_post_config is completed.
18:39:53 INFO  : System reset is completed.
18:39:56 INFO  : FPGA configured successfully with bitstream "/home/ubuntu-admin/SharedFolder/EIT_Studies/TUB_Docs/Sem2/EmbProj/Xilinx_Workspace/HW_DMA_Lab_V2/HW_DMA_Lab_V2.sdk/design_1_wrapper_hw_platform_0/design_1_wrapper.bit"
18:39:56 INFO  : ps7_init is completed.
18:39:56 INFO  : ps7_post_config is completed.
18:41:44 INFO  : System reset is completed.
18:41:47 INFO  : FPGA configured successfully with bitstream "/home/ubuntu-admin/SharedFolder/EIT_Studies/TUB_Docs/Sem2/EmbProj/Xilinx_Workspace/HW_DMA_Lab_V2/HW_DMA_Lab_V2.sdk/design_1_wrapper_hw_platform_0/design_1_wrapper.bit"
18:41:48 INFO  : ps7_init is completed.
18:41:48 INFO  : ps7_post_config is completed.
18:46:25 INFO  : System reset is completed.
18:46:28 INFO  : FPGA configured successfully with bitstream "/home/ubuntu-admin/SharedFolder/EIT_Studies/TUB_Docs/Sem2/EmbProj/Xilinx_Workspace/HW_DMA_Lab_V2/HW_DMA_Lab_V2.sdk/design_1_wrapper_hw_platform_0/design_1_wrapper.bit"
18:46:29 INFO  : ps7_init is completed.
18:46:29 INFO  : ps7_post_config is completed.
18:47:53 INFO  : System reset is completed.
18:47:56 INFO  : FPGA configured successfully with bitstream "/home/ubuntu-admin/SharedFolder/EIT_Studies/TUB_Docs/Sem2/EmbProj/Xilinx_Workspace/HW_DMA_Lab_V2/HW_DMA_Lab_V2.sdk/design_1_wrapper_hw_platform_0/design_1_wrapper.bit"
18:47:57 INFO  : ps7_init is completed.
18:47:57 INFO  : ps7_post_config is completed.
18:51:32 INFO  : System reset is completed.
18:51:34 INFO  : FPGA configured successfully with bitstream "/home/ubuntu-admin/SharedFolder/EIT_Studies/TUB_Docs/Sem2/EmbProj/Xilinx_Workspace/HW_DMA_Lab_V2/HW_DMA_Lab_V2.sdk/design_1_wrapper_hw_platform_0/design_1_wrapper.bit"
18:51:35 INFO  : ps7_init is completed.
18:51:35 INFO  : ps7_post_config is completed.
18:52:53 INFO  : System reset is completed.
18:52:56 INFO  : FPGA configured successfully with bitstream "/home/ubuntu-admin/SharedFolder/EIT_Studies/TUB_Docs/Sem2/EmbProj/Xilinx_Workspace/HW_DMA_Lab_V2/HW_DMA_Lab_V2.sdk/design_1_wrapper_hw_platform_0/design_1_wrapper.bit"
18:52:57 INFO  : ps7_init is completed.
18:52:57 INFO  : ps7_post_config is completed.
18:58:06 INFO  : System reset is completed.
18:58:09 INFO  : FPGA configured successfully with bitstream "/home/ubuntu-admin/SharedFolder/EIT_Studies/TUB_Docs/Sem2/EmbProj/Xilinx_Workspace/HW_DMA_Lab_V2/HW_DMA_Lab_V2.sdk/design_1_wrapper_hw_platform_0/design_1_wrapper.bit"
18:58:09 INFO  : ps7_init is completed.
18:58:09 INFO  : ps7_post_config is completed.
19:46:53 INFO  : ps7_cortexa9_0 Processor is in use. Please stop existing Run or Debug sessions before launching.
19:47:01 INFO  : System reset is completed.
19:47:04 INFO  : FPGA configured successfully with bitstream "/home/ubuntu-admin/SharedFolder/EIT_Studies/TUB_Docs/Sem2/EmbProj/Xilinx_Workspace/HW_DMA_Lab_V2/HW_DMA_Lab_V2.sdk/design_1_wrapper_hw_platform_0/design_1_wrapper.bit"
19:47:05 INFO  : ps7_init is completed.
19:47:05 INFO  : ps7_post_config is completed.
19:48:20 INFO  : System reset is completed.
19:48:23 INFO  : FPGA configured successfully with bitstream "/home/ubuntu-admin/SharedFolder/EIT_Studies/TUB_Docs/Sem2/EmbProj/Xilinx_Workspace/HW_DMA_Lab_V2/HW_DMA_Lab_V2.sdk/design_1_wrapper_hw_platform_0/design_1_wrapper.bit"
19:48:23 INFO  : ps7_init is completed.
19:48:23 INFO  : ps7_post_config is completed.
19:49:44 INFO  : System reset is completed.
19:49:47 INFO  : FPGA configured successfully with bitstream "/home/ubuntu-admin/SharedFolder/EIT_Studies/TUB_Docs/Sem2/EmbProj/Xilinx_Workspace/HW_DMA_Lab_V2/HW_DMA_Lab_V2.sdk/design_1_wrapper_hw_platform_0/design_1_wrapper.bit"
19:49:47 INFO  : ps7_init is completed.
19:49:47 INFO  : ps7_post_config is completed.
19:50:33 INFO  : System reset is completed.
19:50:35 INFO  : FPGA configured successfully with bitstream "/home/ubuntu-admin/SharedFolder/EIT_Studies/TUB_Docs/Sem2/EmbProj/Xilinx_Workspace/HW_DMA_Lab_V2/HW_DMA_Lab_V2.sdk/design_1_wrapper_hw_platform_0/design_1_wrapper.bit"
19:50:36 INFO  : ps7_init is completed.
19:50:36 INFO  : ps7_post_config is completed.
19:55:53 INFO  : System reset is completed.
19:55:56 INFO  : FPGA configured successfully with bitstream "/home/ubuntu-admin/SharedFolder/EIT_Studies/TUB_Docs/Sem2/EmbProj/Xilinx_Workspace/HW_DMA_Lab_V2/HW_DMA_Lab_V2.sdk/design_1_wrapper_hw_platform_0/design_1_wrapper.bit"
19:55:56 INFO  : ps7_init is completed.
19:55:57 INFO  : ps7_post_config is completed.
19:56:38 INFO  : System reset is completed.
19:56:41 INFO  : FPGA configured successfully with bitstream "/home/ubuntu-admin/SharedFolder/EIT_Studies/TUB_Docs/Sem2/EmbProj/Xilinx_Workspace/HW_DMA_Lab_V2/HW_DMA_Lab_V2.sdk/design_1_wrapper_hw_platform_0/design_1_wrapper.bit"
19:56:41 INFO  : ps7_init is completed.
19:56:42 INFO  : ps7_post_config is completed.
19:57:31 INFO  : System reset is completed.
19:57:33 INFO  : FPGA configured successfully with bitstream "/home/ubuntu-admin/SharedFolder/EIT_Studies/TUB_Docs/Sem2/EmbProj/Xilinx_Workspace/HW_DMA_Lab_V2/HW_DMA_Lab_V2.sdk/design_1_wrapper_hw_platform_0/design_1_wrapper.bit"
19:57:34 INFO  : ps7_init is completed.
19:57:34 INFO  : ps7_post_config is completed.
19:59:46 INFO  : System reset is completed.
19:59:49 INFO  : FPGA configured successfully with bitstream "/home/ubuntu-admin/SharedFolder/EIT_Studies/TUB_Docs/Sem2/EmbProj/Xilinx_Workspace/HW_DMA_Lab_V2/HW_DMA_Lab_V2.sdk/design_1_wrapper_hw_platform_0/design_1_wrapper.bit"
19:59:49 INFO  : ps7_init is completed.
19:59:50 INFO  : ps7_post_config is completed.
20:04:32 INFO  : System reset is completed.
20:04:35 INFO  : FPGA configured successfully with bitstream "/home/ubuntu-admin/SharedFolder/EIT_Studies/TUB_Docs/Sem2/EmbProj/Xilinx_Workspace/HW_DMA_Lab_V2/HW_DMA_Lab_V2.sdk/design_1_wrapper_hw_platform_0/design_1_wrapper.bit"
20:04:36 INFO  : ps7_init is completed.
20:04:36 INFO  : ps7_post_config is completed.
20:05:40 INFO  : System reset is completed.
20:05:43 INFO  : FPGA configured successfully with bitstream "/home/ubuntu-admin/SharedFolder/EIT_Studies/TUB_Docs/Sem2/EmbProj/Xilinx_Workspace/HW_DMA_Lab_V2/HW_DMA_Lab_V2.sdk/design_1_wrapper_hw_platform_0/design_1_wrapper.bit"
20:05:43 INFO  : ps7_init is completed.
20:05:43 INFO  : ps7_post_config is completed.
20:06:48 INFO  : System reset is completed.
20:06:51 INFO  : FPGA configured successfully with bitstream "/home/ubuntu-admin/SharedFolder/EIT_Studies/TUB_Docs/Sem2/EmbProj/Xilinx_Workspace/HW_DMA_Lab_V2/HW_DMA_Lab_V2.sdk/design_1_wrapper_hw_platform_0/design_1_wrapper.bit"
20:06:51 INFO  : ps7_init is completed.
20:06:51 INFO  : ps7_post_config is completed.
10:11:13 INFO  : System reset is completed.
10:11:15 INFO  : FPGA configured successfully with bitstream "/home/ubuntu-admin/SharedFolder/EIT_Studies/TUB_Docs/Sem2/EmbProj/Xilinx_Workspace/HW_DMA_Lab_V2/HW_DMA_Lab_V2.sdk/design_1_wrapper_hw_platform_0/design_1_wrapper.bit"
10:11:16 INFO  : ps7_init is completed.
10:11:16 INFO  : ps7_post_config is completed.
10:15:21 ERROR : Unexpected error while parsing XMD response ￿: com.google.gson.JsonSyntaxException: com.google.gson.stream.MalformedJsonException: invalid number or unquoted string near 
15:17:08 INFO  : Launching XSDB server: xsdb -n /opt/Xilinx/SDK/2015.4/scripts/xsdb/xsdb/xsdb-server.tcl
15:17:12 INFO  : XSDB server has started successfully.
15:17:21 INFO  : Processing command line option -hwspec /home/ubuntu-admin/SharedFolder/EIT_Studies/TUB_Docs/Sem2/EmbProj/Xilinx_Workspace/HW_DMA_Lab_V2/HW_DMA_Lab_V2.sdk/design_1_wrapper.hdf.
15:17:23 INFO  : Checking for hwspec changes in the project design_1_wrapper_hw_platform_0.
16:10:37 ERROR : Unexpected error while parsing XMD response ￿: com.google.gson.JsonSyntaxException: com.google.gson.stream.MalformedJsonException: invalid number or unquoted string near 
19:44:20 INFO  : Launching XSDB server: xsdb -n /opt/Xilinx/SDK/2015.4/scripts/xsdb/xsdb/xsdb-server.tcl
19:44:23 INFO  : XSDB server has started successfully.
19:44:31 INFO  : Processing command line option -hwspec /home/ubuntu-admin/SharedFolder/EIT_Studies/TUB_Docs/Sem2/EmbProj/Xilinx_Workspace/HW_DMA_Lab_V2/HW_DMA_Lab_V2.sdk/design_1_wrapper.hdf.
19:44:32 INFO  : Checking for hwspec changes in the project design_1_wrapper_hw_platform_0.
