@I [HLS-0] Workspace /home/ubuntu-admin/SharedFolder/EIT_Studies/TUB_Docs/Sem2/EmbProj/GitHub/AEP/HLS/bram_interface/solution1 opened at Fri Jul 07 13:38:19 CEST 2017
@I [HLS-100] Command "config_clock -quiet -name default -period 10 -default=false "
@I [SYN-201] Setting up clock 'default' with a period of 10ns.
@I [HLS-100] Command 'config_clock' returned 0; elapsed 7.4e-05Total elapsed time: 0.187 sec.
@I [HLS-100] Command "open_platform DefaultPlatform "
@I [HLS-100] Command 'open_platform' returned 0; elapsed 4.9e-05Total elapsed time: 0.188 sec.
@I [HLS-100] Command "import_lib /opt/Xilinx/Vivado_HLS/2015.4/common/technology/xilinx/zynq/zynq "
@I [HLS-100] Command "source /opt/Xilinx/Vivado_HLS/2015.4/common/technology/xilinx/common/xilinx.lib "
@I [HLS-100] Command "source /opt/Xilinx/Vivado_HLS/2015.4/common/technology/xilinx/interface/xilinx_interface.lib "
@I [HLS-100] Command "source /opt/Xilinx/Vivado_HLS/2015.4/common/technology/xilinx/interface/plb46.lib "
@I [HLS-100] Command 'ap_source' returned 0; elapsed 0.000213Total elapsed time: 0.188 sec.
@I [HLS-100] Command "source /opt/Xilinx/Vivado_HLS/2015.4/common/technology/xilinx/interface/fsl.lib "
@I [HLS-100] Command 'ap_source' returned 0; elapsed 9.7e-05Total elapsed time: 0.189 sec.
@I [HLS-100] Command "source /opt/Xilinx/Vivado_HLS/2015.4/common/technology/xilinx/interface/axi4.lib "
@I [HLS-100] Command 'ap_source' returned 0; elapsed 0.000137Total elapsed time: 0.189 sec.
@I [HLS-100] Command "source /opt/Xilinx/Vivado_HLS/2015.4/common/technology/xilinx/interface/maxi.lib "
@I [HLS-100] Command 'ap_source' returned 0; elapsed 0.000122Total elapsed time: 0.189 sec.
@I [HLS-100] Command "source /opt/Xilinx/Vivado_HLS/2015.4/common/technology/xilinx/interface/saxilite.lib "
@I [HLS-100] Command 'ap_source' returned 0; elapsed 7.5e-05Total elapsed time: 0.189 sec.
@I [HLS-100] Command 'ap_source' returned 0; elapsed 0.000841Total elapsed time: 0.189 sec.
@I [HLS-100] Command "source /opt/Xilinx/Vivado_HLS/2015.4/common/technology/xilinx/common/dsp48.lib "
@I [HLS-100] Command 'ap_source' returned 0; elapsed 7.4e-05Total elapsed time: 0.189 sec.
@I [HLS-100] Command "source /opt/Xilinx/Vivado_HLS/2015.4/common/technology/xilinx/ip/dds_compiler.lib "
@I [HLS-100] Command 'ap_source' returned 0; elapsed 5.1e-05Total elapsed time: 0.189 sec.
@I [HLS-100] Command "source /opt/Xilinx/Vivado_HLS/2015.4/common/technology/xilinx/ip/xfft.lib "
@I [HLS-100] Command 'ap_source' returned 0; elapsed 4.2e-05Total elapsed time: 0.189 sec.
@I [HLS-100] Command "source /opt/Xilinx/Vivado_HLS/2015.4/common/technology/xilinx/ip/xfir.lib "
@I [HLS-100] Command 'ap_source' returned 0; elapsed 4e-05Total elapsed time: 0.189 sec.
@I [HLS-100] Command 'ap_source' returned 0; elapsed 0.002745Total elapsed time: 0.191 sec.
@I [HLS-100] Command "source /opt/Xilinx/Vivado_HLS/2015.4/common/technology/xilinx/common/xilinx_old.lib "
@I [HLS-100] Command 'ap_source' returned 0; elapsed 0.000484Total elapsed time: 0.193 sec.
@I [HLS-100] Command "source /opt/Xilinx/Vivado_HLS/2015.4/common/technology/xilinx/common/xilinx_vivado.lib "
@I [HLS-100] Command 'ap_source' returned 0; elapsed 0.000459Total elapsed time: 0.193 sec.
@I [HLS-100] Command "source /opt/Xilinx/Vivado_HLS/2015.4/common/technology/xilinx/common/xilinx.hlp "
@I [HLS-100] Command "source /opt/Xilinx/Vivado_HLS/2015.4/common/technology/xilinx/common/target_info.tcl "
@I [HLS-100] Command 'ap_source' returned 0; elapsed 9.8e-05Total elapsed time: 0.195 sec.
@I [HLS-100] Command "source /opt/Xilinx/Vivado_HLS/2015.4/common/technology/xilinx/interface/xilinx_interface.hlp "
@I [HLS-100] Command "source /opt/Xilinx/Vivado_HLS/2015.4/common/technology/xilinx/interface/maxi.hlp "
@I [HLS-100] Command 'ap_source' returned 0; elapsed 6.2e-05Total elapsed time: 0.195 sec.
@I [HLS-100] Command "source /opt/Xilinx/Vivado_HLS/2015.4/common/technology/xilinx/interface/saxilite.hlp "
@I [HLS-100] Command 'ap_source' returned 0; elapsed 6.7e-05Total elapsed time: 0.195 sec.
@I [HLS-100] Command 'ap_source' returned 0; elapsed 0.000244Total elapsed time: 0.195 sec.
@I [HLS-100] Command "source /opt/Xilinx/Vivado_HLS/2015.4/common/technology/xilinx/common/dsp48.hlp "
@I [HLS-100] Command 'ap_source' returned 0; elapsed 0.000416Total elapsed time: 0.196 sec.
@I [HLS-100] Command 'ap_source' returned 0; elapsed 0.001636Total elapsed time: 0.196 sec.
@I [HLS-100] Command "source /opt/Xilinx/Vivado_HLS/2015.4/common/technology/xilinx/zynq/dsp48e1.hlp "
@I [HLS-100] Command 'ap_source' returned 0; elapsed 5.2e-05Total elapsed time: 0.196 sec.
@I [HLS-100] Command "get_default_platform "
@I [HLS-100] Command 'get_default_platform' returned 0; elapsed 5e-06Total elapsed time: 0.196 sec.
@I [HLS-100] Command "config_chip_info -quiet -resource  {SLICE 13300}  {LUT 53200}     {FF 106400} {DSP48E 220}   {BRAM 280}  "
@I [HLS-100] Command 'config_chip_info' returned 0; elapsed 1.3e-05Total elapsed time: 0.196 sec.
@I [HLS-100] Command "config_chip_info -quiet -speed medium "
@I [HLS-100] Command 'config_chip_info' returned 0; elapsed 3e-06Total elapsed time: 0.196 sec.
@I [HLS-100] Command 'import_lib' returned 0; elapsed 0.009482Total elapsed time: 0.198 sec.
@I [HLS-100] Command "source /opt/Xilinx/Vivado_HLS/2015.4/common/technology/xilinx/zynq/zynq.gen "
@I [HLS-100] Command "source /opt/Xilinx/Vivado_HLS/2015.4/common/technology/xilinx/common/virtex.gen "
@I [HLS-100] Command "source /opt/Xilinx/Vivado_HLS/2015.4/common/technology/xilinx/common/xilinx.gen "
@I [HLS-100] Command "source /opt/Xilinx/Vivado_HLS/2015.4/common/technology/xilinx/interface/plb46.gen "
@I [HLS-100] Command 'ap_source' returned 0; elapsed 0.000762Total elapsed time: 0.199 sec.
@I [HLS-100] Command "source /opt/Xilinx/Vivado_HLS/2015.4/common/technology/xilinx/interface/fsl.gen "
@I [HLS-100] Command 'ap_source' returned 0; elapsed 0.000285Total elapsed time: 0.199 sec.
@I [HLS-100] Command "source /opt/Xilinx/Vivado_HLS/2015.4/common/technology/xilinx/interface/axi4.gen "
@I [HLS-100] Command 'ap_source' returned 0; elapsed 0.001614Total elapsed time: 0.201 sec.
@I [HLS-100] Command "source /opt/Xilinx/Vivado_HLS/2015.4/common/technology/xilinx/interface/nativeAXI4.gen "
@I [HLS-100] Command "source /opt/Xilinx/Vivado_HLS/2015.4/common/technology/xilinx/interface/saxilite.gen "
@I [HLS-100] Command 'ap_source' returned 0; elapsed 0.002867Total elapsed time: 0.204 sec.
@I [HLS-100] Command "source /opt/Xilinx/Vivado_HLS/2015.4/common/technology/xilinx/interface/maxi.gen "
@I [HLS-100] Command 'ap_source' returned 0; elapsed 0.006013Total elapsed time: 0.210 sec.
@I [HLS-100] Command 'ap_source' returned 0; elapsed 0.009027Total elapsed time: 0.210 sec.
@I [HLS-100] Command "source /opt/Xilinx/Vivado_HLS/2015.4/common/technology/xilinx/scripts/xilinxcoregen.gen "
@I [HLS-100] Command 'ap_source' returned 0; elapsed 0.006863Total elapsed time: 0.217 sec.
@I [HLS-100] Command "source /opt/Xilinx/Vivado_HLS/2015.4/common/technology/xilinx/interface/XilEDKCoreGen.gen "
@I [HLS-100] Command 'ap_source' returned 0; elapsed 0.006274Total elapsed time: 0.223 sec.
@I [HLS-100] Command "source /opt/Xilinx/Vivado_HLS/2015.4/common/technology/xilinx/ip/util.gen "
@I [HLS-100] Command 'ap_source' returned 0; elapsed 0.000101Total elapsed time: 0.223 sec.
@I [HLS-100] Command "source /opt/Xilinx/Vivado_HLS/2015.4/common/technology/xilinx/ip/xfir.gen "
@I [HLS-100] Command "source /opt/Xilinx/Vivado_HLS/2015.4/tps/tcl/tcllib1.11.1/struct/list.tcl "
@I [HLS-100] Command "source /opt/Xilinx/Vivado_HLS/2015.4/tps/tcl/tcllib1.11.1/cmdline/cmdline.tcl "
@I [HLS-100] Command 'ap_source' returned 0; elapsed 0.000568Total elapsed time: 0.235 sec.
@I [HLS-100] Command 'ap_source' returned 0; elapsed 0.001236Total elapsed time: 0.236 sec.
@I [HLS-100] Command "source /opt/Xilinx/Vivado_HLS/2015.4/tps/tcl/tcllib1.11.1/math/bignum.tcl "
@I [HLS-100] Command 'ap_source' returned 0; elapsed 0.000499Total elapsed time: 0.243 sec.
@I [HLS-100] Command 'ap_source' returned 0; elapsed 0.024947Total elapsed time: 0.249 sec.
@I [HLS-100] Command "source /opt/Xilinx/Vivado_HLS/2015.4/common/technology/xilinx/ip/dds_compiler.gen "
@I [HLS-100] Command 'ap_source' returned 0; elapsed 0.002388Total elapsed time: 0.251 sec.
@I [HLS-100] Command "source /opt/Xilinx/Vivado_HLS/2015.4/common/technology/xilinx/ip/xfft.gen "
@I [HLS-100] Command 'ap_source' returned 0; elapsed 0.082233Total elapsed time: 0.334 sec.
@I [HLS-100] Command 'ap_source' returned 0; elapsed 0.13507Total elapsed time: 0.334 sec.
@I [HLS-100] Command "source /opt/Xilinx/Vivado_HLS/2015.4/common/technology/xilinx/common/dsp48.gen "
@I [HLS-100] Command 'ap_source' returned 0; elapsed 0.000105Total elapsed time: 0.335 sec.
@I [HLS-100] Command 'ap_source' returned 0; elapsed 0.136478Total elapsed time: 0.335 sec.
@I [HLS-100] Command 'ap_source' returned 0; elapsed 0.136557Total elapsed time: 0.335 sec.
@I [HLS-100] Command "open_platform DefaultPlatform "
@I [HLS-100] Command 'open_platform' returned 0; elapsed 5e-06Total elapsed time: 0.335 sec.
@I [HLS-100] Command "import_lib /opt/Xilinx/Vivado_HLS/2015.4/common/technology/xilinx/zynq/zynq_fpv6 "
@I [HLS-100] Command "source /opt/Xilinx/Vivado_HLS/2015.4/common/technology/xilinx/common/xilinx_fpv7.lib "
@I [HLS-100] Command "source /opt/Xilinx/Vivado_HLS/2015.4/common/technology/xilinx/common/xilinx_hp.lib "
@I [HLS-100] Command 'ap_source' returned 0; elapsed 0.000454Total elapsed time: 0.336 sec.
@I [HLS-100] Command 'ap_source' returned 0; elapsed 0.002511Total elapsed time: 0.338 sec.
@I [HLS-100] Command "source /opt/Xilinx/Vivado_HLS/2015.4/common/technology/xilinx/common/xilinx_fpv.hlp "
@I [HLS-100] Command "source /opt/Xilinx/Vivado_HLS/2015.4/common/technology/xilinx/common/xilinx.hlp "
@I [HLS-100] Command "source /opt/Xilinx/Vivado_HLS/2015.4/common/technology/xilinx/common/target_info.tcl "
@I [HLS-100] Command 'ap_source' returned 0; elapsed 0.000116Total elapsed time: 0.342 sec.
@I [HLS-100] Command "source /opt/Xilinx/Vivado_HLS/2015.4/common/technology/xilinx/interface/xilinx_interface.hlp "
@I [HLS-100] Command "source /opt/Xilinx/Vivado_HLS/2015.4/common/technology/xilinx/interface/maxi.hlp "
@I [HLS-100] Command 'ap_source' returned 0; elapsed 6.2e-05Total elapsed time: 0.343 sec.
@I [HLS-100] Command "source /opt/Xilinx/Vivado_HLS/2015.4/common/technology/xilinx/interface/saxilite.hlp "
@I [HLS-100] Command 'ap_source' returned 0; elapsed 6.1e-05Total elapsed time: 0.343 sec.
@I [HLS-100] Command 'ap_source' returned 0; elapsed 0.000197Total elapsed time: 0.343 sec.
@I [HLS-100] Command "source /opt/Xilinx/Vivado_HLS/2015.4/common/technology/xilinx/common/dsp48.hlp "
@I [HLS-100] Command 'ap_source' returned 0; elapsed 0.000456Total elapsed time: 0.343 sec.
@I [HLS-100] Command 'ap_source' returned 0; elapsed 0.001556Total elapsed time: 0.344 sec.
@I [HLS-100] Command 'ap_source' returned 0; elapsed 0.001953Total elapsed time: 0.344 sec.
@I [HLS-100] Command "source /opt/Xilinx/Vivado_HLS/2015.4/common/technology/xilinx/zynq/zynq_hp.hlp "
@I [HLS-100] Command 'ap_source' returned 0; elapsed 0.000604Total elapsed time: 0.345 sec.
@I [HLS-100] Command 'import_lib' returned 0; elapsed 0.012611Total elapsed time: 0.348 sec.
@I [HLS-100] Command "source /opt/Xilinx/Vivado_HLS/2015.4/common/technology/xilinx/zynq/zynq_fpv6.gen "
@I [HLS-100] Command "source /opt/Xilinx/Vivado_HLS/2015.4/common/technology/xilinx/common/xilinx_fpv6.gen "
@I [HLS-100] Command 'ap_source' returned 0; elapsed 0.001162Total elapsed time: 0.350 sec.
@I [HLS-100] Command 'ap_source' returned 0; elapsed 0.001252Total elapsed time: 0.350 sec.
@I [HLS-100] Command "set_part xc7z020clg484-1 "
@I [HLS-100] Command "add_library xilinx/zynq/zynq:xc7z020:clg484:-1 "
@I [HLS-100] Command "get_default_platform "
@I [HLS-100] Command 'get_default_platform' returned 0; elapsed 5e-06Total elapsed time: 0.353 sec.
@I [HLS-100] Command "license_isbetapart xc7z020 "
@I [HLS-100] Command 'license_isbetapart' returned 1; elapsed 0.005351Total elapsed time: 0.358 sec.
@I [HLS-100] Command "get_default_platform "
@I [HLS-100] Command 'get_default_platform' returned 0; elapsed 6e-06Total elapsed time: 0.359 sec.
@I [HLS-100] Command "config_chip_info -quiet -resource  {SLICE 13300}  {LUT 53200}     {FF 106400} {DSP48E 220}   {BRAM 280}  "
@I [HLS-100] Command 'config_chip_info' returned 0; elapsed 1.1e-05Total elapsed time: 0.359 sec.
@I [HLS-100] Command "config_chip_info -quiet -speed slow "
@I [HLS-100] Command 'config_chip_info' returned 0; elapsed 4e-06Total elapsed time: 0.359 sec.
@I [HLS-100] Command 'add_library' returned 0; elapsed 0.007475Total elapsed time: 0.360 sec.
@I [HLS-100] Command "add_library xilinx/zynq/zynq_fpv6 "
@I [HLS-100] Command "get_default_platform "
@I [HLS-100] Command 'get_default_platform' returned 0; elapsed 4e-06Total elapsed time: 0.360 sec.
@I [HLS-100] Command 'add_library' returned 0; elapsed 0.001097Total elapsed time: 0.361 sec.
@I [HLS-10] Setting target device to 'xc7z020clg484-1'
@I [HLS-100] Command 'set_part' returned 0; elapsed 0.010862Total elapsed time: 0.361 sec.
@I [HLS-100] Command "get_default_platform "
@I [HLS-100] Command 'get_default_platform' returned 0; elapsed 3e-06Total elapsed time: 0.361 sec.
@I [HLS-100] Command "config_chip_info -quiet -resource  {SLICE 13300}  {LUT 53200}     {FF 106400} {DSP48E 220}   {BRAM 280}  "
@I [HLS-100] Command 'config_chip_info' returned 0; elapsed 1.4e-05Total elapsed time: 0.361 sec.
@I [HLS-100] Command "config_chip_info -quiet -speed slow "
@I [HLS-100] Command 'config_chip_info' returned 0; elapsed 3e-06Total elapsed time: 0.361 sec.
@I [HLS-100] Command 'open_solution' returned 0; elapsed 0.176555Total elapsed time: 0.362 sec.
@I [HLS-100] Command "export_design -format ip_catalog "
@I [HLS-100] Command "source /home/ubuntu-admin/SharedFolder/EIT_Studies/TUB_Docs/Sem2/EmbProj/GitHub/AEP/HLS/bram_interface/solution1/.autopilot/db/global.setting.tcl "
@I [HLS-100] Command 'ap_source' returned 0; elapsed 0.000132Total elapsed time: 0.365 sec.
@I [HLS-100] Command "source /opt/Xilinx/Vivado_HLS/2015.4/common/technology/generic/autopilot/common.gen "
@I [HLS-100] Command "source /opt/Xilinx/Vivado_HLS/2015.4/common/technology/generic/autopilot/APCoreGen.gen "
@I [HLS-100] Command 'ap_source' returned 0; elapsed 0.000386Total elapsed time: 0.368 sec.
@I [HLS-100] Command 'ap_source' returned 0; elapsed 0.000719Total elapsed time: 0.368 sec.
@I [HLS-100] Command "source /opt/Xilinx/Vivado_HLS/2015.4/common/technology/generic/autopilot/op.gen "
@I [HLS-100] Command 'ap_source' returned 0; elapsed 0.000208Total elapsed time: 0.369 sec.
@I [HLS-100] Command "source /opt/Xilinx/Vivado_HLS/2015.4/common/technology/generic/autopilot/op_simcore.gen "
@I [HLS-100] Command 'ap_source' returned 0; elapsed 0.000621Total elapsed time: 0.369 sec.
@I [HLS-100] Command "source /opt/Xilinx/Vivado_HLS/2015.4/common/technology/generic/autopilot/interface.gen "
@I [HLS-100] Command 'ap_source' returned 0; elapsed 4.4e-05Total elapsed time: 0.369 sec.
@I [HLS-100] Command "source /home/ubuntu-admin/SharedFolder/EIT_Studies/TUB_Docs/Sem2/EmbProj/GitHub/AEP/HLS/bram_interface/solution1/.autopilot/db/global.setting.tcl "
@I [HLS-100] Command 'ap_source' returned 0; elapsed 0.000105Total elapsed time: 0.369 sec.
@I [HLS-100] Command "source /opt/Xilinx/Vivado_HLS/2015.4/common/technology/xilinx/zynq/zynq.gen "
@I [HLS-100] Command "source /opt/Xilinx/Vivado_HLS/2015.4/common/technology/xilinx/common/virtex.gen "
@I [HLS-100] Command "source /opt/Xilinx/Vivado_HLS/2015.4/common/technology/xilinx/common/xilinx.gen "
@I [HLS-100] Command "source /opt/Xilinx/Vivado_HLS/2015.4/common/technology/xilinx/interface/plb46.gen "
@I [HLS-100] Command 'ap_source' returned 0; elapsed 0.000824Total elapsed time: 0.371 sec.
@I [HLS-100] Command "source /opt/Xilinx/Vivado_HLS/2015.4/common/technology/xilinx/interface/fsl.gen "
@I [HLS-100] Command 'ap_source' returned 0; elapsed 0.000311Total elapsed time: 0.371 sec.
@I [HLS-100] Command "source /opt/Xilinx/Vivado_HLS/2015.4/common/technology/xilinx/interface/axi4.gen "
@I [HLS-100] Command 'ap_source' returned 0; elapsed 0.001805Total elapsed time: 0.373 sec.
@I [HLS-100] Command "source /opt/Xilinx/Vivado_HLS/2015.4/common/technology/xilinx/interface/nativeAXI4.gen "
@I [HLS-100] Command "source /opt/Xilinx/Vivado_HLS/2015.4/common/technology/xilinx/interface/saxilite.gen "
@I [HLS-100] Command 'ap_source' returned 0; elapsed 0.002869Total elapsed time: 0.376 sec.
@I [HLS-100] Command "source /opt/Xilinx/Vivado_HLS/2015.4/common/technology/xilinx/interface/maxi.gen "
@I [HLS-100] Command 'ap_source' returned 0; elapsed 0.005167Total elapsed time: 0.381 sec.
@I [HLS-100] Command 'ap_source' returned 0; elapsed 0.008184Total elapsed time: 0.381 sec.
@I [HLS-100] Command "source /opt/Xilinx/Vivado_HLS/2015.4/common/technology/xilinx/scripts/xilinxcoregen.gen "
@I [HLS-100] Command 'ap_source' returned 0; elapsed 0.006789Total elapsed time: 0.388 sec.
@I [HLS-100] Command "source /opt/Xilinx/Vivado_HLS/2015.4/common/technology/xilinx/interface/XilEDKCoreGen.gen "
@I [HLS-100] Command 'ap_source' returned 0; elapsed 0.006373Total elapsed time: 0.395 sec.
@I [HLS-100] Command "source /opt/Xilinx/Vivado_HLS/2015.4/common/technology/xilinx/ip/util.gen "
@I [HLS-100] Command 'ap_source' returned 0; elapsed 0.000107Total elapsed time: 0.395 sec.
@I [HLS-100] Command "source /opt/Xilinx/Vivado_HLS/2015.4/common/technology/xilinx/ip/xfir.gen "
@I [HLS-100] Command 'ap_source' returned 0; elapsed 0.024731Total elapsed time: 0.420 sec.
@I [HLS-100] Command "source /opt/Xilinx/Vivado_HLS/2015.4/common/technology/xilinx/ip/dds_compiler.gen "
@I [HLS-100] Command 'ap_source' returned 0; elapsed 0.002652Total elapsed time: 0.423 sec.
@I [HLS-100] Command "source /opt/Xilinx/Vivado_HLS/2015.4/common/technology/xilinx/ip/xfft.gen "
@I [HLS-100] Command 'ap_source' returned 0; elapsed 0.077374Total elapsed time: 0.501 sec.
@I [HLS-100] Command 'ap_source' returned 0; elapsed 0.129749Total elapsed time: 0.501 sec.
@I [HLS-100] Command "source /opt/Xilinx/Vivado_HLS/2015.4/common/technology/xilinx/common/dsp48.gen "
@I [HLS-100] Command 'ap_source' returned 0; elapsed 0.00011Total elapsed time: 0.502 sec.
@I [HLS-100] Command 'ap_source' returned 0; elapsed 0.131302Total elapsed time: 0.502 sec.
@I [HLS-100] Command 'ap_source' returned 0; elapsed 0.131372Total elapsed time: 0.502 sec.
@I [HLS-100] Command "source /opt/Xilinx/Vivado_HLS/2015.4/common/technology/xilinx/zynq/zynq_fpv6.gen "
@I [HLS-100] Command "source /opt/Xilinx/Vivado_HLS/2015.4/common/technology/xilinx/common/xilinx_fpv6.gen "
@I [HLS-100] Command 'ap_source' returned 0; elapsed 0.001227Total elapsed time: 0.503 sec.
@I [HLS-100] Command 'ap_source' returned 0; elapsed 0.001299Total elapsed time: 0.503 sec.
@I [HLS-100] Command "source /home/ubuntu-admin/SharedFolder/EIT_Studies/TUB_Docs/Sem2/EmbProj/GitHub/AEP/HLS/bram_interface/solution1/.autopilot/db/global.setting.tcl "
@I [HLS-100] Command 'ap_source' returned 0; elapsed 0.000157Total elapsed time: 0.504 sec.
@I [IMPL-8] Exporting RTL as an IP in IP-XACT.
@I [HLS-100] Command "source /home/ubuntu-admin/SharedFolder/EIT_Studies/TUB_Docs/Sem2/EmbProj/GitHub/AEP/HLS/bram_interface/solution1/.autopilot/db/global.setting.tcl "
@I [HLS-100] Command 'ap_source' returned 0; elapsed 0.00021Total elapsed time: 0.505 sec.
@I [HLS-100] Command "source /home/ubuntu-admin/SharedFolder/EIT_Studies/TUB_Docs/Sem2/EmbProj/GitHub/AEP/HLS/bram_interface/solution1/.autopilot/db/global.setting.tcl "
@I [HLS-100] Command 'ap_source' returned 0; elapsed 0.000136Total elapsed time: 0.509 sec.
@I [HLS-100] Command "source /opt/Xilinx/Vivado_HLS/2015.4/common/technology/generic/autopilot/common.gen "
@I [HLS-100] Command "source /opt/Xilinx/Vivado_HLS/2015.4/common/technology/generic/autopilot/APCoreGen.gen "
@I [HLS-100] Command 'ap_source' returned 0; elapsed 0.000361Total elapsed time: 0.510 sec.
@I [HLS-100] Command 'ap_source' returned 0; elapsed 0.000733Total elapsed time: 0.510 sec.
@I [HLS-100] Command "source /opt/Xilinx/Vivado_HLS/2015.4/common/technology/generic/autopilot/op.gen "
@I [HLS-100] Command 'ap_source' returned 0; elapsed 0.000209Total elapsed time: 0.510 sec.
@I [HLS-100] Command "source /opt/Xilinx/Vivado_HLS/2015.4/common/technology/generic/autopilot/op_simcore.gen "
@I [HLS-100] Command 'ap_source' returned 0; elapsed 0.000671Total elapsed time: 0.511 sec.
@I [HLS-100] Command "source /opt/Xilinx/Vivado_HLS/2015.4/common/technology/generic/autopilot/interface.gen "
@I [HLS-100] Command 'ap_source' returned 0; elapsed 5.1e-05Total elapsed time: 0.511 sec.
@I [HLS-100] Command "source /home/ubuntu-admin/SharedFolder/EIT_Studies/TUB_Docs/Sem2/EmbProj/GitHub/AEP/HLS/bram_interface/solution1/.autopilot/db/global.setting.tcl "
@I [HLS-100] Command 'ap_source' returned 0; elapsed 0.000113Total elapsed time: 0.511 sec.
@I [HLS-100] Command "source /opt/Xilinx/Vivado_HLS/2015.4/common/technology/xilinx/zynq/zynq.gen "
@I [HLS-100] Command "source /opt/Xilinx/Vivado_HLS/2015.4/common/technology/xilinx/common/virtex.gen "
@I [HLS-100] Command "source /opt/Xilinx/Vivado_HLS/2015.4/common/technology/xilinx/common/xilinx.gen "
@I [HLS-100] Command "source /opt/Xilinx/Vivado_HLS/2015.4/common/technology/xilinx/interface/plb46.gen "
@I [HLS-100] Command 'ap_source' returned 0; elapsed 0.000678Total elapsed time: 0.512 sec.
@I [HLS-100] Command "source /opt/Xilinx/Vivado_HLS/2015.4/common/technology/xilinx/interface/fsl.gen "
@I [HLS-100] Command 'ap_source' returned 0; elapsed 0.000307Total elapsed time: 0.512 sec.
@I [HLS-100] Command "source /opt/Xilinx/Vivado_HLS/2015.4/common/technology/xilinx/interface/axi4.gen "
@I [HLS-100] Command 'ap_source' returned 0; elapsed 0.001667Total elapsed time: 0.514 sec.
@I [HLS-100] Command "source /opt/Xilinx/Vivado_HLS/2015.4/common/technology/xilinx/interface/nativeAXI4.gen "
@I [HLS-100] Command "source /opt/Xilinx/Vivado_HLS/2015.4/common/technology/xilinx/interface/saxilite.gen "
@I [HLS-100] Command 'ap_source' returned 0; elapsed 0.003137Total elapsed time: 0.517 sec.
@I [HLS-100] Command "source /opt/Xilinx/Vivado_HLS/2015.4/common/technology/xilinx/interface/maxi.gen "
@I [HLS-100] Command 'ap_source' returned 0; elapsed 0.005014Total elapsed time: 0.523 sec.
@I [HLS-100] Command 'ap_source' returned 0; elapsed 0.008288Total elapsed time: 0.523 sec.
@I [HLS-100] Command "source /opt/Xilinx/Vivado_HLS/2015.4/common/technology/xilinx/scripts/xilinxcoregen.gen "
@I [HLS-100] Command 'ap_source' returned 0; elapsed 0.006579Total elapsed time: 0.529 sec.
@I [HLS-100] Command "source /opt/Xilinx/Vivado_HLS/2015.4/common/technology/xilinx/interface/XilEDKCoreGen.gen "
@I [HLS-100] Command 'ap_source' returned 0; elapsed 0.006312Total elapsed time: 0.536 sec.
@I [HLS-100] Command "source /opt/Xilinx/Vivado_HLS/2015.4/common/technology/xilinx/ip/util.gen "
@I [HLS-100] Command 'ap_source' returned 0; elapsed 0.0001Total elapsed time: 0.536 sec.
@I [HLS-100] Command "source /opt/Xilinx/Vivado_HLS/2015.4/common/technology/xilinx/ip/xfir.gen "
@I [HLS-100] Command 'ap_source' returned 0; elapsed 0.02388Total elapsed time: 0.560 sec.
@I [HLS-100] Command "source /opt/Xilinx/Vivado_HLS/2015.4/common/technology/xilinx/ip/dds_compiler.gen "
@I [HLS-100] Command 'ap_source' returned 0; elapsed 0.00395Total elapsed time: 0.564 sec.
@I [HLS-100] Command "source /opt/Xilinx/Vivado_HLS/2015.4/common/technology/xilinx/ip/xfft.gen "
@I [HLS-100] Command 'ap_source' returned 0; elapsed 0.076576Total elapsed time: 0.641 sec.
@I [HLS-100] Command 'ap_source' returned 0; elapsed 0.128917Total elapsed time: 0.641 sec.
@I [HLS-100] Command "source /opt/Xilinx/Vivado_HLS/2015.4/common/technology/xilinx/common/dsp48.gen "
@I [HLS-100] Command 'ap_source' returned 0; elapsed 0.000109Total elapsed time: 0.642 sec.
@I [HLS-100] Command 'ap_source' returned 0; elapsed 0.130334Total elapsed time: 0.642 sec.
@I [HLS-100] Command 'ap_source' returned 0; elapsed 0.130401Total elapsed time: 0.642 sec.
@I [HLS-100] Command "source /opt/Xilinx/Vivado_HLS/2015.4/common/technology/xilinx/zynq/zynq_fpv6.gen "
@I [HLS-100] Command "source /opt/Xilinx/Vivado_HLS/2015.4/common/technology/xilinx/common/xilinx_fpv6.gen "
@I [HLS-100] Command 'ap_source' returned 0; elapsed 0.001129Total elapsed time: 0.644 sec.
@I [HLS-100] Command 'ap_source' returned 0; elapsed 0.001199Total elapsed time: 0.644 sec.
@I [HLS-100] Command "source /home/ubuntu-admin/SharedFolder/EIT_Studies/TUB_Docs/Sem2/EmbProj/GitHub/AEP/HLS/bram_interface/solution1/.autopilot/db/global.setting.tcl "
@I [HLS-100] Command 'ap_source' returned 0; elapsed 0.000117Total elapsed time: 0.644 sec.
@I [HLS-100] Command "source /home/ubuntu-admin/SharedFolder/EIT_Studies/TUB_Docs/Sem2/EmbProj/GitHub/AEP/HLS/bram_interface/solution1/.autopilot/db/global.setting.tcl "
@I [HLS-100] Command 'ap_source' returned 0; elapsed 0.000101Total elapsed time: 0.644 sec.
@I [HLS-100] Command "source /home/ubuntu-admin/SharedFolder/EIT_Studies/TUB_Docs/Sem2/EmbProj/GitHub/AEP/HLS/bram_interface/solution1/.autopilot/db/zhan_suen.compgen.tcl "
@I [HLS-100] Command 'ap_source' returned 0; elapsed 0.000115Total elapsed time: 0.645 sec.
@I [HLS-100] Command "source /home/ubuntu-admin/SharedFolder/EIT_Studies/TUB_Docs/Sem2/EmbProj/GitHub/AEP/HLS/bram_interface/solution1/.autopilot/db/global.setting.tcl "
@I [HLS-100] Command 'ap_source' returned 0; elapsed 0.000108Total elapsed time: 0.647 sec.
@I [HLS-100] Command "source /home/ubuntu-admin/SharedFolder/EIT_Studies/TUB_Docs/Sem2/EmbProj/GitHub/AEP/HLS/bram_interface/solution1/.autopilot/db/global.setting.tcl "
@I [HLS-100] Command 'ap_source' returned 0; elapsed 9.3e-05Total elapsed time: 0.647 sec.
@I [HLS-100] Command "source /home/ubuntu-admin/SharedFolder/EIT_Studies/TUB_Docs/Sem2/EmbProj/GitHub/AEP/HLS/bram_interface/solution1/.autopilot/db/zhan_suen.compgen.tcl "
@I [HLS-100] Command "source /home/ubuntu-admin/SharedFolder/EIT_Studies/TUB_Docs/Sem2/EmbProj/GitHub/AEP/HLS/bram_interface/solution1/.autopilot/db/zhan_suen.rtl_wrap.cfg.tcl "
@I [HLS-100] Command 'ap_source' returned 0; elapsed 0.000143Total elapsed time: 0.647 sec.
@I [HLS-100] Command "source /home/ubuntu-admin/SharedFolder/EIT_Studies/TUB_Docs/Sem2/EmbProj/GitHub/AEP/HLS/bram_interface/solution1/.autopilot/db/zhan_suen.rtl_wrap.cfg.tcl "
@I [HLS-100] Command 'ap_source' returned 0; elapsed 0.000126Total elapsed time: 0.648 sec.
@I [HLS-100] Command "source /home/ubuntu-admin/SharedFolder/EIT_Studies/TUB_Docs/Sem2/EmbProj/GitHub/AEP/HLS/bram_interface/solution1/.autopilot/db/zhan_suen.rtl_wrap.cfg.tcl "
@I [HLS-100] Command 'ap_source' returned 0; elapsed 0.00013Total elapsed time: 0.648 sec.
@I [HLS-100] Command "source /home/ubuntu-admin/SharedFolder/EIT_Studies/TUB_Docs/Sem2/EmbProj/GitHub/AEP/HLS/bram_interface/solution1/.autopilot/db/zhan_suen.tbgen.tcl "
@I [HLS-100] Command 'ap_source' returned 0; elapsed 0.000116Total elapsed time: 0.648 sec.
@I [HLS-100] Command "source /home/ubuntu-admin/SharedFolder/EIT_Studies/TUB_Docs/Sem2/EmbProj/GitHub/AEP/HLS/bram_interface/solution1/.autopilot/db/zhan_suen.tbgen.tcl "
@I [HLS-100] Command 'ap_source' returned 0; elapsed 0.000112Total elapsed time: 0.648 sec.
@I [HLS-100] Command 'ap_source' returned 0; elapsed 0.030831Total elapsed time: 0.678 sec.
@I [HLS-100] Command "source /home/ubuntu-admin/SharedFolder/EIT_Studies/TUB_Docs/Sem2/EmbProj/GitHub/AEP/HLS/bram_interface/solution1/.autopilot/db/global.setting.tcl "
@I [HLS-100] Command 'ap_source' returned 0; elapsed 0.000109Total elapsed time: 0.682 sec.
@I [HLS-100] Command "source /home/ubuntu-admin/SharedFolder/EIT_Studies/TUB_Docs/Sem2/EmbProj/GitHub/AEP/HLS/bram_interface/solution1/.autopilot/db/global.setting.tcl "
@I [HLS-100] Command 'ap_source' returned 0; elapsed 9.3e-05Total elapsed time: 0.682 sec.
@I [HLS-100] Command "source /home/ubuntu-admin/SharedFolder/EIT_Studies/TUB_Docs/Sem2/EmbProj/GitHub/AEP/HLS/bram_interface/solution1/.autopilot/db/zhan_suen.compgen.tcl "
@I [HLS-100] Command 'ap_source' returned 0; elapsed 0.000113Total elapsed time: 0.682 sec.
@I [HLS-100] Command "source /home/ubuntu-admin/SharedFolder/EIT_Studies/TUB_Docs/Sem2/EmbProj/GitHub/AEP/HLS/bram_interface/solution1/.autopilot/db/global.setting.tcl "
@I [HLS-100] Command 'ap_source' returned 0; elapsed 0.000129Total elapsed time: 0.724 sec.
@I [HLS-100] Command "source /home/ubuntu-admin/SharedFolder/EIT_Studies/TUB_Docs/Sem2/EmbProj/GitHub/AEP/HLS/bram_interface/solution1/.autopilot/db/zhan_suen.constraint.tcl "
@I [HLS-100] Command 'ap_source' returned 0; elapsed 6.3e-05Total elapsed time: 0.725 sec.
@I [HLS-100] Command "source /home/ubuntu-admin/SharedFolder/EIT_Studies/TUB_Docs/Sem2/EmbProj/GitHub/AEP/HLS/bram_interface/solution1/.autopilot/db/zhan_suen.rtl_wrap.cfg.tcl "
@I [HLS-100] Command 'ap_source' returned 0; elapsed 0.000148Total elapsed time: 0.736 sec.
@I [HLS-100] Command "source /home/ubuntu-admin/SharedFolder/EIT_Studies/TUB_Docs/Sem2/EmbProj/GitHub/AEP/HLS/bram_interface/solution1/.autopilot/db/zhan_suen.rtl_wrap.cfg.tcl "
@I [HLS-100] Command 'ap_source' returned 0; elapsed 0.00012Total elapsed time: 0.736 sec.
@I [HLS-100] Command "source /home/ubuntu-admin/SharedFolder/EIT_Studies/TUB_Docs/Sem2/EmbProj/GitHub/AEP/HLS/bram_interface/solution1/.autopilot/db/zhan_suen.rtl_wrap.cfg.tcl "
@I [HLS-100] Command 'ap_source' returned 0; elapsed 0.000123Total elapsed time: 0.737 sec.
@I [HLS-100] Command "source /home/ubuntu-admin/SharedFolder/EIT_Studies/TUB_Docs/Sem2/EmbProj/GitHub/AEP/HLS/bram_interface/solution1/.autopilot/db/zhan_suen.tbgen.tcl "
@I [HLS-100] Command 'ap_source' returned 0; elapsed 0.000112Total elapsed time: 0.737 sec.
@I [HLS-100] Command "source /home/ubuntu-admin/SharedFolder/EIT_Studies/TUB_Docs/Sem2/EmbProj/GitHub/AEP/HLS/bram_interface/solution1/.autopilot/db/zhan_suen.tbgen.tcl "
@I [HLS-100] Command 'ap_source' returned 0; elapsed 0.000107Total elapsed time: 0.737 sec.
@I [HLS-100] Command "source /home/ubuntu-admin/SharedFolder/EIT_Studies/TUB_Docs/Sem2/EmbProj/GitHub/AEP/HLS/bram_interface/solution1/.autopilot/db/zhan_suen.tbgen.tcl "
@I [HLS-100] Command 'ap_source' returned 0; elapsed 0.000131Total elapsed time: 0.763 sec.
@I [HLS-100] Command "source /home/ubuntu-admin/SharedFolder/EIT_Studies/TUB_Docs/Sem2/EmbProj/GitHub/AEP/HLS/bram_interface/solution1/.autopilot/db/zhan_suen.tbgen.tcl "
@I [HLS-100] Command 'ap_source' returned 0; elapsed 0.000124Total elapsed time: 0.764 sec.
@I [HLS-100] Command "source /home/ubuntu-admin/SharedFolder/EIT_Studies/TUB_Docs/Sem2/EmbProj/GitHub/AEP/HLS/bram_interface/solution1/.autopilot/db/global.setting.tcl "
@I [HLS-100] Command 'ap_source' returned 0; elapsed 0.000106Total elapsed time: 0.765 sec.
@I [HLS-100] Command "source /home/ubuntu-admin/SharedFolder/EIT_Studies/TUB_Docs/Sem2/EmbProj/GitHub/AEP/HLS/bram_interface/solution1/.autopilot/db/global.setting.tcl "
@I [HLS-100] Command 'ap_source' returned 0; elapsed 0.000131Total elapsed time: 0.776 sec.
@I [HLS-100] Command "source /home/ubuntu-admin/SharedFolder/EIT_Studies/TUB_Docs/Sem2/EmbProj/GitHub/AEP/HLS/bram_interface/solution1/.autopilot/db/global.setting.tcl "
@I [HLS-100] Command 'ap_source' returned 0; elapsed 0.000132Total elapsed time: 0.778 sec.
@I [HLS-100] Command "source /home/ubuntu-admin/SharedFolder/EIT_Studies/TUB_Docs/Sem2/EmbProj/GitHub/AEP/HLS/bram_interface/solution1/.autopilot/db/zhan_suen.rtl_wrap.cfg.tcl "
@I [HLS-100] Command 'ap_source' returned 0; elapsed 0.00016Total elapsed time: 0.779 sec.
@I [HLS-100] Command "source /home/ubuntu-admin/SharedFolder/EIT_Studies/TUB_Docs/Sem2/EmbProj/GitHub/AEP/HLS/bram_interface/solution1/.autopilot/db/zhan_suen.rtl_wrap.cfg.tcl "
@I [HLS-100] Command 'ap_source' returned 0; elapsed 0.000138Total elapsed time: 0.779 sec.
@I [HLS-100] Command "source /home/ubuntu-admin/SharedFolder/EIT_Studies/TUB_Docs/Sem2/EmbProj/GitHub/AEP/HLS/bram_interface/solution1/.autopilot/db/zhan_suen.tbgen.tcl "
@I [HLS-100] Command 'ap_source' returned 0; elapsed 0.000123Total elapsed time: 0.779 sec.
@I [HLS-100] Command "source /home/ubuntu-admin/SharedFolder/EIT_Studies/TUB_Docs/Sem2/EmbProj/GitHub/AEP/HLS/bram_interface/solution1/.autopilot/db/zhan_suen.tbgen.tcl "
@I [HLS-100] Command 'ap_source' returned 0; elapsed 0.000119Total elapsed time: 0.780 sec.
@I [HLS-100] Command "source /home/ubuntu-admin/SharedFolder/EIT_Studies/TUB_Docs/Sem2/EmbProj/GitHub/AEP/HLS/bram_interface/solution1/.autopilot/db/zhan_suen.rtl_wrap.cfg.tcl "
@I [HLS-100] Command 'ap_source' returned 0; elapsed 0.000145Total elapsed time: 0.803 sec.
@I [HLS-100] Command "source /home/ubuntu-admin/SharedFolder/EIT_Studies/TUB_Docs/Sem2/EmbProj/GitHub/AEP/HLS/bram_interface/solution1/.autopilot/db/zhan_suen.rtl_wrap.cfg.tcl "
@I [HLS-100] Command 'ap_source' returned 0; elapsed 0.000128Total elapsed time: 0.803 sec.
@I [HLS-100] Command "source /home/ubuntu-admin/SharedFolder/EIT_Studies/TUB_Docs/Sem2/EmbProj/GitHub/AEP/HLS/bram_interface/solution1/.autopilot/db/zhan_suen.tbgen.tcl "
@I [HLS-100] Command 'ap_source' returned 0; elapsed 0.000129Total elapsed time: 0.803 sec.
@I [HLS-100] Command "source /home/ubuntu-admin/SharedFolder/EIT_Studies/TUB_Docs/Sem2/EmbProj/GitHub/AEP/HLS/bram_interface/solution1/.autopilot/db/zhan_suen.tbgen.tcl "
@I [HLS-100] Command 'ap_source' returned 0; elapsed 0.000153Total elapsed time: 0.803 sec.
@I [HLS-100] Command "source /home/ubuntu-admin/SharedFolder/EIT_Studies/TUB_Docs/Sem2/EmbProj/GitHub/AEP/HLS/bram_interface/solution1/.autopilot/db/global.setting.tcl "
@I [HLS-100] Command 'ap_source' returned 0; elapsed 0.000127Total elapsed time: 0.826 sec.
@I [HLS-100] Command "source /home/ubuntu-admin/SharedFolder/EIT_Studies/TUB_Docs/Sem2/EmbProj/GitHub/AEP/HLS/bram_interface/solution1/.autopilot/db/zhan_suen.rtl_wrap.cfg.tcl "
@I [HLS-100] Command 'ap_source' returned 0; elapsed 0.000133Total elapsed time: 0.827 sec.
@I [HLS-100] Command "source /home/ubuntu-admin/SharedFolder/EIT_Studies/TUB_Docs/Sem2/EmbProj/GitHub/AEP/HLS/bram_interface/solution1/.autopilot/db/zhan_suen.rtl_wrap.cfg.tcl "
@I [HLS-100] Command 'ap_source' returned 0; elapsed 0.000151Total elapsed time: 0.827 sec.
@I [HLS-100] Command "source /home/ubuntu-admin/SharedFolder/EIT_Studies/TUB_Docs/Sem2/EmbProj/GitHub/AEP/HLS/bram_interface/solution1/.autopilot/db/zhan_suen.tbgen.tcl "
@I [HLS-100] Command 'ap_source' returned 0; elapsed 0.000137Total elapsed time: 0.827 sec.
@I [HLS-100] Command "source /home/ubuntu-admin/SharedFolder/EIT_Studies/TUB_Docs/Sem2/EmbProj/GitHub/AEP/HLS/bram_interface/solution1/.autopilot/db/zhan_suen.tbgen.tcl "
@I [HLS-100] Command 'ap_source' returned 0; elapsed 0.000137Total elapsed time: 0.827 sec.
@I [HLS-100] Command "source /home/ubuntu-admin/SharedFolder/EIT_Studies/TUB_Docs/Sem2/EmbProj/GitHub/AEP/HLS/bram_interface/solution1/.autopilot/db/global.setting.tcl "
@I [HLS-100] Command 'ap_source' returned 0; elapsed 0.000128Total elapsed time: 0.849 sec.
@I [HLS-100] Command "source /home/ubuntu-admin/SharedFolder/EIT_Studies/TUB_Docs/Sem2/EmbProj/GitHub/AEP/HLS/bram_interface/solution1/.autopilot/db/zhan_suen.constraint.tcl "
@I [HLS-100] Command 'ap_source' returned 0; elapsed 4.9e-05Total elapsed time: 0.850 sec.
@I [HLS-100] Command "source /home/ubuntu-admin/SharedFolder/EIT_Studies/TUB_Docs/Sem2/EmbProj/GitHub/AEP/HLS/bram_interface/solution1/.autopilot/db/global.setting.tcl "
@I [HLS-100] Command 'ap_source' returned 0; elapsed 0.000148Total elapsed time: 0.864 sec.
@I [HLS-100] Command "source /home/ubuntu-admin/SharedFolder/EIT_Studies/TUB_Docs/Sem2/EmbProj/GitHub/AEP/HLS/bram_interface/solution1/.autopilot/db/global.setting.tcl "
@I [HLS-100] Command 'ap_source' returned 0; elapsed 0.000116Total elapsed time: 0.874 sec.
@I [HLS-100] Command "source /home/ubuntu-admin/SharedFolder/EIT_Studies/TUB_Docs/Sem2/EmbProj/GitHub/AEP/HLS/bram_interface/solution1/.autopilot/db/zhan_suen.constraint.tcl "
@I [HLS-100] Command 'ap_source' returned 0; elapsed 4.6e-05Total elapsed time: 0.874 sec.
@I [HLS-100] Command "source /home/ubuntu-admin/SharedFolder/EIT_Studies/TUB_Docs/Sem2/EmbProj/GitHub/AEP/HLS/bram_interface/solution1/.autopilot/db/zhan_suen.constraint.tcl "
@I [HLS-100] Command 'ap_source' returned 0; elapsed 4.2e-05Total elapsed time: 0.875 sec.
@I [HLS-100] Command "source /opt/Xilinx/Vivado_HLS/2015.4/common/technology/generic/autopilot/common.gen "
@I [HLS-100] Command "source /opt/Xilinx/Vivado_HLS/2015.4/common/technology/generic/autopilot/APCoreGen.gen "
@I [HLS-100] Command 'ap_source' returned 0; elapsed 0.000403Total elapsed time: 0.877 sec.
@I [HLS-100] Command 'ap_source' returned 0; elapsed 0.000805Total elapsed time: 0.877 sec.
@I [HLS-100] Command "source /opt/Xilinx/Vivado_HLS/2015.4/common/technology/generic/autopilot/op.gen "
@I [HLS-100] Command 'ap_source' returned 0; elapsed 0.000215Total elapsed time: 0.878 sec.
@I [HLS-100] Command "source /opt/Xilinx/Vivado_HLS/2015.4/common/technology/generic/autopilot/op_simcore.gen "
@I [HLS-100] Command 'ap_source' returned 0; elapsed 0.000718Total elapsed time: 0.878 sec.
@I [HLS-100] Command "source /opt/Xilinx/Vivado_HLS/2015.4/common/technology/generic/autopilot/interface.gen "
@I [HLS-100] Command 'ap_source' returned 0; elapsed 5.5e-05Total elapsed time: 0.878 sec.
@I [HLS-100] Command "source /home/ubuntu-admin/SharedFolder/EIT_Studies/TUB_Docs/Sem2/EmbProj/GitHub/AEP/HLS/bram_interface/solution1/.autopilot/db/global.setting.tcl "
@I [HLS-100] Command 'ap_source' returned 0; elapsed 0.000113Total elapsed time: 0.879 sec.
@I [HLS-100] Command "source /opt/Xilinx/Vivado_HLS/2015.4/common/technology/xilinx/zynq/zynq.gen "
@I [HLS-100] Command "source /opt/Xilinx/Vivado_HLS/2015.4/common/technology/xilinx/common/virtex.gen "
@I [HLS-100] Command "source /opt/Xilinx/Vivado_HLS/2015.4/common/technology/xilinx/common/xilinx.gen "
@I [HLS-100] Command "source /opt/Xilinx/Vivado_HLS/2015.4/common/technology/xilinx/interface/plb46.gen "
@I [HLS-100] Command 'ap_source' returned 0; elapsed 0.000831Total elapsed time: 0.880 sec.
@I [HLS-100] Command "source /opt/Xilinx/Vivado_HLS/2015.4/common/technology/xilinx/interface/fsl.gen "
@I [HLS-100] Command 'ap_source' returned 0; elapsed 0.000342Total elapsed time: 0.880 sec.
@I [HLS-100] Command "source /opt/Xilinx/Vivado_HLS/2015.4/common/technology/xilinx/interface/axi4.gen "
@I [HLS-100] Command 'ap_source' returned 0; elapsed 0.001702Total elapsed time: 0.882 sec.
@I [HLS-100] Command "source /opt/Xilinx/Vivado_HLS/2015.4/common/technology/xilinx/interface/nativeAXI4.gen "
@I [HLS-100] Command "source /opt/Xilinx/Vivado_HLS/2015.4/common/technology/xilinx/interface/saxilite.gen "
@I [HLS-100] Command 'ap_source' returned 0; elapsed 0.002807Total elapsed time: 0.885 sec.
@I [HLS-100] Command "source /opt/Xilinx/Vivado_HLS/2015.4/common/technology/xilinx/interface/maxi.gen "
@I [HLS-100] Command 'ap_source' returned 0; elapsed 0.005371Total elapsed time: 0.890 sec.
@I [HLS-100] Command 'ap_source' returned 0; elapsed 0.008301Total elapsed time: 0.890 sec.
@I [HLS-100] Command "source /opt/Xilinx/Vivado_HLS/2015.4/common/technology/xilinx/scripts/xilinxcoregen.gen "
@I [HLS-100] Command 'ap_source' returned 0; elapsed 0.006628Total elapsed time: 0.897 sec.
@I [HLS-100] Command "source /opt/Xilinx/Vivado_HLS/2015.4/common/technology/xilinx/interface/XilEDKCoreGen.gen "
@I [HLS-100] Command 'ap_source' returned 0; elapsed 0.006855Total elapsed time: 0.904 sec.
@I [HLS-100] Command "source /opt/Xilinx/Vivado_HLS/2015.4/common/technology/xilinx/ip/util.gen "
@I [HLS-100] Command 'ap_source' returned 0; elapsed 0.000105Total elapsed time: 0.904 sec.
@I [HLS-100] Command "source /opt/Xilinx/Vivado_HLS/2015.4/common/technology/xilinx/ip/xfir.gen "
@I [HLS-100] Command 'ap_source' returned 0; elapsed 0.024792Total elapsed time: 0.929 sec.
@I [HLS-100] Command "source /opt/Xilinx/Vivado_HLS/2015.4/common/technology/xilinx/ip/dds_compiler.gen "
@I [HLS-100] Command 'ap_source' returned 0; elapsed 0.002722Total elapsed time: 0.932 sec.
@I [HLS-100] Command "source /opt/Xilinx/Vivado_HLS/2015.4/common/technology/xilinx/ip/xfft.gen "
@I [HLS-100] Command 'ap_source' returned 0; elapsed 0.075656Total elapsed time: 1.7 sec.
@I [HLS-100] Command 'ap_source' returned 0; elapsed 0.128452Total elapsed time: 1.7 sec.
@I [HLS-100] Command "source /opt/Xilinx/Vivado_HLS/2015.4/common/technology/xilinx/common/dsp48.gen "
@I [HLS-100] Command 'ap_source' returned 0; elapsed 0.000151Total elapsed time: 1.8 sec.
@I [HLS-100] Command 'ap_source' returned 0; elapsed 0.129926Total elapsed time: 1.9 sec.
@I [HLS-100] Command 'ap_source' returned 0; elapsed 0.130003Total elapsed time: 1.9 sec.
@I [HLS-100] Command "source /opt/Xilinx/Vivado_HLS/2015.4/common/technology/xilinx/zynq/zynq_fpv6.gen "
@I [HLS-100] Command "source /opt/Xilinx/Vivado_HLS/2015.4/common/technology/xilinx/common/xilinx_fpv6.gen "
@I [HLS-100] Command 'ap_source' returned 0; elapsed 0.001628Total elapsed time: 1.10 sec.
@I [HLS-100] Command 'ap_source' returned 0; elapsed 0.0018Total elapsed time: 1.11 sec.
@I [HLS-100] Command "source /home/ubuntu-admin/SharedFolder/EIT_Studies/TUB_Docs/Sem2/EmbProj/GitHub/AEP/HLS/bram_interface/solution1/.autopilot/db/global.setting.tcl "
@I [HLS-100] Command 'ap_source' returned 0; elapsed 0.000249Total elapsed time: 31.166 sec.
@I [HLS-100] Command "source /opt/Xilinx/Vivado_HLS/2015.4/common/technology/generic/autopilot/common.gen "
@I [HLS-100] Command "source /opt/Xilinx/Vivado_HLS/2015.4/common/technology/generic/autopilot/APCoreGen.gen "
@I [HLS-100] Command 'ap_source' returned 0; elapsed 0.000665Total elapsed time: 31.171 sec.
@I [HLS-100] Command 'ap_source' returned 0; elapsed 0.001343Total elapsed time: 31.171 sec.
@I [HLS-100] Command "source /opt/Xilinx/Vivado_HLS/2015.4/common/technology/generic/autopilot/op.gen "
@I [HLS-100] Command 'ap_source' returned 0; elapsed 0.00034Total elapsed time: 31.172 sec.
@I [HLS-100] Command "source /opt/Xilinx/Vivado_HLS/2015.4/common/technology/generic/autopilot/op_simcore.gen "
@I [HLS-100] Command 'ap_source' returned 0; elapsed 0.00105Total elapsed time: 31.173 sec.
@I [HLS-100] Command "source /opt/Xilinx/Vivado_HLS/2015.4/common/technology/generic/autopilot/interface.gen "
@I [HLS-100] Command 'ap_source' returned 0; elapsed 7.9e-05Total elapsed time: 31.173 sec.
@I [HLS-100] Command "source /home/ubuntu-admin/SharedFolder/EIT_Studies/TUB_Docs/Sem2/EmbProj/GitHub/AEP/HLS/bram_interface/solution1/.autopilot/db/global.setting.tcl "
@I [HLS-100] Command 'ap_source' returned 0; elapsed 0.000173Total elapsed time: 31.173 sec.
@I [HLS-100] Command "source /opt/Xilinx/Vivado_HLS/2015.4/common/technology/xilinx/zynq/zynq.gen "
@I [HLS-100] Command "source /opt/Xilinx/Vivado_HLS/2015.4/common/technology/xilinx/common/virtex.gen "
@I [HLS-100] Command "source /opt/Xilinx/Vivado_HLS/2015.4/common/technology/xilinx/common/xilinx.gen "
@I [HLS-100] Command "source /opt/Xilinx/Vivado_HLS/2015.4/common/technology/xilinx/interface/plb46.gen "
@I [HLS-100] Command 'ap_source' returned 0; elapsed 0.001148Total elapsed time: 31.175 sec.
@I [HLS-100] Command "source /opt/Xilinx/Vivado_HLS/2015.4/common/technology/xilinx/interface/fsl.gen "
@I [HLS-100] Command 'ap_source' returned 0; elapsed 0.000569Total elapsed time: 31.175 sec.
@I [HLS-100] Command "source /opt/Xilinx/Vivado_HLS/2015.4/common/technology/xilinx/interface/axi4.gen "
@I [HLS-100] Command 'ap_source' returned 0; elapsed 0.002623Total elapsed time: 31.178 sec.
@I [HLS-100] Command "source /opt/Xilinx/Vivado_HLS/2015.4/common/technology/xilinx/interface/nativeAXI4.gen "
@I [HLS-100] Command "source /opt/Xilinx/Vivado_HLS/2015.4/common/technology/xilinx/interface/saxilite.gen "
@I [HLS-100] Command 'ap_source' returned 0; elapsed 0.004285Total elapsed time: 31.182 sec.
@I [HLS-100] Command "source /opt/Xilinx/Vivado_HLS/2015.4/common/technology/xilinx/interface/maxi.gen "
@I [HLS-100] Command 'ap_source' returned 0; elapsed 0.007829Total elapsed time: 31.190 sec.
@I [HLS-100] Command 'ap_source' returned 0; elapsed 0.012304Total elapsed time: 31.190 sec.
@I [HLS-100] Command "source /opt/Xilinx/Vivado_HLS/2015.4/common/technology/xilinx/scripts/xilinxcoregen.gen "
@I [HLS-100] Command 'ap_source' returned 0; elapsed 0.008696Total elapsed time: 31.199 sec.
@I [HLS-100] Command "source /opt/Xilinx/Vivado_HLS/2015.4/common/technology/xilinx/interface/XilEDKCoreGen.gen "
@I [HLS-100] Command 'ap_source' returned 0; elapsed 0.008877Total elapsed time: 31.208 sec.
@I [HLS-100] Command "source /opt/Xilinx/Vivado_HLS/2015.4/common/technology/xilinx/ip/util.gen "
@I [HLS-100] Command 'ap_source' returned 0; elapsed 0.000174Total elapsed time: 31.208 sec.
@I [HLS-100] Command "source /opt/Xilinx/Vivado_HLS/2015.4/common/technology/xilinx/ip/xfir.gen "
@I [HLS-100] Command 'ap_source' returned 0; elapsed 0.031351Total elapsed time: 31.240 sec.
@I [HLS-100] Command "source /opt/Xilinx/Vivado_HLS/2015.4/common/technology/xilinx/ip/dds_compiler.gen "
@I [HLS-100] Command 'ap_source' returned 0; elapsed 0.003003Total elapsed time: 31.243 sec.
@I [HLS-100] Command "source /opt/Xilinx/Vivado_HLS/2015.4/common/technology/xilinx/ip/xfft.gen "
@I [HLS-100] Command 'ap_source' returned 0; elapsed 0.077412Total elapsed time: 31.320 sec.
@I [HLS-100] Command 'ap_source' returned 0; elapsed 0.146958Total elapsed time: 31.320 sec.
@I [HLS-100] Command "source /opt/Xilinx/Vivado_HLS/2015.4/common/technology/xilinx/common/dsp48.gen "
@I [HLS-100] Command 'ap_source' returned 0; elapsed 0.00011Total elapsed time: 31.321 sec.
@I [HLS-100] Command 'ap_source' returned 0; elapsed 0.148394Total elapsed time: 31.322 sec.
@I [HLS-100] Command 'ap_source' returned 0; elapsed 0.148481Total elapsed time: 31.322 sec.
@I [HLS-100] Command "source /opt/Xilinx/Vivado_HLS/2015.4/common/technology/xilinx/zynq/zynq_fpv6.gen "
@I [HLS-100] Command "source /opt/Xilinx/Vivado_HLS/2015.4/common/technology/xilinx/common/xilinx_fpv6.gen "
@I [HLS-100] Command 'ap_source' returned 0; elapsed 0.001267Total elapsed time: 31.323 sec.
@I [HLS-100] Command 'ap_source' returned 0; elapsed 0.001371Total elapsed time: 31.323 sec.
@I [HLS-100] Command "source /home/ubuntu-admin/SharedFolder/EIT_Studies/TUB_Docs/Sem2/EmbProj/GitHub/AEP/HLS/bram_interface/solution1/.autopilot/db/global.setting.tcl "
@I [HLS-100] Command 'ap_source' returned 0; elapsed 0.000135Total elapsed time: 31.323 sec.
@I [HLS-100] Command "source /home/ubuntu-admin/SharedFolder/EIT_Studies/TUB_Docs/Sem2/EmbProj/GitHub/AEP/HLS/bram_interface/solution1/.autopilot/db/global.setting.tcl "
@I [HLS-100] Command 'ap_source' returned 0; elapsed 0.000107Total elapsed time: 31.324 sec.
@I [HLS-100] Command "source /home/ubuntu-admin/SharedFolder/EIT_Studies/TUB_Docs/Sem2/EmbProj/GitHub/AEP/HLS/bram_interface/solution1/.autopilot/db/global.setting.tcl "
@I [HLS-100] Command 'ap_source' returned 0; elapsed 0.000118Total elapsed time: 31.326 sec.
@I [HLS-100] Command "source /opt/Xilinx/Vivado_HLS/2015.4/common/technology/generic/autopilot/common.gen "
@I [HLS-100] Command "source /opt/Xilinx/Vivado_HLS/2015.4/common/technology/generic/autopilot/APCoreGen.gen "
@I [HLS-100] Command 'ap_source' returned 0; elapsed 0.000366Total elapsed time: 31.326 sec.
@I [HLS-100] Command 'ap_source' returned 0; elapsed 0.000753Total elapsed time: 31.327 sec.
@I [HLS-100] Command "source /opt/Xilinx/Vivado_HLS/2015.4/common/technology/generic/autopilot/op.gen "
@I [HLS-100] Command 'ap_source' returned 0; elapsed 0.000206Total elapsed time: 31.327 sec.
@I [HLS-100] Command "source /opt/Xilinx/Vivado_HLS/2015.4/common/technology/generic/autopilot/op_simcore.gen "
@I [HLS-100] Command 'ap_source' returned 0; elapsed 0.000679Total elapsed time: 31.328 sec.
@I [HLS-100] Command "source /opt/Xilinx/Vivado_HLS/2015.4/common/technology/generic/autopilot/interface.gen "
@I [HLS-100] Command 'ap_source' returned 0; elapsed 4.9e-05Total elapsed time: 31.328 sec.
@I [HLS-100] Command "source /home/ubuntu-admin/SharedFolder/EIT_Studies/TUB_Docs/Sem2/EmbProj/GitHub/AEP/HLS/bram_interface/solution1/.autopilot/db/global.setting.tcl "
@I [HLS-100] Command 'ap_source' returned 0; elapsed 0.000109Total elapsed time: 31.328 sec.
@I [HLS-100] Command "source /opt/Xilinx/Vivado_HLS/2015.4/common/technology/xilinx/zynq/zynq.gen "
@I [HLS-100] Command "source /opt/Xilinx/Vivado_HLS/2015.4/common/technology/xilinx/common/virtex.gen "
@I [HLS-100] Command "source /opt/Xilinx/Vivado_HLS/2015.4/common/technology/xilinx/common/xilinx.gen "
@I [HLS-100] Command "source /opt/Xilinx/Vivado_HLS/2015.4/common/technology/xilinx/interface/plb46.gen "
@I [HLS-100] Command 'ap_source' returned 0; elapsed 0.000679Total elapsed time: 31.329 sec.
@I [HLS-100] Command "source /opt/Xilinx/Vivado_HLS/2015.4/common/technology/xilinx/interface/fsl.gen "
@I [HLS-100] Command 'ap_source' returned 0; elapsed 0.000425Total elapsed time: 31.329 sec.
@I [HLS-100] Command "source /opt/Xilinx/Vivado_HLS/2015.4/common/technology/xilinx/interface/axi4.gen "
@I [HLS-100] Command 'ap_source' returned 0; elapsed 0.002224Total elapsed time: 31.331 sec.
@I [HLS-100] Command "source /opt/Xilinx/Vivado_HLS/2015.4/common/technology/xilinx/interface/nativeAXI4.gen "
@I [HLS-100] Command "source /opt/Xilinx/Vivado_HLS/2015.4/common/technology/xilinx/interface/saxilite.gen "
@I [HLS-100] Command 'ap_source' returned 0; elapsed 0.003064Total elapsed time: 31.335 sec.
@I [HLS-100] Command "source /opt/Xilinx/Vivado_HLS/2015.4/common/technology/xilinx/interface/maxi.gen "
@I [HLS-100] Command 'ap_source' returned 0; elapsed 0.00496Total elapsed time: 31.340 sec.
@I [HLS-100] Command 'ap_source' returned 0; elapsed 0.008157Total elapsed time: 31.340 sec.
@I [HLS-100] Command "source /opt/Xilinx/Vivado_HLS/2015.4/common/technology/xilinx/scripts/xilinxcoregen.gen "
@I [HLS-100] Command 'ap_source' returned 0; elapsed 0.007713Total elapsed time: 31.347 sec.
@I [HLS-100] Command "source /opt/Xilinx/Vivado_HLS/2015.4/common/technology/xilinx/interface/XilEDKCoreGen.gen "
@I [HLS-100] Command 'ap_source' returned 0; elapsed 0.006389Total elapsed time: 31.354 sec.
@I [HLS-100] Command "source /opt/Xilinx/Vivado_HLS/2015.4/common/technology/xilinx/ip/util.gen "
@I [HLS-100] Command 'ap_source' returned 0; elapsed 0.000122Total elapsed time: 31.354 sec.
@I [HLS-100] Command "source /opt/Xilinx/Vivado_HLS/2015.4/common/technology/xilinx/ip/xfir.gen "
@I [HLS-100] Command 'ap_source' returned 0; elapsed 0.02432Total elapsed time: 31.378 sec.
@I [HLS-100] Command "source /opt/Xilinx/Vivado_HLS/2015.4/common/technology/xilinx/ip/dds_compiler.gen "
@I [HLS-100] Command 'ap_source' returned 0; elapsed 0.002881Total elapsed time: 31.381 sec.
@I [HLS-100] Command "source /opt/Xilinx/Vivado_HLS/2015.4/common/technology/xilinx/ip/xfft.gen "
@I [HLS-100] Command 'ap_source' returned 0; elapsed 0.079666Total elapsed time: 31.461 sec.
@I [HLS-100] Command 'ap_source' returned 0; elapsed 0.133172Total elapsed time: 31.461 sec.
@I [HLS-100] Command "source /opt/Xilinx/Vivado_HLS/2015.4/common/technology/xilinx/common/dsp48.gen "
@I [HLS-100] Command 'ap_source' returned 0; elapsed 0.000129Total elapsed time: 31.462 sec.
@I [HLS-100] Command 'ap_source' returned 0; elapsed 0.134551Total elapsed time: 31.462 sec.
@I [HLS-100] Command 'ap_source' returned 0; elapsed 0.134616Total elapsed time: 31.462 sec.
@I [HLS-100] Command "source /opt/Xilinx/Vivado_HLS/2015.4/common/technology/xilinx/zynq/zynq_fpv6.gen "
@I [HLS-100] Command "source /opt/Xilinx/Vivado_HLS/2015.4/common/technology/xilinx/common/xilinx_fpv6.gen "
@I [HLS-100] Command 'ap_source' returned 0; elapsed 0.00119Total elapsed time: 31.464 sec.
@I [HLS-100] Command 'ap_source' returned 0; elapsed 0.001262Total elapsed time: 31.464 sec.
@I [HLS-100] Command "source /home/ubuntu-admin/SharedFolder/EIT_Studies/TUB_Docs/Sem2/EmbProj/GitHub/AEP/HLS/bram_interface/solution1/.autopilot/db/global.setting.tcl "
@I [HLS-100] Command 'ap_source' returned 0; elapsed 0.000118Total elapsed time: 31.464 sec.
@I [HLS-100] Command "source /home/ubuntu-admin/SharedFolder/EIT_Studies/TUB_Docs/Sem2/EmbProj/GitHub/AEP/HLS/bram_interface/solution1/.autopilot/db/global.setting.tcl "
@I [HLS-100] Command 'ap_source' returned 0; elapsed 9.6e-05Total elapsed time: 31.464 sec.
@I [HLS-100] Command "source /home/ubuntu-admin/SharedFolder/EIT_Studies/TUB_Docs/Sem2/EmbProj/GitHub/AEP/HLS/bram_interface/solution1/.autopilot/db/zhan_suen.compgen.tcl "
@I [HLS-100] Command 'ap_source' returned 0; elapsed 0.000118Total elapsed time: 31.464 sec.
@I [HLS-100] Command "source /home/ubuntu-admin/SharedFolder/EIT_Studies/TUB_Docs/Sem2/EmbProj/GitHub/AEP/HLS/bram_interface/solution1/.autopilot/db/global.setting.tcl "
@I [HLS-100] Command 'ap_source' returned 0; elapsed 0.000137Total elapsed time: 31.485 sec.
@I [HLS-100] Command "source /home/ubuntu-admin/SharedFolder/EIT_Studies/TUB_Docs/Sem2/EmbProj/GitHub/AEP/HLS/bram_interface/solution1/.autopilot/db/zhan_suen.constraint.tcl "
@I [HLS-100] Command 'ap_source' returned 0; elapsed 4.7e-05Total elapsed time: 31.485 sec.
@I [HLS-100] Command "source /opt/Xilinx/Vivado_HLS/2015.4/common/technology/generic/autopilot/common.gen "
@I [HLS-100] Command "source /opt/Xilinx/Vivado_HLS/2015.4/common/technology/generic/autopilot/APCoreGen.gen "
@I [HLS-100] Command 'ap_source' returned 0; elapsed 0.000407Total elapsed time: 31.487 sec.
@I [HLS-100] Command 'ap_source' returned 0; elapsed 0.000845Total elapsed time: 31.487 sec.
@I [HLS-100] Command "source /opt/Xilinx/Vivado_HLS/2015.4/common/technology/generic/autopilot/op.gen "
@I [HLS-100] Command 'ap_source' returned 0; elapsed 0.00021Total elapsed time: 31.487 sec.
@I [HLS-100] Command "source /opt/Xilinx/Vivado_HLS/2015.4/common/technology/generic/autopilot/op_simcore.gen "
@I [HLS-100] Command 'ap_source' returned 0; elapsed 0.000641Total elapsed time: 31.488 sec.
@I [HLS-100] Command "source /opt/Xilinx/Vivado_HLS/2015.4/common/technology/generic/autopilot/interface.gen "
@I [HLS-100] Command 'ap_source' returned 0; elapsed 4.9e-05Total elapsed time: 31.488 sec.
@I [HLS-100] Command "source /home/ubuntu-admin/SharedFolder/EIT_Studies/TUB_Docs/Sem2/EmbProj/GitHub/AEP/HLS/bram_interface/solution1/.autopilot/db/global.setting.tcl "
@I [HLS-100] Command 'ap_source' returned 0; elapsed 0.000117Total elapsed time: 31.488 sec.
@I [HLS-100] Command "source /opt/Xilinx/Vivado_HLS/2015.4/common/technology/xilinx/zynq/zynq.gen "
@I [HLS-100] Command "source /opt/Xilinx/Vivado_HLS/2015.4/common/technology/xilinx/common/virtex.gen "
@I [HLS-100] Command "source /opt/Xilinx/Vivado_HLS/2015.4/common/technology/xilinx/common/xilinx.gen "
@I [HLS-100] Command "source /opt/Xilinx/Vivado_HLS/2015.4/common/technology/xilinx/interface/plb46.gen "
@I [HLS-100] Command 'ap_source' returned 0; elapsed 0.000704Total elapsed time: 31.489 sec.
@I [HLS-100] Command "source /opt/Xilinx/Vivado_HLS/2015.4/common/technology/xilinx/interface/fsl.gen "
@I [HLS-100] Command 'ap_source' returned 0; elapsed 0.000319Total elapsed time: 31.490 sec.
@I [HLS-100] Command "source /opt/Xilinx/Vivado_HLS/2015.4/common/technology/xilinx/interface/axi4.gen "
@I [HLS-100] Command 'ap_source' returned 0; elapsed 0.001708Total elapsed time: 31.491 sec.
@I [HLS-100] Command "source /opt/Xilinx/Vivado_HLS/2015.4/common/technology/xilinx/interface/nativeAXI4.gen "
@I [HLS-100] Command "source /opt/Xilinx/Vivado_HLS/2015.4/common/technology/xilinx/interface/saxilite.gen "
@I [HLS-100] Command 'ap_source' returned 0; elapsed 0.002769Total elapsed time: 31.494 sec.
@I [HLS-100] Command "source /opt/Xilinx/Vivado_HLS/2015.4/common/technology/xilinx/interface/maxi.gen "
@I [HLS-100] Command 'ap_source' returned 0; elapsed 0.005447Total elapsed time: 31.500 sec.
@I [HLS-100] Command 'ap_source' returned 0; elapsed 0.008343Total elapsed time: 31.500 sec.
@I [HLS-100] Command "source /opt/Xilinx/Vivado_HLS/2015.4/common/technology/xilinx/scripts/xilinxcoregen.gen "
@I [HLS-100] Command 'ap_source' returned 0; elapsed 0.007029Total elapsed time: 31.507 sec.
@I [HLS-100] Command "source /opt/Xilinx/Vivado_HLS/2015.4/common/technology/xilinx/interface/XilEDKCoreGen.gen "
@I [HLS-100] Command 'ap_source' returned 0; elapsed 0.006668Total elapsed time: 31.514 sec.
@I [HLS-100] Command "source /opt/Xilinx/Vivado_HLS/2015.4/common/technology/xilinx/ip/util.gen "
@I [HLS-100] Command 'ap_source' returned 0; elapsed 0.000122Total elapsed time: 31.514 sec.
@I [HLS-100] Command "source /opt/Xilinx/Vivado_HLS/2015.4/common/technology/xilinx/ip/xfir.gen "
@I [HLS-100] Command 'ap_source' returned 0; elapsed 0.02445Total elapsed time: 31.538 sec.
@I [HLS-100] Command "source /opt/Xilinx/Vivado_HLS/2015.4/common/technology/xilinx/ip/dds_compiler.gen "
@I [HLS-100] Command 'ap_source' returned 0; elapsed 0.002717Total elapsed time: 31.541 sec.
@I [HLS-100] Command "source /opt/Xilinx/Vivado_HLS/2015.4/common/technology/xilinx/ip/xfft.gen "
@I [HLS-100] Command 'ap_source' returned 0; elapsed 0.075675Total elapsed time: 31.617 sec.
@I [HLS-100] Command 'ap_source' returned 0; elapsed 0.128268Total elapsed time: 31.617 sec.
@I [HLS-100] Command "source /opt/Xilinx/Vivado_HLS/2015.4/common/technology/xilinx/common/dsp48.gen "
@I [HLS-100] Command 'ap_source' returned 0; elapsed 0.000122Total elapsed time: 31.618 sec.
@I [HLS-100] Command 'ap_source' returned 0; elapsed 0.129775Total elapsed time: 31.618 sec.
@I [HLS-100] Command 'ap_source' returned 0; elapsed 0.129845Total elapsed time: 31.618 sec.
@I [HLS-100] Command "source /opt/Xilinx/Vivado_HLS/2015.4/common/technology/xilinx/zynq/zynq_fpv6.gen "
@I [HLS-100] Command "source /opt/Xilinx/Vivado_HLS/2015.4/common/technology/xilinx/common/xilinx_fpv6.gen "
@I [HLS-100] Command 'ap_source' returned 0; elapsed 0.001166Total elapsed time: 31.620 sec.
@I [HLS-100] Command 'ap_source' returned 0; elapsed 0.001235Total elapsed time: 31.620 sec.
@I [HLS-100] Command "source /home/ubuntu-admin/SharedFolder/EIT_Studies/TUB_Docs/Sem2/EmbProj/GitHub/AEP/HLS/bram_interface/solution1/.autopilot/db/global.setting.tcl "
@I [HLS-100] Command 'ap_source' returned 0; elapsed 0.000208Total elapsed time: 31.626 sec.
@I [HLS-100] Command "source /home/ubuntu-admin/SharedFolder/EIT_Studies/TUB_Docs/Sem2/EmbProj/GitHub/AEP/HLS/bram_interface/solution1/.autopilot/db/global.setting.tcl "
@I [HLS-100] Command 'ap_source' returned 0; elapsed 0.000279Total elapsed time: 41.60 sec.
@I [HLS-100] Command "source /opt/Xilinx/Vivado_HLS/2015.4/common/technology/generic/autopilot/common.gen "
@I [HLS-100] Command "source /opt/Xilinx/Vivado_HLS/2015.4/common/technology/generic/autopilot/APCoreGen.gen "
@I [HLS-100] Command 'ap_source' returned 0; elapsed 0.000776Total elapsed time: 41.66 sec.
@I [HLS-100] Command 'ap_source' returned 0; elapsed 0.001595Total elapsed time: 41.67 sec.
@I [HLS-100] Command "source /opt/Xilinx/Vivado_HLS/2015.4/common/technology/generic/autopilot/op.gen "
@I [HLS-100] Command 'ap_source' returned 0; elapsed 0.000458Total elapsed time: 41.68 sec.
@I [HLS-100] Command "source /opt/Xilinx/Vivado_HLS/2015.4/common/technology/generic/autopilot/op_simcore.gen "
@I [HLS-100] Command 'ap_source' returned 0; elapsed 0.001434Total elapsed time: 41.69 sec.
@I [HLS-100] Command "source /opt/Xilinx/Vivado_HLS/2015.4/common/technology/generic/autopilot/interface.gen "
@I [HLS-100] Command 'ap_source' returned 0; elapsed 0.000108Total elapsed time: 41.69 sec.
@I [HLS-100] Command "source /home/ubuntu-admin/SharedFolder/EIT_Studies/TUB_Docs/Sem2/EmbProj/GitHub/AEP/HLS/bram_interface/solution1/.autopilot/db/global.setting.tcl "
@I [HLS-100] Command 'ap_source' returned 0; elapsed 0.000262Total elapsed time: 41.70 sec.
@I [HLS-100] Command "source /opt/Xilinx/Vivado_HLS/2015.4/common/technology/xilinx/zynq/zynq.gen "
@I [HLS-100] Command "source /opt/Xilinx/Vivado_HLS/2015.4/common/technology/xilinx/common/virtex.gen "
@I [HLS-100] Command "source /opt/Xilinx/Vivado_HLS/2015.4/common/technology/xilinx/common/xilinx.gen "
@I [HLS-100] Command "source /opt/Xilinx/Vivado_HLS/2015.4/common/technology/xilinx/interface/plb46.gen "
@I [HLS-100] Command 'ap_source' returned 0; elapsed 0.001441Total elapsed time: 41.72 sec.
@I [HLS-100] Command "source /opt/Xilinx/Vivado_HLS/2015.4/common/technology/xilinx/interface/fsl.gen "
@I [HLS-100] Command 'ap_source' returned 0; elapsed 0.000636Total elapsed time: 41.72 sec.
@I [HLS-100] Command "source /opt/Xilinx/Vivado_HLS/2015.4/common/technology/xilinx/interface/axi4.gen "
@I [HLS-100] Command 'ap_source' returned 0; elapsed 0.003135Total elapsed time: 41.76 sec.
@I [HLS-100] Command "source /opt/Xilinx/Vivado_HLS/2015.4/common/technology/xilinx/interface/nativeAXI4.gen "
@I [HLS-100] Command "source /opt/Xilinx/Vivado_HLS/2015.4/common/technology/xilinx/interface/saxilite.gen "
@I [HLS-100] Command 'ap_source' returned 0; elapsed 0.005349Total elapsed time: 41.81 sec.
@I [HLS-100] Command "source /opt/Xilinx/Vivado_HLS/2015.4/common/technology/xilinx/interface/maxi.gen "
@I [HLS-100] Command 'ap_source' returned 0; elapsed 0.009852Total elapsed time: 41.91 sec.
@I [HLS-100] Command 'ap_source' returned 0; elapsed 0.015411Total elapsed time: 41.91 sec.
@I [HLS-100] Command "source /opt/Xilinx/Vivado_HLS/2015.4/common/technology/xilinx/scripts/xilinxcoregen.gen "
@I [HLS-100] Command 'ap_source' returned 0; elapsed 0.012758Total elapsed time: 41.104 sec.
@I [HLS-100] Command "source /opt/Xilinx/Vivado_HLS/2015.4/common/technology/xilinx/interface/XilEDKCoreGen.gen "
@I [HLS-100] Command 'ap_source' returned 0; elapsed 0.011994Total elapsed time: 41.116 sec.
@I [HLS-100] Command "source /opt/Xilinx/Vivado_HLS/2015.4/common/technology/xilinx/ip/util.gen "
@I [HLS-100] Command 'ap_source' returned 0; elapsed 0.000189Total elapsed time: 41.116 sec.
@I [HLS-100] Command "source /opt/Xilinx/Vivado_HLS/2015.4/common/technology/xilinx/ip/xfir.gen "
@I [HLS-100] Command 'ap_source' returned 0; elapsed 0.034113Total elapsed time: 41.151 sec.
@I [HLS-100] Command "source /opt/Xilinx/Vivado_HLS/2015.4/common/technology/xilinx/ip/dds_compiler.gen "
@I [HLS-100] Command 'ap_source' returned 0; elapsed 0.002863Total elapsed time: 41.153 sec.
@I [HLS-100] Command "source /opt/Xilinx/Vivado_HLS/2015.4/common/technology/xilinx/ip/xfft.gen "
@I [HLS-100] Command 'ap_source' returned 0; elapsed 0.077318Total elapsed time: 41.231 sec.
@I [HLS-100] Command 'ap_source' returned 0; elapsed 0.160704Total elapsed time: 41.231 sec.
@I [HLS-100] Command "source /opt/Xilinx/Vivado_HLS/2015.4/common/technology/xilinx/common/dsp48.gen "
@I [HLS-100] Command 'ap_source' returned 0; elapsed 0.000108Total elapsed time: 41.232 sec.
@I [HLS-100] Command 'ap_source' returned 0; elapsed 0.16223Total elapsed time: 41.232 sec.
@I [HLS-100] Command 'ap_source' returned 0; elapsed 0.162334Total elapsed time: 41.232 sec.
@I [HLS-100] Command "source /opt/Xilinx/Vivado_HLS/2015.4/common/technology/xilinx/zynq/zynq_fpv6.gen "
@I [HLS-100] Command "source /opt/Xilinx/Vivado_HLS/2015.4/common/technology/xilinx/common/xilinx_fpv6.gen "
@I [HLS-100] Command 'ap_source' returned 0; elapsed 0.001241Total elapsed time: 41.233 sec.
@I [HLS-100] Command 'ap_source' returned 0; elapsed 0.001316Total elapsed time: 41.233 sec.
@I [HLS-100] Command "source /home/ubuntu-admin/SharedFolder/EIT_Studies/TUB_Docs/Sem2/EmbProj/GitHub/AEP/HLS/bram_interface/solution1/.autopilot/db/global.setting.tcl "
@I [HLS-100] Command 'ap_source' returned 0; elapsed 0.00014Total elapsed time: 41.234 sec.
@I [HLS-100] Command "source /home/ubuntu-admin/SharedFolder/EIT_Studies/TUB_Docs/Sem2/EmbProj/GitHub/AEP/HLS/bram_interface/solution1/.autopilot/db/global.setting.tcl "
@I [HLS-100] Command 'ap_source' returned 0; elapsed 0.000121Total elapsed time: 41.234 sec.
@I [HLS-100] Command "source /home/ubuntu-admin/SharedFolder/EIT_Studies/TUB_Docs/Sem2/EmbProj/GitHub/AEP/HLS/bram_interface/solution1/.autopilot/db/global.setting.tcl "
@I [HLS-100] Command 'ap_source' returned 0; elapsed 0.000131Total elapsed time: 41.236 sec.
@I [HLS-100] Command "source /opt/Xilinx/Vivado_HLS/2015.4/common/technology/generic/autopilot/common.gen "
@I [HLS-100] Command "source /opt/Xilinx/Vivado_HLS/2015.4/common/technology/generic/autopilot/APCoreGen.gen "
@I [HLS-100] Command 'ap_source' returned 0; elapsed 0.000372Total elapsed time: 41.237 sec.
@I [HLS-100] Command 'ap_source' returned 0; elapsed 0.000757Total elapsed time: 41.237 sec.
@I [HLS-100] Command "source /opt/Xilinx/Vivado_HLS/2015.4/common/technology/generic/autopilot/op.gen "
@I [HLS-100] Command 'ap_source' returned 0; elapsed 0.000209Total elapsed time: 41.237 sec.
@I [HLS-100] Command "source /opt/Xilinx/Vivado_HLS/2015.4/common/technology/generic/autopilot/op_simcore.gen "
@I [HLS-100] Command 'ap_source' returned 0; elapsed 0.000645Total elapsed time: 41.238 sec.
@I [HLS-100] Command "source /opt/Xilinx/Vivado_HLS/2015.4/common/technology/generic/autopilot/interface.gen "
@I [HLS-100] Command 'ap_source' returned 0; elapsed 4.9e-05Total elapsed time: 41.238 sec.
@I [HLS-100] Command "source /home/ubuntu-admin/SharedFolder/EIT_Studies/TUB_Docs/Sem2/EmbProj/GitHub/AEP/HLS/bram_interface/solution1/.autopilot/db/global.setting.tcl "
@I [HLS-100] Command 'ap_source' returned 0; elapsed 0.000114Total elapsed time: 41.238 sec.
@I [HLS-100] Command "source /opt/Xilinx/Vivado_HLS/2015.4/common/technology/xilinx/zynq/zynq.gen "
@I [HLS-100] Command "source /opt/Xilinx/Vivado_HLS/2015.4/common/technology/xilinx/common/virtex.gen "
@I [HLS-100] Command "source /opt/Xilinx/Vivado_HLS/2015.4/common/technology/xilinx/common/xilinx.gen "
@I [HLS-100] Command "source /opt/Xilinx/Vivado_HLS/2015.4/common/technology/xilinx/interface/plb46.gen "
@I [HLS-100] Command 'ap_source' returned 0; elapsed 0.000737Total elapsed time: 41.239 sec.
@I [HLS-100] Command "source /opt/Xilinx/Vivado_HLS/2015.4/common/technology/xilinx/interface/fsl.gen "
@I [HLS-100] Command 'ap_source' returned 0; elapsed 0.000342Total elapsed time: 41.240 sec.
@I [HLS-100] Command "source /opt/Xilinx/Vivado_HLS/2015.4/common/technology/xilinx/interface/axi4.gen "
@I [HLS-100] Command 'ap_source' returned 0; elapsed 0.001696Total elapsed time: 41.241 sec.
@I [HLS-100] Command "source /opt/Xilinx/Vivado_HLS/2015.4/common/technology/xilinx/interface/nativeAXI4.gen "
@I [HLS-100] Command "source /opt/Xilinx/Vivado_HLS/2015.4/common/technology/xilinx/interface/saxilite.gen "
@I [HLS-100] Command 'ap_source' returned 0; elapsed 0.002919Total elapsed time: 41.244 sec.
@I [HLS-100] Command "source /opt/Xilinx/Vivado_HLS/2015.4/common/technology/xilinx/interface/maxi.gen "
@I [HLS-100] Command 'ap_source' returned 0; elapsed 0.005087Total elapsed time: 41.250 sec.
@I [HLS-100] Command 'ap_source' returned 0; elapsed 0.008121Total elapsed time: 41.250 sec.
@I [HLS-100] Command "source /opt/Xilinx/Vivado_HLS/2015.4/common/technology/xilinx/scripts/xilinxcoregen.gen "
@I [HLS-100] Command 'ap_source' returned 0; elapsed 0.006882Total elapsed time: 41.257 sec.
@I [HLS-100] Command "source /opt/Xilinx/Vivado_HLS/2015.4/common/technology/xilinx/interface/XilEDKCoreGen.gen "
@I [HLS-100] Command 'ap_source' returned 0; elapsed 0.00631Total elapsed time: 41.263 sec.
@I [HLS-100] Command "source /opt/Xilinx/Vivado_HLS/2015.4/common/technology/xilinx/ip/util.gen "
@I [HLS-100] Command 'ap_source' returned 0; elapsed 0.000177Total elapsed time: 41.263 sec.
@I [HLS-100] Command "source /opt/Xilinx/Vivado_HLS/2015.4/common/technology/xilinx/ip/xfir.gen "
@I [HLS-100] Command 'ap_source' returned 0; elapsed 0.025101Total elapsed time: 41.288 sec.
@I [HLS-100] Command "source /opt/Xilinx/Vivado_HLS/2015.4/common/technology/xilinx/ip/dds_compiler.gen "
@I [HLS-100] Command 'ap_source' returned 0; elapsed 0.002821Total elapsed time: 41.291 sec.
@I [HLS-100] Command "source /opt/Xilinx/Vivado_HLS/2015.4/common/technology/xilinx/ip/xfft.gen "
@I [HLS-100] Command 'ap_source' returned 0; elapsed 0.076227Total elapsed time: 41.367 sec.
@I [HLS-100] Command 'ap_source' returned 0; elapsed 0.128915Total elapsed time: 41.367 sec.
@I [HLS-100] Command "source /opt/Xilinx/Vivado_HLS/2015.4/common/technology/xilinx/common/dsp48.gen "
@I [HLS-100] Command 'ap_source' returned 0; elapsed 0.000113Total elapsed time: 41.369 sec.
@I [HLS-100] Command 'ap_source' returned 0; elapsed 0.130313Total elapsed time: 41.369 sec.
@I [HLS-100] Command 'ap_source' returned 0; elapsed 0.130409Total elapsed time: 41.369 sec.
@I [HLS-100] Command "source /opt/Xilinx/Vivado_HLS/2015.4/common/technology/xilinx/zynq/zynq_fpv6.gen "
@I [HLS-100] Command "source /opt/Xilinx/Vivado_HLS/2015.4/common/technology/xilinx/common/xilinx_fpv6.gen "
@I [HLS-100] Command 'ap_source' returned 0; elapsed 0.001115Total elapsed time: 41.370 sec.
@I [HLS-100] Command 'ap_source' returned 0; elapsed 0.001186Total elapsed time: 41.370 sec.
@I [HLS-100] Command "source /home/ubuntu-admin/SharedFolder/EIT_Studies/TUB_Docs/Sem2/EmbProj/GitHub/AEP/HLS/bram_interface/solution1/.autopilot/db/global.setting.tcl "
@I [HLS-100] Command 'ap_source' returned 0; elapsed 0.000115Total elapsed time: 41.370 sec.
@I [HLS-100] Command "source /home/ubuntu-admin/SharedFolder/EIT_Studies/TUB_Docs/Sem2/EmbProj/GitHub/AEP/HLS/bram_interface/solution1/.autopilot/db/global.setting.tcl "
@I [HLS-100] Command 'ap_source' returned 0; elapsed 9.7e-05Total elapsed time: 41.370 sec.
@I [HLS-100] Command "source /home/ubuntu-admin/SharedFolder/EIT_Studies/TUB_Docs/Sem2/EmbProj/GitHub/AEP/HLS/bram_interface/solution1/.autopilot/db/zhan_suen.compgen.tcl "
@I [HLS-100] Command 'ap_source' returned 0; elapsed 0.000118Total elapsed time: 41.371 sec.
@I [HLS-100] Command "source /home/ubuntu-admin/SharedFolder/EIT_Studies/TUB_Docs/Sem2/EmbProj/GitHub/AEP/HLS/bram_interface/solution1/.autopilot/db/global.setting.tcl "
@I [HLS-100] Command 'ap_source' returned 0; elapsed 0.00013Total elapsed time: 41.390 sec.
@I [HLS-100] Command "source /home/ubuntu-admin/SharedFolder/EIT_Studies/TUB_Docs/Sem2/EmbProj/GitHub/AEP/HLS/bram_interface/solution1/.autopilot/db/zhan_suen.constraint.tcl "
@I [HLS-100] Command 'ap_source' returned 0; elapsed 4.9e-05Total elapsed time: 41.391 sec.
@I [HLS-100] Command "source /opt/Xilinx/Vivado_HLS/2015.4/common/technology/generic/autopilot/common.gen "
@I [HLS-100] Command "source /opt/Xilinx/Vivado_HLS/2015.4/common/technology/generic/autopilot/APCoreGen.gen "
@I [HLS-100] Command 'ap_source' returned 0; elapsed 0.000371Total elapsed time: 41.392 sec.
@I [HLS-100] Command 'ap_source' returned 0; elapsed 0.000762Total elapsed time: 41.393 sec.
@I [HLS-100] Command "source /opt/Xilinx/Vivado_HLS/2015.4/common/technology/generic/autopilot/op.gen "
@I [HLS-100] Command 'ap_source' returned 0; elapsed 0.000209Total elapsed time: 41.393 sec.
@I [HLS-100] Command "source /opt/Xilinx/Vivado_HLS/2015.4/common/technology/generic/autopilot/op_simcore.gen "
@I [HLS-100] Command 'ap_source' returned 0; elapsed 0.00071Total elapsed time: 41.394 sec.
@I [HLS-100] Command "source /opt/Xilinx/Vivado_HLS/2015.4/common/technology/generic/autopilot/interface.gen "
@I [HLS-100] Command 'ap_source' returned 0; elapsed 5.1e-05Total elapsed time: 41.394 sec.
@I [HLS-100] Command "source /home/ubuntu-admin/SharedFolder/EIT_Studies/TUB_Docs/Sem2/EmbProj/GitHub/AEP/HLS/bram_interface/solution1/.autopilot/db/global.setting.tcl "
@I [HLS-100] Command 'ap_source' returned 0; elapsed 0.000124Total elapsed time: 41.394 sec.
@I [HLS-100] Command "source /opt/Xilinx/Vivado_HLS/2015.4/common/technology/xilinx/zynq/zynq.gen "
@I [HLS-100] Command "source /opt/Xilinx/Vivado_HLS/2015.4/common/technology/xilinx/common/virtex.gen "
@I [HLS-100] Command "source /opt/Xilinx/Vivado_HLS/2015.4/common/technology/xilinx/common/xilinx.gen "
@I [HLS-100] Command "source /opt/Xilinx/Vivado_HLS/2015.4/common/technology/xilinx/interface/plb46.gen "
@I [HLS-100] Command 'ap_source' returned 0; elapsed 0.000791Total elapsed time: 41.395 sec.
@I [HLS-100] Command "source /opt/Xilinx/Vivado_HLS/2015.4/common/technology/xilinx/interface/fsl.gen "
@I [HLS-100] Command 'ap_source' returned 0; elapsed 0.000431Total elapsed time: 41.395 sec.
@I [HLS-100] Command "source /opt/Xilinx/Vivado_HLS/2015.4/common/technology/xilinx/interface/axi4.gen "
@I [HLS-100] Command 'ap_source' returned 0; elapsed 0.001797Total elapsed time: 41.397 sec.
@I [HLS-100] Command "source /opt/Xilinx/Vivado_HLS/2015.4/common/technology/xilinx/interface/nativeAXI4.gen "
@I [HLS-100] Command "source /opt/Xilinx/Vivado_HLS/2015.4/common/technology/xilinx/interface/saxilite.gen "
@I [HLS-100] Command 'ap_source' returned 0; elapsed 0.003025Total elapsed time: 41.400 sec.
@I [HLS-100] Command "source /opt/Xilinx/Vivado_HLS/2015.4/common/technology/xilinx/interface/maxi.gen "
@I [HLS-100] Command 'ap_source' returned 0; elapsed 0.004889Total elapsed time: 41.405 sec.
@I [HLS-100] Command 'ap_source' returned 0; elapsed 0.008039Total elapsed time: 41.405 sec.
@I [HLS-100] Command "source /opt/Xilinx/Vivado_HLS/2015.4/common/technology/xilinx/scripts/xilinxcoregen.gen "
@I [HLS-100] Command 'ap_source' returned 0; elapsed 0.007257Total elapsed time: 41.413 sec.
@I [HLS-100] Command "source /opt/Xilinx/Vivado_HLS/2015.4/common/technology/xilinx/interface/XilEDKCoreGen.gen "
@I [HLS-100] Command 'ap_source' returned 0; elapsed 0.007196Total elapsed time: 41.420 sec.
@I [HLS-100] Command "source /opt/Xilinx/Vivado_HLS/2015.4/common/technology/xilinx/ip/util.gen "
@I [HLS-100] Command 'ap_source' returned 0; elapsed 0.000137Total elapsed time: 41.420 sec.
@I [HLS-100] Command "source /opt/Xilinx/Vivado_HLS/2015.4/common/technology/xilinx/ip/xfir.gen "
@I [HLS-100] Command 'ap_source' returned 0; elapsed 0.025087Total elapsed time: 41.445 sec.
@I [HLS-100] Command "source /opt/Xilinx/Vivado_HLS/2015.4/common/technology/xilinx/ip/dds_compiler.gen "
@I [HLS-100] Command 'ap_source' returned 0; elapsed 0.002922Total elapsed time: 41.448 sec.
@I [HLS-100] Command "source /opt/Xilinx/Vivado_HLS/2015.4/common/technology/xilinx/ip/xfft.gen "
@I [HLS-100] Command 'ap_source' returned 0; elapsed 0.08066Total elapsed time: 41.529 sec.
@I [HLS-100] Command 'ap_source' returned 0; elapsed 0.134939Total elapsed time: 41.529 sec.
@I [HLS-100] Command "source /opt/Xilinx/Vivado_HLS/2015.4/common/technology/xilinx/common/dsp48.gen "
@I [HLS-100] Command 'ap_source' returned 0; elapsed 0.000105Total elapsed time: 41.530 sec.
@I [HLS-100] Command 'ap_source' returned 0; elapsed 0.136286Total elapsed time: 41.530 sec.
@I [HLS-100] Command 'ap_source' returned 0; elapsed 0.136388Total elapsed time: 41.530 sec.
@I [HLS-100] Command "source /opt/Xilinx/Vivado_HLS/2015.4/common/technology/xilinx/zynq/zynq_fpv6.gen "
@I [HLS-100] Command "source /opt/Xilinx/Vivado_HLS/2015.4/common/technology/xilinx/common/xilinx_fpv6.gen "
@I [HLS-100] Command 'ap_source' returned 0; elapsed 0.001326Total elapsed time: 41.532 sec.
@I [HLS-100] Command 'ap_source' returned 0; elapsed 0.001444Total elapsed time: 41.532 sec.
@I [HLS-100] Command "source /home/ubuntu-admin/SharedFolder/EIT_Studies/TUB_Docs/Sem2/EmbProj/GitHub/AEP/HLS/bram_interface/solution1/.autopilot/db/global.setting.tcl "
@I [HLS-100] Command 'ap_source' returned 0; elapsed 0.000203Total elapsed time: 41.553 sec.
@I [HLS-100] Command 'export_design' returned 0; elapsed 1.58255Total elapsed time: 51.491 sec.
@I [HLS-100] Command 'ap_source' returned 0; elapsed 1.76117Total elapsed time: 51.491 sec.
@I [HLS-100] Command "cleanup_all "
@I [HLS-100] Command 'cleanup_all' returned 0; elapsed 0.000454Total elapsed time: 51.491 sec.
