14:41:45 INFO  : Launching XSDB server: xsdb -n /opt/Xilinx/SDK/2015.4/scripts/xsdb/xsdb/xsdb-server.tcl
14:43:16 INFO  : XSDB server has started successfully.
14:44:32 INFO  : Processing command line option -hwspec /home/sattu-supari/Documents/Sem2/AESP/project/LWIP_Trials04/LWIP_Trials04.sdk/design_1_wrapper.hdf.
14:50:18 INFO  : Refreshed build settings on project LWIP_WebServer
15:06:12 INFO  : Refreshed build settings on project LWIP_WebServer04
17:04:57 INFO  : Launching XSDB server: xsdb -n /opt/Xilinx/SDK/2015.4/scripts/xsdb/xsdb/xsdb-server.tcl
17:05:01 INFO  : XSDB server has started successfully.
17:05:09 INFO  : Processing command line option -hwspec /home/sattu-supari/Documents/Sem2/AESP/project/LWIP_Trials04/LWIP_Trials04.sdk/design_1_wrapper.hdf.
17:05:10 INFO  : Checking for hwspec changes in the project design_1_wrapper_hw_platform_0.
17:14:27 INFO  : No changes in MSS file content so not generating sources.
17:17:34 INFO  : Refreshed build settings on project LWIP_WebServer041
17:36:26 INFO  : Connected to target on host '127.0.0.1' and port '3121'.
17:37:00 INFO  : Connected to target on host '127.0.0.1' and port '3121'.
17:39:33 INFO  : Connected to target on host '127.0.0.1' and port '3121'.
17:43:11 INFO  : Connected to target on host '127.0.0.1' and port '3121'.
17:43:21 INFO  : Connected to target on host '127.0.0.1' and port '3121'.
17:47:19 INFO  : Connected to target on host '127.0.0.1' and port '3121'.
17:49:01 ERROR : Unexpected error while launching program.
com.xilinx.sdk.targetmanager.TMException: 
    Unknown Error Occured
    Cable is not connected to the host

	at com.xilinx.sdk.targetmanager.internal.TM.connectToProcessor(TM.java:484)
	at com.xilinx.sdk.debug.core.XilinxAppLaunchConfigurationDelegate.runTargetSetup(XilinxAppLaunchConfigurationDelegate.java:464)
	at com.xilinx.sdk.debug.core.XilinxAppLaunchConfigurationDelegate.debugApplication(XilinxAppLaunchConfigurationDelegate.java:701)
	at com.xilinx.sdk.debug.core.XilinxAppLaunchConfigurationDelegate.launch(XilinxAppLaunchConfigurationDelegate.java:311)
	at com.xilinx.sdk.debug.ui.XilinxAppLaunchDelegateWrapper.launch(XilinxAppLaunchDelegateWrapper.java:31)
	at org.eclipse.debug.internal.core.LaunchConfiguration.launch(LaunchConfiguration.java:858)
	at org.eclipse.debug.internal.core.LaunchConfiguration.launch(LaunchConfiguration.java:707)
	at org.eclipse.debug.internal.ui.DebugUIPlugin.buildAndLaunch(DebugUIPlugin.java:1018)
	at org.eclipse.debug.internal.ui.DebugUIPlugin$8.run(DebugUIPlugin.java:1222)
	at org.eclipse.core.internal.jobs.Worker.run(Worker.java:53)
17:49:22 ERROR : Unexpected error while launching program.
com.xilinx.sdk.targetmanager.TMException: 
    Unknown Error Occured
    Cable is not connected to the host

	at com.xilinx.sdk.targetmanager.internal.TM.connectToProcessor(TM.java:484)
	at com.xilinx.sdk.debug.core.XilinxAppLaunchConfigurationDelegate.runTargetSetup(XilinxAppLaunchConfigurationDelegate.java:464)
	at com.xilinx.sdk.debug.core.XilinxAppLaunchConfigurationDelegate.runApplication(XilinxAppLaunchConfigurationDelegate.java:616)
	at com.xilinx.sdk.debug.core.XilinxAppLaunchConfigurationDelegate.launch(XilinxAppLaunchConfigurationDelegate.java:309)
	at com.xilinx.sdk.debug.ui.XilinxAppLaunchDelegateWrapper.launch(XilinxAppLaunchDelegateWrapper.java:31)
	at org.eclipse.debug.internal.core.LaunchConfiguration.launch(LaunchConfiguration.java:858)
	at org.eclipse.debug.internal.core.LaunchConfiguration.launch(LaunchConfiguration.java:707)
	at org.eclipse.debug.internal.ui.DebugUIPlugin.buildAndLaunch(DebugUIPlugin.java:1018)
	at org.eclipse.debug.internal.ui.DebugUIPlugin$8.run(DebugUIPlugin.java:1222)
	at org.eclipse.core.internal.jobs.Worker.run(Worker.java:53)
17:49:42 ERROR : Unexpected error while parsing XMD response ￿: com.google.gson.JsonSyntaxException: com.google.gson.stream.MalformedJsonException: invalid number or unquoted string near 
17:50:38 INFO  : Launching XSDB server: xsdb -n /opt/Xilinx/SDK/2015.4/scripts/xsdb/xsdb/xsdb-server.tcl
17:50:39 INFO  : XSDB server has started successfully.
17:51:15 ERROR : Unexpected error while launching program.
com.xilinx.sdk.targetmanager.TMException: 
    Unknown Error Occured
    Cable is not connected to the host

	at com.xilinx.sdk.targetmanager.internal.TM.connectToProcessor(TM.java:484)
	at com.xilinx.sdk.debug.core.XilinxAppLaunchConfigurationDelegate.runTargetSetup(XilinxAppLaunchConfigurationDelegate.java:464)
	at com.xilinx.sdk.debug.core.XilinxAppLaunchConfigurationDelegate.runApplication(XilinxAppLaunchConfigurationDelegate.java:616)
	at com.xilinx.sdk.debug.core.XilinxAppLaunchConfigurationDelegate.launch(XilinxAppLaunchConfigurationDelegate.java:309)
	at com.xilinx.sdk.debug.ui.XilinxAppLaunchDelegateWrapper.launch(XilinxAppLaunchDelegateWrapper.java:31)
	at org.eclipse.debug.internal.core.LaunchConfiguration.launch(LaunchConfiguration.java:858)
	at org.eclipse.debug.internal.core.LaunchConfiguration.launch(LaunchConfiguration.java:707)
	at org.eclipse.debug.internal.ui.DebugUIPlugin.buildAndLaunch(DebugUIPlugin.java:1018)
	at org.eclipse.debug.internal.ui.DebugUIPlugin$8.run(DebugUIPlugin.java:1222)
	at org.eclipse.core.internal.jobs.Worker.run(Worker.java:53)
17:51:52 INFO  : Connected to target on host '127.0.0.1' and port '3121'.
18:53:46 ERROR : Unexpected error while parsing XMD response ￿: com.google.gson.JsonSyntaxException: com.google.gson.stream.MalformedJsonException: invalid number or unquoted string near 
19:53:02 INFO  : Launching XSDB server: xsdb -n /opt/Xilinx/SDK/2015.4/scripts/xsdb/xsdb/xsdb-server.tcl
19:53:03 INFO  : XSDB server has started successfully.
19:53:12 INFO  : Processing command line option -hwspec /home/sattu-supari/Documents/Sem2/AESP/project/LWIP_Trials04/LWIP_Trials04.sdk/design_1_wrapper.hdf.
19:53:13 INFO  : Checking for hwspec changes in the project design_1_wrapper_hw_platform_0.
19:53:21 INFO  : No changes in MSS file content so not generating sources.
20:07:31 INFO  : Launching XSDB server: xsdb -n /opt/Xilinx/SDK/2015.4/scripts/xsdb/xsdb/xsdb-server.tcl
20:07:33 INFO  : XSDB server has started successfully.
20:07:52 INFO  : Processing command line option -hwspec /home/sattu-supari/Documents/Sem2/AESP/project/LWIP_Trials04/LWIP_Trials04.sdk/design_1_wrapper.hdf.
20:07:55 INFO  : Checking for hwspec changes in the project design_1_wrapper_hw_platform_0.
20:09:04 INFO  : Connected to target on host '127.0.0.1' and port '3121'.
20:09:40 INFO  : Connected to target on host '127.0.0.1' and port '3121'.
20:09:49 INFO  : Connected to target on host '127.0.0.1' and port '3121'.
20:09:53 INFO  : Connected to target on host '127.0.0.1' and port '3121'.
20:12:51 INFO  : Connected to target on host '127.0.0.1' and port '3121'.
20:16:06 INFO  : Connected to target on host '127.0.0.1' and port '3121'.
20:18:19 ERROR : Unexpected error while launching program.
com.xilinx.sdk.targetmanager.TMException: 
    Unknown Error Occured
    Cable is not connected to the host

	at com.xilinx.sdk.targetmanager.internal.TM.connectToProcessor(TM.java:484)
	at com.xilinx.sdk.debug.core.XilinxAppLaunchConfigurationDelegate.runTargetSetup(XilinxAppLaunchConfigurationDelegate.java:464)
	at com.xilinx.sdk.debug.core.XilinxAppLaunchConfigurationDelegate.runApplication(XilinxAppLaunchConfigurationDelegate.java:616)
	at com.xilinx.sdk.debug.core.XilinxAppLaunchConfigurationDelegate.launch(XilinxAppLaunchConfigurationDelegate.java:309)
	at com.xilinx.sdk.debug.ui.XilinxAppLaunchDelegateWrapper.launch(XilinxAppLaunchDelegateWrapper.java:31)
	at org.eclipse.debug.internal.core.LaunchConfiguration.launch(LaunchConfiguration.java:858)
	at org.eclipse.debug.internal.core.LaunchConfiguration.launch(LaunchConfiguration.java:707)
	at org.eclipse.debug.internal.ui.DebugUIPlugin.buildAndLaunch(DebugUIPlugin.java:1018)
	at org.eclipse.debug.internal.ui.DebugUIPlugin$8.run(DebugUIPlugin.java:1222)
	at org.eclipse.core.internal.jobs.Worker.run(Worker.java:53)
20:18:49 INFO  : Connected to target on host '127.0.0.1' and port '3121'.
20:18:53 INFO  : Connected to target on host '127.0.0.1' and port '3121'.
20:22:24 ERROR : Unexpected error while parsing XMD response ￿: com.google.gson.JsonSyntaxException: com.google.gson.stream.MalformedJsonException: invalid number or unquoted string near 
16:08:38 INFO  : Launching XSDB server: xsdb -n /opt/Xilinx/SDK/2015.4/scripts/xsdb/xsdb/xsdb-server.tcl
16:08:51 INFO  : XSDB server has started successfully.
16:09:12 INFO  : Processing command line option -hwspec /home/sattu-supari/Documents/Sem2/AESP/project/LWIP_Trials04/LWIP_Trials04.sdk/design_1_wrapper.hdf.
16:09:19 INFO  : Checking for hwspec changes in the project design_1_wrapper_hw_platform_0.
22:33:25 ERROR : Unexpected error while parsing XMD response ￿: com.google.gson.JsonSyntaxException: com.google.gson.stream.MalformedJsonException: invalid number or unquoted string near 
22:47:48 INFO  : Launching XSDB server: xsdb -n /opt/Xilinx/SDK/2015.4/scripts/xsdb/xsdb/xsdb-server.tcl
22:47:52 INFO  : XSDB server has started successfully.
22:48:01 INFO  : Processing command line option -hwspec /home/sattu-supari/Documents/Sem2/AESP/project/LWIP_Trials04/LWIP_Trials04.sdk/design_1_wrapper.hdf.
22:48:02 INFO  : Checking for hwspec changes in the project design_1_wrapper_hw_platform_0.
22:49:53 INFO  : Connected to target on host '127.0.0.1' and port '3121'.
22:55:49 INFO  : No changes in MSS file content so not generating sources.
22:58:43 INFO  : Launching XSDB server: xsdb -n /opt/Xilinx/SDK/2015.4/scripts/xsdb/xsdb/xsdb-server.tcl
22:58:46 INFO  : XSDB server has started successfully.
22:58:47 INFO  : Processing command line option -hwspec /home/sattu-supari/Documents/Sem2/AESP/project/LWIP_Trials04/LWIP_Trials04.sdk/design_1_wrapper.hdf.
22:58:47 INFO  : Checking for hwspec changes in the project design_1_wrapper_hw_platform_0.
23:05:18 INFO  : No changes in MSS file content so not generating sources.
23:05:35 INFO  : Connected to target on host '127.0.0.1' and port '3121'.
23:08:22 INFO  : Connected to target on host '127.0.0.1' and port '3121'.
23:13:22 INFO  : Connected to target on host '127.0.0.1' and port '3121'.
23:13:26 INFO  : Connected to target on host '127.0.0.1' and port '3121'.
23:13:38 INFO  : Connected to target on host '127.0.0.1' and port '3121'.
23:14:36 INFO  : Connected to target on host '127.0.0.1' and port '3121'.
03:16:08 ERROR : Unexpected error while parsing XMD response ￿: com.google.gson.JsonSyntaxException: com.google.gson.stream.MalformedJsonException: invalid number or unquoted string near 
15:17:32 INFO  : Launching XSDB server: xsdb -n /opt/Xilinx/SDK/2015.4/scripts/xsdb/xsdb/xsdb-server.tcl
15:17:36 INFO  : XSDB server has started successfully.
15:17:50 INFO  : Processing command line option -hwspec /home/sattu-supari/Documents/Sem2/AESP/project/LWIP_Trials04/LWIP_Trials04.sdk/design_1_wrapper.hdf.
15:17:50 INFO  : Checking for hwspec changes in the project design_1_wrapper_hw_platform_0.
11:25:38 INFO  : Launching XSDB server: xsdb -n /opt/Xilinx/SDK/2015.4/scripts/xsdb/xsdb/xsdb-server.tcl
11:25:42 INFO  : XSDB server has started successfully.
11:25:50 INFO  : Processing command line option -hwspec /home/sattu-supari/Documents/Sem2/AESP/project/LWIP_Trials04/LWIP_Trials04.sdk/design_1_wrapper.hdf.
11:25:50 INFO  : Checking for hwspec changes in the project design_1_wrapper_hw_platform_0.
11:26:34 INFO  : Launching XSDB server: xsdb -n /opt/Xilinx/SDK/2015.4/scripts/xsdb/xsdb/xsdb-server.tcl
11:26:35 INFO  : XSDB server has started successfully.
11:26:35 INFO  : Processing command line option -hwspec /home/sattu-supari/Documents/Sem2/AESP/project/LWIP_Trials04/LWIP_Trials04.sdk/design_1_wrapper.hdf.
11:26:36 INFO  : Checking for hwspec changes in the project design_1_wrapper_hw_platform_0.
11:27:15 INFO  : Connected to target on host '127.0.0.1' and port '3121'.
11:33:23 INFO  : Connected to target on host '127.0.0.1' and port '3121'.
12:40:50 INFO  : Connected to target on host '127.0.0.1' and port '3121'.
12:41:31 ERROR : Unexpected error while launching program.
com.xilinx.sdk.targetmanager.TMException: 
    Unknown Error Occured
    Cable is not connected to the host

	at com.xilinx.sdk.targetmanager.internal.TM.connectToProcessor(TM.java:484)
	at com.xilinx.sdk.debug.core.XilinxAppLaunchConfigurationDelegate.runTargetSetup(XilinxAppLaunchConfigurationDelegate.java:464)
	at com.xilinx.sdk.debug.core.XilinxAppLaunchConfigurationDelegate.debugApplication(XilinxAppLaunchConfigurationDelegate.java:701)
	at com.xilinx.sdk.debug.core.XilinxAppLaunchConfigurationDelegate.launch(XilinxAppLaunchConfigurationDelegate.java:311)
	at com.xilinx.sdk.debug.ui.XilinxAppLaunchDelegateWrapper.launch(XilinxAppLaunchDelegateWrapper.java:31)
	at org.eclipse.debug.internal.core.LaunchConfiguration.launch(LaunchConfiguration.java:858)
	at org.eclipse.debug.internal.core.LaunchConfiguration.launch(LaunchConfiguration.java:707)
	at org.eclipse.debug.internal.ui.DebugUIPlugin.buildAndLaunch(DebugUIPlugin.java:1018)
	at org.eclipse.debug.internal.ui.DebugUIPlugin$8.run(DebugUIPlugin.java:1222)
	at org.eclipse.core.internal.jobs.Worker.run(Worker.java:53)
12:50:29 INFO  : Connected to target on host '127.0.0.1' and port '3121'.
14:28:36 INFO  : Launching XSDB server: xsdb -n /opt/Xilinx/SDK/2015.4/scripts/xsdb/xsdb/xsdb-server.tcl
14:28:43 INFO  : XSDB server has started successfully.
14:28:52 INFO  : Processing command line option -hwspec /home/sattu-supari/Documents/Sem2/AESP/project/LWIP_Trials04/LWIP_Trials04.sdk/design_1_wrapper.hdf.
14:28:52 INFO  : Checking for hwspec changes in the project design_1_wrapper_hw_platform_0.
14:29:04 INFO  : Connected to target on host '127.0.0.1' and port '3121'.
14:31:40 ERROR : Unexpected error while launching program.
com.xilinx.sdk.targetmanager.TMException: 
    Unknown Error Occured
    Cable is not connected to the host

	at com.xilinx.sdk.targetmanager.internal.TM.connectToProcessor(TM.java:484)
	at com.xilinx.sdk.debug.core.XilinxAppLaunchConfigurationDelegate.runTargetSetup(XilinxAppLaunchConfigurationDelegate.java:464)
	at com.xilinx.sdk.debug.core.XilinxAppLaunchConfigurationDelegate.debugApplication(XilinxAppLaunchConfigurationDelegate.java:701)
	at com.xilinx.sdk.debug.core.XilinxAppLaunchConfigurationDelegate.launch(XilinxAppLaunchConfigurationDelegate.java:311)
	at com.xilinx.sdk.debug.ui.XilinxAppLaunchDelegateWrapper.launch(XilinxAppLaunchDelegateWrapper.java:31)
	at org.eclipse.debug.internal.core.LaunchConfiguration.launch(LaunchConfiguration.java:858)
	at org.eclipse.debug.internal.core.LaunchConfiguration.launch(LaunchConfiguration.java:707)
	at org.eclipse.debug.internal.ui.DebugUIPlugin.buildAndLaunch(DebugUIPlugin.java:1018)
	at org.eclipse.debug.internal.ui.DebugUIPlugin$8.run(DebugUIPlugin.java:1222)
	at org.eclipse.core.internal.jobs.Worker.run(Worker.java:53)
14:42:44 ERROR : Unexpected error while parsing XMD response ￿: com.google.gson.JsonSyntaxException: com.google.gson.stream.MalformedJsonException: invalid number or unquoted string near 
14:54:42 INFO  : Launching XSDB server: xsdb -n /opt/Xilinx/SDK/2015.4/scripts/xsdb/xsdb/xsdb-server.tcl
14:54:44 INFO  : XSDB server has started successfully.
14:54:44 INFO  : Processing command line option -hwspec /home/sattu-supari/Documents/Sem2/AESP/project/LWIP_Trials04/LWIP_Trials04.sdk/design_1_wrapper.hdf.
14:54:44 INFO  : Checking for hwspec changes in the project design_1_wrapper_hw_platform_0.
14:55:13 ERROR : Unexpected error while launching program.
com.xilinx.sdk.targetmanager.TMException: 
    Unknown Error Occured
    Cable is not connected to the host

	at com.xilinx.sdk.targetmanager.internal.TM.connectToProcessor(TM.java:484)
	at com.xilinx.sdk.debug.core.XilinxAppLaunchConfigurationDelegate.runTargetSetup(XilinxAppLaunchConfigurationDelegate.java:464)
	at com.xilinx.sdk.debug.core.XilinxAppLaunchConfigurationDelegate.debugApplication(XilinxAppLaunchConfigurationDelegate.java:701)
	at com.xilinx.sdk.debug.core.XilinxAppLaunchConfigurationDelegate.launch(XilinxAppLaunchConfigurationDelegate.java:311)
	at com.xilinx.sdk.debug.ui.XilinxAppLaunchDelegateWrapper.launch(XilinxAppLaunchDelegateWrapper.java:31)
	at org.eclipse.debug.internal.core.LaunchConfiguration.launch(LaunchConfiguration.java:858)
	at org.eclipse.debug.internal.core.LaunchConfiguration.launch(LaunchConfiguration.java:707)
	at org.eclipse.debug.internal.ui.DebugUIPlugin.buildAndLaunch(DebugUIPlugin.java:1018)
	at org.eclipse.debug.internal.ui.DebugUIPlugin$8.run(DebugUIPlugin.java:1222)
	at org.eclipse.core.internal.jobs.Worker.run(Worker.java:53)
14:55:29 INFO  : System reset is completed.
14:55:31 INFO  : FPGA configured successfully with bitstream "/home/sattu-supari/Documents/Sem2/AESP/project/LWIP_Trials04/LWIP_Trials04.sdk/design_1_wrapper_hw_platform_0/design_1_wrapper.bit"
14:55:32 INFO  : ps7_init is completed.
14:55:32 INFO  : ps7_post_config is completed.
14:55:34 ERROR : No such port: /dev/ttyUSB0
14:55:54 INFO  : ps7_cortexa9_0 Processor is in use. Please stop existing Run or Debug sessions before launching.
14:55:57 INFO  : System reset is completed.
14:55:59 INFO  : FPGA configured successfully with bitstream "/home/sattu-supari/Documents/Sem2/AESP/project/LWIP_Trials04/LWIP_Trials04.sdk/design_1_wrapper_hw_platform_0/design_1_wrapper.bit"
14:56:00 INFO  : ps7_init is completed.
14:56:00 INFO  : ps7_post_config is completed.
14:59:35 INFO  : System reset is completed.
14:59:38 INFO  : FPGA configured successfully with bitstream "/home/sattu-supari/Documents/Sem2/AESP/project/LWIP_Trials04/LWIP_Trials04.sdk/design_1_wrapper_hw_platform_0/design_1_wrapper.bit"
14:59:39 INFO  : ps7_init is completed.
14:59:39 INFO  : ps7_post_config is completed.
15:14:08 INFO  : System reset is completed.
15:14:11 INFO  : FPGA configured successfully with bitstream "/home/sattu-supari/Documents/Sem2/AESP/project/LWIP_Trials04/LWIP_Trials04.sdk/design_1_wrapper_hw_platform_0/design_1_wrapper.bit"
15:14:11 INFO  : ps7_init is completed.
15:14:11 INFO  : ps7_post_config is completed.
15:36:35 INFO  : System reset is completed.
15:36:38 INFO  : FPGA configured successfully with bitstream "/home/sattu-supari/Documents/Sem2/AESP/project/LWIP_Trials04/LWIP_Trials04.sdk/design_1_wrapper_hw_platform_0/design_1_wrapper.bit"
15:36:38 INFO  : ps7_init is completed.
15:36:38 INFO  : ps7_post_config is completed.
15:38:29 INFO  : System reset is completed.
15:38:32 INFO  : FPGA configured successfully with bitstream "/home/sattu-supari/Documents/Sem2/AESP/project/LWIP_Trials04/LWIP_Trials04.sdk/design_1_wrapper_hw_platform_0/design_1_wrapper.bit"
15:38:32 INFO  : ps7_init is completed.
15:38:32 INFO  : ps7_post_config is completed.
15:47:44 INFO  : ps7_cortexa9_0 Processor is in use. Please stop existing Run or Debug sessions before launching.
15:47:47 INFO  : System reset is completed.
15:47:50 INFO  : FPGA configured successfully with bitstream "/home/sattu-supari/Documents/Sem2/AESP/project/LWIP_Trials04/LWIP_Trials04.sdk/design_1_wrapper_hw_platform_0/design_1_wrapper.bit"
15:47:51 INFO  : ps7_init is completed.
15:47:51 INFO  : ps7_post_config is completed.
17:13:59 ERROR : Unexpected error while parsing XMD response ￿: com.google.gson.JsonSyntaxException: com.google.gson.stream.MalformedJsonException: invalid number or unquoted string near 
22:13:29 INFO  : Launching XSDB server: xsdb -n /opt/Xilinx/SDK/2015.4/scripts/xsdb/xsdb/xsdb-server.tcl
22:13:33 INFO  : XSDB server has started successfully.
22:13:42 INFO  : Processing command line option -hwspec /home/sattu-supari/Documents/Sem2/AESP/project/LWIP_Trials04/LWIP_Trials04.sdk/design_1_wrapper.hdf.
22:13:42 INFO  : Checking for hwspec changes in the project design_1_wrapper_hw_platform_0.
23:42:06 INFO  : Launching XSDB server: xsdb -n /opt/Xilinx/SDK/2015.4/scripts/xsdb/xsdb/xsdb-server.tcl
23:42:08 INFO  : XSDB server has started successfully.
23:42:17 INFO  : Processing command line option -hwspec /home/sattu-supari/Documents/Sem2/AESP/project/LWIP_Trials04/LWIP_Trials04.sdk/design_1_wrapper.hdf.
23:42:18 INFO  : Checking for hwspec changes in the project design_1_wrapper_hw_platform_0.
05:06:00 INFO  : System reset is completed.
05:06:03 INFO  : FPGA configured successfully with bitstream "/home/sattu-supari/Documents/Sem2/AESP/project/LWIP_Trials04/LWIP_Trials04.sdk/design_1_wrapper_hw_platform_0/design_1_wrapper.bit"
05:06:04 INFO  : ps7_init is completed.
05:06:04 INFO  : ps7_post_config is completed.
08:54:56 INFO  : Launching XSDB server: xsdb -n /opt/Xilinx/SDK/2015.4/scripts/xsdb/xsdb/xsdb-server.tcl
08:54:58 INFO  : XSDB server has started successfully.
08:54:58 INFO  : Processing command line option -hwspec /home/ubuntu-admin/SharedFolder/EIT_Studies/TUB_Docs/Sem2/EmbProj/GitHub/AEP/Network/LWIP_Trials04/LWIP_Trials04.sdk/design_1_wrapper.hdf.
08:55:27 INFO  : Launching XSDB server: xsdb -n /opt/Xilinx/SDK/2015.4/scripts/xsdb/xsdb/xsdb-server.tcl
08:55:28 INFO  : XSDB server has started successfully.
08:55:28 INFO  : Processing command line option -hwspec /home/ubuntu-admin/SharedFolder/EIT_Studies/TUB_Docs/Sem2/EmbProj/GitHub/AEP/Network/LWIP_Trials04/LWIP_Trials04.sdk/design_1_wrapper.hdf.
08:55:28 INFO  : Checking for hwspec changes in the project design_1_wrapper_hw_platform_1.
