#-----------------------------------------------------------
# xsim v2015.4 (64-bit)
# SW Build 1412921 on Wed Nov 18 09:44:32 MST 2015
# IP Build 1412160 on Tue Nov 17 13:47:24 MST 2015
# Start of session at: Sun Jul  2 21:01:54 2017
# Process ID: 24023
# Current directory: /home/ubuntu-admin/SharedFolder/EIT_Studies/TUB_Docs/Sem2/EmbProj/Xilinx_Workspace/gain_stream/solution1/sim/verilog
# Command line: xsim -mode tcl -source {xsim.dir/doGain/xsim_script.tcl}
# Log file: /home/ubuntu-admin/SharedFolder/EIT_Studies/TUB_Docs/Sem2/EmbProj/Xilinx_Workspace/gain_stream/solution1/sim/verilog/xsim.log
# Journal file: /home/ubuntu-admin/SharedFolder/EIT_Studies/TUB_Docs/Sem2/EmbProj/Xilinx_Workspace/gain_stream/solution1/sim/verilog/xsim.jou
#-----------------------------------------------------------
source xsim.dir/doGain/xsim_script.tcl
# xsim {doGain} -maxdeltaid 10000 -autoloadwcfg -tclbatch {doGain.tcl}
Vivado Simulator 2015.4
Time resolution is 1 ps
source doGain.tcl
## run all
$finish called at time : 1525 ns : File "/home/ubuntu-admin/SharedFolder/EIT_Studies/TUB_Docs/Sem2/EmbProj/Xilinx_Workspace/gain_stream/solution1/sim/verilog/doGain.autotb.v" Line 509
## quit
INFO: [Common 17-206] Exiting xsim at Sun Jul  2 21:01:56 2017...
