@I [HLS-0] Workspace /home/saptarshi/Documents/AEP/HLS/zhangsuengps/solution1 opened at Sat Jul 08 00:13:12 CEST 2017
@I [HLS-100] Command "config_clock -quiet -name default -period 10 -default=false "
@I [SYN-201] Setting up clock 'default' with a period of 10ns.
@I [HLS-100] Command 'config_clock' returned 0; elapsed 7.7e-05Total elapsed time: 0.355 sec.
@I [HLS-100] Command "open_platform DefaultPlatform "
@I [HLS-100] Command 'open_platform' returned 0; elapsed 5.6e-05Total elapsed time: 0.356 sec.
@I [HLS-100] Command "import_lib /home/saptarshi/Xilinx/Vivado_HLS/2015.4/common/technology/xilinx/zynq/zynq "
@I [HLS-100] Command "source /home/saptarshi/Xilinx/Vivado_HLS/2015.4/common/technology/xilinx/common/xilinx.lib "
@I [HLS-100] Command "source /home/saptarshi/Xilinx/Vivado_HLS/2015.4/common/technology/xilinx/interface/xilinx_interface.lib "
@I [HLS-100] Command "source /home/saptarshi/Xilinx/Vivado_HLS/2015.4/common/technology/xilinx/interface/plb46.lib "
@I [HLS-100] Command 'ap_source' returned 0; elapsed 0.000346Total elapsed time: 0.357 sec.
@I [HLS-100] Command "source /home/saptarshi/Xilinx/Vivado_HLS/2015.4/common/technology/xilinx/interface/fsl.lib "
@I [HLS-100] Command 'ap_source' returned 0; elapsed 0.000154Total elapsed time: 0.357 sec.
@I [HLS-100] Command "source /home/saptarshi/Xilinx/Vivado_HLS/2015.4/common/technology/xilinx/interface/axi4.lib "
@I [HLS-100] Command 'ap_source' returned 0; elapsed 0.000227Total elapsed time: 0.358 sec.
@I [HLS-100] Command "source /home/saptarshi/Xilinx/Vivado_HLS/2015.4/common/technology/xilinx/interface/maxi.lib "
@I [HLS-100] Command 'ap_source' returned 0; elapsed 0.000195Total elapsed time: 0.358 sec.
@I [HLS-100] Command "source /home/saptarshi/Xilinx/Vivado_HLS/2015.4/common/technology/xilinx/interface/saxilite.lib "
@I [HLS-100] Command 'ap_source' returned 0; elapsed 0.000123Total elapsed time: 0.358 sec.
@I [HLS-100] Command 'ap_source' returned 0; elapsed 0.001403Total elapsed time: 0.358 sec.
@I [HLS-100] Command "source /home/saptarshi/Xilinx/Vivado_HLS/2015.4/common/technology/xilinx/common/dsp48.lib "
@I [HLS-100] Command 'ap_source' returned 0; elapsed 0.000114Total elapsed time: 0.358 sec.
@I [HLS-100] Command "source /home/saptarshi/Xilinx/Vivado_HLS/2015.4/common/technology/xilinx/ip/xfft.lib "
@I [HLS-100] Command 'ap_source' returned 0; elapsed 8.3e-05Total elapsed time: 0.358 sec.
@I [HLS-100] Command "source /home/saptarshi/Xilinx/Vivado_HLS/2015.4/common/technology/xilinx/ip/dds_compiler.lib "
@I [HLS-100] Command 'ap_source' returned 0; elapsed 6.9e-05Total elapsed time: 0.359 sec.
@I [HLS-100] Command "source /home/saptarshi/Xilinx/Vivado_HLS/2015.4/common/technology/xilinx/ip/xfir.lib "
@I [HLS-100] Command 'ap_source' returned 0; elapsed 6.6e-05Total elapsed time: 0.359 sec.
@I [HLS-100] Command 'ap_source' returned 0; elapsed 0.004438Total elapsed time: 0.361 sec.
@I [HLS-100] Command "source /home/saptarshi/Xilinx/Vivado_HLS/2015.4/common/technology/xilinx/common/xilinx_old.lib "
@I [HLS-100] Command 'ap_source' returned 0; elapsed 0.000757Total elapsed time: 0.364 sec.
@I [HLS-100] Command "source /home/saptarshi/Xilinx/Vivado_HLS/2015.4/common/technology/xilinx/common/xilinx_vivado.lib "
@I [HLS-100] Command 'ap_source' returned 0; elapsed 0.000729Total elapsed time: 0.364 sec.
@I [HLS-100] Command "source /home/saptarshi/Xilinx/Vivado_HLS/2015.4/common/technology/xilinx/common/xilinx.hlp "
@I [HLS-100] Command "source /home/saptarshi/Xilinx/Vivado_HLS/2015.4/common/technology/xilinx/common/target_info.tcl "
@I [HLS-100] Command 'ap_source' returned 0; elapsed 0.000125Total elapsed time: 0.367 sec.
@I [HLS-100] Command "source /home/saptarshi/Xilinx/Vivado_HLS/2015.4/common/technology/xilinx/interface/xilinx_interface.hlp "
@I [HLS-100] Command "source /home/saptarshi/Xilinx/Vivado_HLS/2015.4/common/technology/xilinx/interface/maxi.hlp "
@I [HLS-100] Command 'ap_source' returned 0; elapsed 8.8e-05Total elapsed time: 0.367 sec.
@I [HLS-100] Command "source /home/saptarshi/Xilinx/Vivado_HLS/2015.4/common/technology/xilinx/interface/saxilite.hlp "
@I [HLS-100] Command 'ap_source' returned 0; elapsed 8.9e-05Total elapsed time: 0.367 sec.
@I [HLS-100] Command 'ap_source' returned 0; elapsed 0.000298Total elapsed time: 0.367 sec.
@I [HLS-100] Command "source /home/saptarshi/Xilinx/Vivado_HLS/2015.4/common/technology/xilinx/common/dsp48.hlp "
@I [HLS-100] Command 'ap_source' returned 0; elapsed 0.000654Total elapsed time: 0.368 sec.
@I [HLS-100] Command 'ap_source' returned 0; elapsed 0.00231Total elapsed time: 0.369 sec.
@I [HLS-100] Command "source /home/saptarshi/Xilinx/Vivado_HLS/2015.4/common/technology/xilinx/zynq/dsp48e1.hlp "
@I [HLS-100] Command 'ap_source' returned 0; elapsed 7.9e-05Total elapsed time: 0.369 sec.
@I [HLS-100] Command "get_default_platform "
@I [HLS-100] Command 'get_default_platform' returned 0; elapsed 5e-06Total elapsed time: 0.369 sec.
@I [HLS-100] Command "config_chip_info -quiet -resource  {SLICE 13300}  {LUT 53200}     {FF 106400} {DSP48E 220}   {BRAM 280}  "
@I [HLS-100] Command 'config_chip_info' returned 0; elapsed 2.1e-05Total elapsed time: 0.369 sec.
@I [HLS-100] Command "config_chip_info -quiet -speed medium "
@I [HLS-100] Command 'config_chip_info' returned 0; elapsed 4e-06Total elapsed time: 0.369 sec.
@I [HLS-100] Command 'import_lib' returned 0; elapsed 0.0147Total elapsed time: 0.371 sec.
@I [HLS-100] Command "source /home/saptarshi/Xilinx/Vivado_HLS/2015.4/common/technology/xilinx/zynq/zynq.gen "
@I [HLS-100] Command "source /home/saptarshi/Xilinx/Vivado_HLS/2015.4/common/technology/xilinx/common/virtex.gen "
@I [HLS-100] Command "source /home/saptarshi/Xilinx/Vivado_HLS/2015.4/common/technology/xilinx/common/xilinx.gen "
@I [HLS-100] Command "source /home/saptarshi/Xilinx/Vivado_HLS/2015.4/common/technology/xilinx/interface/plb46.gen "
@I [HLS-100] Command 'ap_source' returned 0; elapsed 0.001178Total elapsed time: 0.373 sec.
@I [HLS-100] Command "source /home/saptarshi/Xilinx/Vivado_HLS/2015.4/common/technology/xilinx/interface/fsl.gen "
@I [HLS-100] Command 'ap_source' returned 0; elapsed 0.000483Total elapsed time: 0.373 sec.
@I [HLS-100] Command "source /home/saptarshi/Xilinx/Vivado_HLS/2015.4/common/technology/xilinx/interface/axi4.gen "
@I [HLS-100] Command 'ap_source' returned 0; elapsed 0.002325Total elapsed time: 0.376 sec.
@I [HLS-100] Command "source /home/saptarshi/Xilinx/Vivado_HLS/2015.4/common/technology/xilinx/interface/nativeAXI4.gen "
@I [HLS-100] Command "source /home/saptarshi/Xilinx/Vivado_HLS/2015.4/common/technology/xilinx/interface/saxilite.gen "
@I [HLS-100] Command 'ap_source' returned 0; elapsed 0.00413Total elapsed time: 0.380 sec.
@I [HLS-100] Command "source /home/saptarshi/Xilinx/Vivado_HLS/2015.4/common/technology/xilinx/interface/maxi.gen "
@I [HLS-100] Command 'ap_source' returned 0; elapsed 0.008198Total elapsed time: 0.388 sec.
@I [HLS-100] Command 'ap_source' returned 0; elapsed 0.012503Total elapsed time: 0.388 sec.
@I [HLS-100] Command "source /home/saptarshi/Xilinx/Vivado_HLS/2015.4/common/technology/xilinx/scripts/xilinxcoregen.gen "
@I [HLS-100] Command 'ap_source' returned 0; elapsed 0.011694Total elapsed time: 0.400 sec.
@I [HLS-100] Command "source /home/saptarshi/Xilinx/Vivado_HLS/2015.4/common/technology/xilinx/interface/XilEDKCoreGen.gen "
@I [HLS-100] Command 'ap_source' returned 0; elapsed 0.009704Total elapsed time: 0.410 sec.
@I [HLS-100] Command "source /home/saptarshi/Xilinx/Vivado_HLS/2015.4/common/technology/xilinx/ip/xfir.gen "
@I [HLS-100] Command "source /home/saptarshi/Xilinx/Vivado_HLS/2015.4/tps/tcl/tcllib1.11.1/struct/list.tcl "
@I [HLS-100] Command "source /home/saptarshi/Xilinx/Vivado_HLS/2015.4/tps/tcl/tcllib1.11.1/cmdline/cmdline.tcl "
@I [HLS-100] Command 'ap_source' returned 0; elapsed 0.000805Total elapsed time: 0.432 sec.
@I [HLS-100] Command 'ap_source' returned 0; elapsed 0.001801Total elapsed time: 0.432 sec.
@I [HLS-100] Command "source /home/saptarshi/Xilinx/Vivado_HLS/2015.4/tps/tcl/tcllib1.11.1/math/bignum.tcl "
@I [HLS-100] Command 'ap_source' returned 0; elapsed 0.000927Total elapsed time: 0.445 sec.
@I [HLS-100] Command 'ap_source' returned 0; elapsed 0.042512Total elapsed time: 0.453 sec.
@I [HLS-100] Command "source /home/saptarshi/Xilinx/Vivado_HLS/2015.4/common/technology/xilinx/ip/dds_compiler.gen "
@I [HLS-100] Command 'ap_source' returned 0; elapsed 0.003912Total elapsed time: 0.457 sec.
@I [HLS-100] Command "source /home/saptarshi/Xilinx/Vivado_HLS/2015.4/common/technology/xilinx/ip/util.gen "
@I [HLS-100] Command 'ap_source' returned 0; elapsed 0.000162Total elapsed time: 0.457 sec.
@I [HLS-100] Command "source /home/saptarshi/Xilinx/Vivado_HLS/2015.4/common/technology/xilinx/ip/xfft.gen "
@I [HLS-100] Command 'ap_source' returned 0; elapsed 0.135618Total elapsed time: 0.593 sec.
@I [HLS-100] Command 'ap_source' returned 0; elapsed 0.220941Total elapsed time: 0.593 sec.
@I [HLS-100] Command "source /home/saptarshi/Xilinx/Vivado_HLS/2015.4/common/technology/xilinx/common/dsp48.gen "
@I [HLS-100] Command 'ap_source' returned 0; elapsed 0.000164Total elapsed time: 0.594 sec.
@I [HLS-100] Command 'ap_source' returned 0; elapsed 0.223118Total elapsed time: 0.595 sec.
@I [HLS-100] Command 'ap_source' returned 0; elapsed 0.223248Total elapsed time: 0.595 sec.
@I [HLS-100] Command "open_platform DefaultPlatform "
@I [HLS-100] Command 'open_platform' returned 0; elapsed 8e-06Total elapsed time: 0.595 sec.
@I [HLS-100] Command "import_lib /home/saptarshi/Xilinx/Vivado_HLS/2015.4/common/technology/xilinx/zynq/zynq_fpv6 "
@I [HLS-100] Command "source /home/saptarshi/Xilinx/Vivado_HLS/2015.4/common/technology/xilinx/common/xilinx_fpv7.lib "
@I [HLS-100] Command "source /home/saptarshi/Xilinx/Vivado_HLS/2015.4/common/technology/xilinx/common/xilinx_hp.lib "
@I [HLS-100] Command 'ap_source' returned 0; elapsed 0.000722Total elapsed time: 0.596 sec.
@I [HLS-100] Command 'ap_source' returned 0; elapsed 0.004981Total elapsed time: 0.600 sec.
@I [HLS-100] Command "source /home/saptarshi/Xilinx/Vivado_HLS/2015.4/common/technology/xilinx/common/xilinx_fpv.hlp "
@I [HLS-100] Command "source /home/saptarshi/Xilinx/Vivado_HLS/2015.4/common/technology/xilinx/common/xilinx.hlp "
@I [HLS-100] Command "source /home/saptarshi/Xilinx/Vivado_HLS/2015.4/common/technology/xilinx/common/target_info.tcl "
@I [HLS-100] Command 'ap_source' returned 0; elapsed 0.000192Total elapsed time: 0.607 sec.
@I [HLS-100] Command "source /home/saptarshi/Xilinx/Vivado_HLS/2015.4/common/technology/xilinx/interface/xilinx_interface.hlp "
@I [HLS-100] Command "source /home/saptarshi/Xilinx/Vivado_HLS/2015.4/common/technology/xilinx/interface/maxi.hlp "
@I [HLS-100] Command 'ap_source' returned 0; elapsed 9.7e-05Total elapsed time: 0.607 sec.
@I [HLS-100] Command "source /home/saptarshi/Xilinx/Vivado_HLS/2015.4/common/technology/xilinx/interface/saxilite.hlp "
@I [HLS-100] Command 'ap_source' returned 0; elapsed 9.7e-05Total elapsed time: 0.607 sec.
@I [HLS-100] Command 'ap_source' returned 0; elapsed 0.000315Total elapsed time: 0.607 sec.
@I [HLS-100] Command "source /home/saptarshi/Xilinx/Vivado_HLS/2015.4/common/technology/xilinx/common/dsp48.hlp "
@I [HLS-100] Command 'ap_source' returned 0; elapsed 0.000635Total elapsed time: 0.608 sec.
@I [HLS-100] Command 'ap_source' returned 0; elapsed 0.002407Total elapsed time: 0.609 sec.
@I [HLS-100] Command 'ap_source' returned 0; elapsed 0.003017Total elapsed time: 0.609 sec.
@I [HLS-100] Command "source /home/saptarshi/Xilinx/Vivado_HLS/2015.4/common/technology/xilinx/zynq/zynq_hp.hlp "
@I [HLS-100] Command 'ap_source' returned 0; elapsed 0.000964Total elapsed time: 0.610 sec.
@I [HLS-100] Command 'import_lib' returned 0; elapsed 0.022509Total elapsed time: 0.617 sec.
@I [HLS-100] Command "source /home/saptarshi/Xilinx/Vivado_HLS/2015.4/common/technology/xilinx/zynq/zynq_fpv6.gen "
@I [HLS-100] Command "source /home/saptarshi/Xilinx/Vivado_HLS/2015.4/common/technology/xilinx/common/xilinx_fpv6.gen "
@I [HLS-100] Command 'ap_source' returned 0; elapsed 0.001793Total elapsed time: 0.619 sec.
@I [HLS-100] Command 'ap_source' returned 0; elapsed 0.001941Total elapsed time: 0.619 sec.
@I [HLS-100] Command "set_part xc7z020clg484-1 "
@I [HLS-100] Command "add_library xilinx/zynq/zynq:xc7z020:clg484:-1 "
@I [HLS-100] Command "get_default_platform "
@I [HLS-100] Command 'get_default_platform' returned 0; elapsed 7e-06Total elapsed time: 0.624 sec.
@I [HLS-100] Command "license_isbetapart xc7z020 "
@I [HLS-100] Command 'license_isbetapart' returned 1; elapsed 0.007924Total elapsed time: 0.633 sec.
@I [HLS-100] Command "get_default_platform "
@I [HLS-100] Command 'get_default_platform' returned 0; elapsed 8e-06Total elapsed time: 0.633 sec.
@I [HLS-100] Command "config_chip_info -quiet -resource  {SLICE 13300}  {LUT 53200}     {FF 106400} {DSP48E 220}   {BRAM 280}  "
@I [HLS-100] Command 'config_chip_info' returned 0; elapsed 1.6e-05Total elapsed time: 0.633 sec.
@I [HLS-100] Command "config_chip_info -quiet -speed slow "
@I [HLS-100] Command 'config_chip_info' returned 0; elapsed 4e-06Total elapsed time: 0.633 sec.
@I [HLS-100] Command 'add_library' returned 0; elapsed 0.011157Total elapsed time: 0.636 sec.
@I [HLS-100] Command "add_library xilinx/zynq/zynq_fpv6 "
@I [HLS-100] Command "get_default_platform "
@I [HLS-100] Command 'get_default_platform' returned 0; elapsed 5e-06Total elapsed time: 0.637 sec.
@I [HLS-100] Command 'add_library' returned 0; elapsed 0.00159Total elapsed time: 0.638 sec.
@I [HLS-10] Setting target device to 'xc7z020clg484-1'
@I [HLS-100] Command 'set_part' returned 0; elapsed 0.016222Total elapsed time: 0.638 sec.
@I [HLS-100] Command "get_default_platform "
@I [HLS-100] Command 'get_default_platform' returned 0; elapsed 6e-06Total elapsed time: 0.638 sec.
@I [HLS-100] Command "config_chip_info -quiet -resource  {SLICE 13300}  {LUT 53200}     {FF 106400} {DSP48E 220}   {BRAM 280}  "
@I [HLS-100] Command 'config_chip_info' returned 0; elapsed 1.8e-05Total elapsed time: 0.638 sec.
@I [HLS-100] Command "config_chip_info -quiet -speed slow "
@I [HLS-100] Command 'config_chip_info' returned 0; elapsed 6e-06Total elapsed time: 0.638 sec.
@I [HLS-100] Command 'open_solution' returned 0; elapsed 0.287331Total elapsed time: 0.639 sec.
@I [HLS-100] Command "csim_design -quiet "
@I [HLS-100] Command "source csim/.lst_opt.tcl "
@I [HLS-100] Command 'ap_source' returned 0; elapsed 9.4e-05Total elapsed time: 0.653 sec.
@I [HLS-100] Command "is_encrypted /home/saptarshi/Documents/AEP/HLS/zhangsuengps/solution1/test.cpp "
@I [HLS-100] Command 'is_encrypted' returned 0; elapsed 8e-05Total elapsed time: 0.659 sec.
@I [HLS-100] Command "is_xip /home/saptarshi/Documents/AEP/HLS/zhangsuengps/solution1/test.cpp "
@I [HLS-100] Command 'is_xip' returned 0; elapsed 2.7e-05Total elapsed time: 0.659 sec.
@I [HLS-100] Command "is_encrypted /home/saptarshi/Documents/AEP/HLS/zhangsuengps/.settings/psfunc.cpp "
@I [HLS-100] Command 'is_encrypted' returned 0; elapsed 2.5e-05Total elapsed time: 0.659 sec.
@I [HLS-100] Command "is_xip /home/saptarshi/Documents/AEP/HLS/zhangsuengps/.settings/psfunc.cpp "
@I [HLS-100] Command 'is_xip' returned 0; elapsed 1.9e-05Total elapsed time: 0.659 sec.
@I [HLS-100] Command "source run_sim.tcl "
@I [HLS-100] Command 'ap_source' returned 0; elapsed 0.006053Total elapsed time: 2.327 sec.
@I [SIM-1] CSim done with 0 errors.
@I [HLS-100] Command 'csim_design' returned 0; elapsed 0.032228Total elapsed time: 2.328 sec.
@I [HLS-100] Command 'ap_source' returned 0; elapsed 0.322079Total elapsed time: 2.328 sec.
@I [HLS-100] Command "cleanup_all "
@I [HLS-100] Command 'cleanup_all' returned 0; elapsed 0.00062Total elapsed time: 2.329 sec.
