@I [HLS-0] Workspace /home/saptarshi/Documents/AEP/zhangsuengps/solution1 opened at Wed Jul 05 17:49:31 CEST 2017
@I [HLS-100] Command "config_clock -quiet -name default -period 10 -default=false "
@I [SYN-201] Setting up clock 'default' with a period of 10ns.
@I [HLS-100] Command 'config_clock' returned 0; elapsed 7.4e-05Total elapsed time: 0.261 sec.
@I [HLS-100] Command "open_platform DefaultPlatform "
@I [HLS-100] Command 'open_platform' returned 0; elapsed 4.9e-05Total elapsed time: 0.262 sec.
@I [HLS-100] Command "import_lib /home/saptarshi/Xilinx/Vivado_HLS/2015.4/common/technology/xilinx/zynq/zynq "
@I [HLS-100] Command "source /home/saptarshi/Xilinx/Vivado_HLS/2015.4/common/technology/xilinx/common/xilinx.lib "
@I [HLS-100] Command "source /home/saptarshi/Xilinx/Vivado_HLS/2015.4/common/technology/xilinx/interface/xilinx_interface.lib "
@I [HLS-100] Command "source /home/saptarshi/Xilinx/Vivado_HLS/2015.4/common/technology/xilinx/interface/plb46.lib "
@I [HLS-100] Command 'ap_source' returned 0; elapsed 0.000357Total elapsed time: 0.263 sec.
@I [HLS-100] Command "source /home/saptarshi/Xilinx/Vivado_HLS/2015.4/common/technology/xilinx/interface/fsl.lib "
@I [HLS-100] Command 'ap_source' returned 0; elapsed 0.000126Total elapsed time: 0.263 sec.
@I [HLS-100] Command "source /home/saptarshi/Xilinx/Vivado_HLS/2015.4/common/technology/xilinx/interface/axi4.lib "
@I [HLS-100] Command 'ap_source' returned 0; elapsed 0.000192Total elapsed time: 0.263 sec.
@I [HLS-100] Command "source /home/saptarshi/Xilinx/Vivado_HLS/2015.4/common/technology/xilinx/interface/maxi.lib "
@I [HLS-100] Command 'ap_source' returned 0; elapsed 0.000165Total elapsed time: 0.264 sec.
@I [HLS-100] Command "source /home/saptarshi/Xilinx/Vivado_HLS/2015.4/common/technology/xilinx/interface/saxilite.lib "
@I [HLS-100] Command 'ap_source' returned 0; elapsed 0.000149Total elapsed time: 0.264 sec.
@I [HLS-100] Command 'ap_source' returned 0; elapsed 0.001359Total elapsed time: 0.264 sec.
@I [HLS-100] Command "source /home/saptarshi/Xilinx/Vivado_HLS/2015.4/common/technology/xilinx/common/dsp48.lib "
@I [HLS-100] Command 'ap_source' returned 0; elapsed 0.000136Total elapsed time: 0.264 sec.
@I [HLS-100] Command "source /home/saptarshi/Xilinx/Vivado_HLS/2015.4/common/technology/xilinx/ip/xfft.lib "
@I [HLS-100] Command 'ap_source' returned 0; elapsed 0.000106Total elapsed time: 0.264 sec.
@I [HLS-100] Command "source /home/saptarshi/Xilinx/Vivado_HLS/2015.4/common/technology/xilinx/ip/dds_compiler.lib "
@I [HLS-100] Command 'ap_source' returned 0; elapsed 9.1e-05Total elapsed time: 0.264 sec.
@I [HLS-100] Command "source /home/saptarshi/Xilinx/Vivado_HLS/2015.4/common/technology/xilinx/ip/xfir.lib "
@I [HLS-100] Command 'ap_source' returned 0; elapsed 5.7e-05Total elapsed time: 0.265 sec.
@I [HLS-100] Command 'ap_source' returned 0; elapsed 0.004196Total elapsed time: 0.267 sec.
@I [HLS-100] Command "source /home/saptarshi/Xilinx/Vivado_HLS/2015.4/common/technology/xilinx/common/xilinx_old.lib "
@I [HLS-100] Command 'ap_source' returned 0; elapsed 0.000621Total elapsed time: 0.269 sec.
@I [HLS-100] Command "source /home/saptarshi/Xilinx/Vivado_HLS/2015.4/common/technology/xilinx/common/xilinx_vivado.lib "
@I [HLS-100] Command 'ap_source' returned 0; elapsed 0.000563Total elapsed time: 0.269 sec.
@I [HLS-100] Command "source /home/saptarshi/Xilinx/Vivado_HLS/2015.4/common/technology/xilinx/common/xilinx.hlp "
@I [HLS-100] Command "source /home/saptarshi/Xilinx/Vivado_HLS/2015.4/common/technology/xilinx/common/target_info.tcl "
@I [HLS-100] Command 'ap_source' returned 0; elapsed 0.000107Total elapsed time: 0.272 sec.
@I [HLS-100] Command "source /home/saptarshi/Xilinx/Vivado_HLS/2015.4/common/technology/xilinx/interface/xilinx_interface.hlp "
@I [HLS-100] Command "source /home/saptarshi/Xilinx/Vivado_HLS/2015.4/common/technology/xilinx/interface/maxi.hlp "
@I [HLS-100] Command 'ap_source' returned 0; elapsed 7.2e-05Total elapsed time: 0.272 sec.
@I [HLS-100] Command "source /home/saptarshi/Xilinx/Vivado_HLS/2015.4/common/technology/xilinx/interface/saxilite.hlp "
@I [HLS-100] Command 'ap_source' returned 0; elapsed 7e-05Total elapsed time: 0.272 sec.
@I [HLS-100] Command 'ap_source' returned 0; elapsed 0.000245Total elapsed time: 0.272 sec.
@I [HLS-100] Command "source /home/saptarshi/Xilinx/Vivado_HLS/2015.4/common/technology/xilinx/common/dsp48.hlp "
@I [HLS-100] Command 'ap_source' returned 0; elapsed 0.000602Total elapsed time: 0.273 sec.
@I [HLS-100] Command 'ap_source' returned 0; elapsed 0.002004Total elapsed time: 0.273 sec.
@I [HLS-100] Command "source /home/saptarshi/Xilinx/Vivado_HLS/2015.4/common/technology/xilinx/zynq/dsp48e1.hlp "
@I [HLS-100] Command 'ap_source' returned 0; elapsed 8.8e-05Total elapsed time: 0.274 sec.
@I [HLS-100] Command "get_default_platform "
@I [HLS-100] Command 'get_default_platform' returned 0; elapsed 7e-06Total elapsed time: 0.274 sec.
@I [HLS-100] Command "config_chip_info -quiet -resource  {SLICE 13300}  {LUT 53200}     {FF 106400} {DSP48E 220}   {BRAM 280}  "
@I [HLS-100] Command 'config_chip_info' returned 0; elapsed 1.7e-05Total elapsed time: 0.274 sec.
@I [HLS-100] Command "config_chip_info -quiet -speed medium "
@I [HLS-100] Command 'config_chip_info' returned 0; elapsed 5e-06Total elapsed time: 0.274 sec.
@I [HLS-100] Command 'import_lib' returned 0; elapsed 0.013528Total elapsed time: 0.276 sec.
@I [HLS-100] Command "source /home/saptarshi/Xilinx/Vivado_HLS/2015.4/common/technology/xilinx/zynq/zynq.gen "
@I [HLS-100] Command "source /home/saptarshi/Xilinx/Vivado_HLS/2015.4/common/technology/xilinx/common/virtex.gen "
@I [HLS-100] Command "source /home/saptarshi/Xilinx/Vivado_HLS/2015.4/common/technology/xilinx/common/xilinx.gen "
@I [HLS-100] Command "source /home/saptarshi/Xilinx/Vivado_HLS/2015.4/common/technology/xilinx/interface/plb46.gen "
@I [HLS-100] Command 'ap_source' returned 0; elapsed 0.001107Total elapsed time: 0.278 sec.
@I [HLS-100] Command "source /home/saptarshi/Xilinx/Vivado_HLS/2015.4/common/technology/xilinx/interface/fsl.gen "
@I [HLS-100] Command 'ap_source' returned 0; elapsed 0.000412Total elapsed time: 0.278 sec.
@I [HLS-100] Command "source /home/saptarshi/Xilinx/Vivado_HLS/2015.4/common/technology/xilinx/interface/axi4.gen "
@I [HLS-100] Command 'ap_source' returned 0; elapsed 0.002144Total elapsed time: 0.280 sec.
@I [HLS-100] Command "source /home/saptarshi/Xilinx/Vivado_HLS/2015.4/common/technology/xilinx/interface/nativeAXI4.gen "
@I [HLS-100] Command "source /home/saptarshi/Xilinx/Vivado_HLS/2015.4/common/technology/xilinx/interface/saxilite.gen "
@I [HLS-100] Command 'ap_source' returned 0; elapsed 0.004693Total elapsed time: 0.285 sec.
@I [HLS-100] Command "source /home/saptarshi/Xilinx/Vivado_HLS/2015.4/common/technology/xilinx/interface/maxi.gen "
@I [HLS-100] Command 'ap_source' returned 0; elapsed 0.006671Total elapsed time: 0.292 sec.
@I [HLS-100] Command 'ap_source' returned 0; elapsed 0.011619Total elapsed time: 0.292 sec.
@I [HLS-100] Command "source /home/saptarshi/Xilinx/Vivado_HLS/2015.4/common/technology/xilinx/scripts/xilinxcoregen.gen "
@I [HLS-100] Command 'ap_source' returned 0; elapsed 0.010939Total elapsed time: 0.303 sec.
@I [HLS-100] Command "source /home/saptarshi/Xilinx/Vivado_HLS/2015.4/common/technology/xilinx/interface/XilEDKCoreGen.gen "
@I [HLS-100] Command 'ap_source' returned 0; elapsed 0.011564Total elapsed time: 0.315 sec.
@I [HLS-100] Command "source /home/saptarshi/Xilinx/Vivado_HLS/2015.4/common/technology/xilinx/ip/xfir.gen "
@I [HLS-100] Command "source /home/saptarshi/Xilinx/Vivado_HLS/2015.4/tps/tcl/tcllib1.11.1/struct/list.tcl "
@I [HLS-100] Command "source /home/saptarshi/Xilinx/Vivado_HLS/2015.4/tps/tcl/tcllib1.11.1/cmdline/cmdline.tcl "
@I [HLS-100] Command 'ap_source' returned 0; elapsed 0.00069Total elapsed time: 0.330 sec.
@I [HLS-100] Command 'ap_source' returned 0; elapsed 0.001847Total elapsed time: 0.331 sec.
@I [HLS-100] Command "source /home/saptarshi/Xilinx/Vivado_HLS/2015.4/tps/tcl/tcllib1.11.1/math/bignum.tcl "
@I [HLS-100] Command 'ap_source' returned 0; elapsed 0.000561Total elapsed time: 0.342 sec.
@I [HLS-100] Command 'ap_source' returned 0; elapsed 0.034338Total elapsed time: 0.350 sec.
@I [HLS-100] Command "source /home/saptarshi/Xilinx/Vivado_HLS/2015.4/common/technology/xilinx/ip/dds_compiler.gen "
@I [HLS-100] Command 'ap_source' returned 0; elapsed 0.002945Total elapsed time: 0.353 sec.
@I [HLS-100] Command "source /home/saptarshi/Xilinx/Vivado_HLS/2015.4/common/technology/xilinx/ip/util.gen "
@I [HLS-100] Command 'ap_source' returned 0; elapsed 0.000112Total elapsed time: 0.353 sec.
@I [HLS-100] Command "source /home/saptarshi/Xilinx/Vivado_HLS/2015.4/common/technology/xilinx/ip/xfft.gen "
@I [HLS-100] Command 'ap_source' returned 0; elapsed 0.088855Total elapsed time: 0.442 sec.
@I [HLS-100] Command 'ap_source' returned 0; elapsed 0.164983Total elapsed time: 0.442 sec.
@I [HLS-100] Command "source /home/saptarshi/Xilinx/Vivado_HLS/2015.4/common/technology/xilinx/common/dsp48.gen "
@I [HLS-100] Command 'ap_source' returned 0; elapsed 0.00012Total elapsed time: 0.443 sec.
@I [HLS-100] Command 'ap_source' returned 0; elapsed 0.166737Total elapsed time: 0.443 sec.
@I [HLS-100] Command 'ap_source' returned 0; elapsed 0.166891Total elapsed time: 0.443 sec.
@I [HLS-100] Command "open_platform DefaultPlatform "
@I [HLS-100] Command 'open_platform' returned 0; elapsed 6e-06Total elapsed time: 0.444 sec.
@I [HLS-100] Command "import_lib /home/saptarshi/Xilinx/Vivado_HLS/2015.4/common/technology/xilinx/zynq/zynq_fpv6 "
@I [HLS-100] Command "source /home/saptarshi/Xilinx/Vivado_HLS/2015.4/common/technology/xilinx/common/xilinx_fpv7.lib "
@I [HLS-100] Command "source /home/saptarshi/Xilinx/Vivado_HLS/2015.4/common/technology/xilinx/common/xilinx_hp.lib "
@I [HLS-100] Command 'ap_source' returned 0; elapsed 0.000503Total elapsed time: 0.444 sec.
@I [HLS-100] Command 'ap_source' returned 0; elapsed 0.002487Total elapsed time: 0.446 sec.
@I [HLS-100] Command "source /home/saptarshi/Xilinx/Vivado_HLS/2015.4/common/technology/xilinx/common/xilinx_fpv.hlp "
@I [HLS-100] Command "source /home/saptarshi/Xilinx/Vivado_HLS/2015.4/common/technology/xilinx/common/xilinx.hlp "
@I [HLS-100] Command "source /home/saptarshi/Xilinx/Vivado_HLS/2015.4/common/technology/xilinx/common/target_info.tcl "
@I [HLS-100] Command 'ap_source' returned 0; elapsed 0.000116Total elapsed time: 0.451 sec.
@I [HLS-100] Command "source /home/saptarshi/Xilinx/Vivado_HLS/2015.4/common/technology/xilinx/interface/xilinx_interface.hlp "
@I [HLS-100] Command "source /home/saptarshi/Xilinx/Vivado_HLS/2015.4/common/technology/xilinx/interface/maxi.hlp "
@I [HLS-100] Command 'ap_source' returned 0; elapsed 6.2e-05Total elapsed time: 0.451 sec.
@I [HLS-100] Command "source /home/saptarshi/Xilinx/Vivado_HLS/2015.4/common/technology/xilinx/interface/saxilite.hlp "
@I [HLS-100] Command 'ap_source' returned 0; elapsed 6e-05Total elapsed time: 0.451 sec.
@I [HLS-100] Command 'ap_source' returned 0; elapsed 0.000204Total elapsed time: 0.451 sec.
@I [HLS-100] Command "source /home/saptarshi/Xilinx/Vivado_HLS/2015.4/common/technology/xilinx/common/dsp48.hlp "
@I [HLS-100] Command 'ap_source' returned 0; elapsed 0.000416Total elapsed time: 0.452 sec.
@I [HLS-100] Command 'ap_source' returned 0; elapsed 0.00154Total elapsed time: 0.452 sec.
@I [HLS-100] Command 'ap_source' returned 0; elapsed 0.001931Total elapsed time: 0.452 sec.
@I [HLS-100] Command "source /home/saptarshi/Xilinx/Vivado_HLS/2015.4/common/technology/xilinx/zynq/zynq_hp.hlp "
@I [HLS-100] Command 'ap_source' returned 0; elapsed 0.000599Total elapsed time: 0.453 sec.
@I [HLS-100] Command 'import_lib' returned 0; elapsed 0.01267Total elapsed time: 0.456 sec.
@I [HLS-100] Command "source /home/saptarshi/Xilinx/Vivado_HLS/2015.4/common/technology/xilinx/zynq/zynq_fpv6.gen "
@I [HLS-100] Command "source /home/saptarshi/Xilinx/Vivado_HLS/2015.4/common/technology/xilinx/common/xilinx_fpv6.gen "
@I [HLS-100] Command 'ap_source' returned 0; elapsed 0.001121Total elapsed time: 0.457 sec.
@I [HLS-100] Command 'ap_source' returned 0; elapsed 0.001206Total elapsed time: 0.458 sec.
@I [HLS-100] Command "set_part xc7z020clg484-1 "
@I [HLS-100] Command "add_library xilinx/zynq/zynq:xc7z020:clg484:-1 "
@I [HLS-100] Command "get_default_platform "
@I [HLS-100] Command 'get_default_platform' returned 0; elapsed 5e-06Total elapsed time: 0.460 sec.
@I [HLS-100] Command "license_isbetapart xc7z020 "
@I [HLS-100] Command 'license_isbetapart' returned 1; elapsed 0.005512Total elapsed time: 0.466 sec.
@I [HLS-100] Command "get_default_platform "
@I [HLS-100] Command 'get_default_platform' returned 0; elapsed 6e-06Total elapsed time: 0.467 sec.
@I [HLS-100] Command "config_chip_info -quiet -resource  {SLICE 13300}  {LUT 53200}     {FF 106400} {DSP48E 220}   {BRAM 280}  "
@I [HLS-100] Command 'config_chip_info' returned 0; elapsed 1.2e-05Total elapsed time: 0.467 sec.
@I [HLS-100] Command "config_chip_info -quiet -speed slow "
@I [HLS-100] Command 'config_chip_info' returned 0; elapsed 3e-06Total elapsed time: 0.467 sec.
@I [HLS-100] Command 'add_library' returned 0; elapsed 0.007746Total elapsed time: 0.468 sec.
@I [HLS-100] Command "add_library xilinx/zynq/zynq_fpv6 "
@I [HLS-100] Command "get_default_platform "
@I [HLS-100] Command 'get_default_platform' returned 0; elapsed 5e-06Total elapsed time: 0.469 sec.
@I [HLS-100] Command 'add_library' returned 0; elapsed 0.001236Total elapsed time: 0.469 sec.
@I [HLS-10] Setting target device to 'xc7z020clg484-1'
@I [HLS-100] Command 'set_part' returned 0; elapsed 0.011191Total elapsed time: 0.470 sec.
@I [HLS-100] Command "get_default_platform "
@I [HLS-100] Command 'get_default_platform' returned 0; elapsed 4e-06Total elapsed time: 0.470 sec.
@I [HLS-100] Command "config_chip_info -quiet -resource  {SLICE 13300}  {LUT 53200}     {FF 106400} {DSP48E 220}   {BRAM 280}  "
@I [HLS-100] Command 'config_chip_info' returned 0; elapsed 1.1e-05Total elapsed time: 0.470 sec.
@I [HLS-100] Command "config_chip_info -quiet -speed slow "
@I [HLS-100] Command 'config_chip_info' returned 0; elapsed 3e-06Total elapsed time: 0.470 sec.
@I [HLS-100] Command 'open_solution' returned 0; elapsed 0.21243Total elapsed time: 0.470 sec.
@I [HLS-100] Command "set_part xc7z020clg484-1 "
@I [HLS-100] Command "add_library xilinx/zynq/zynq:xc7z020:clg484:-1 "
@I [HLS-100] Command "get_default_platform "
@I [HLS-100] Command 'get_default_platform' returned 0; elapsed 3e-06Total elapsed time: 0.472 sec.
@I [HLS-100] Command "license_isbetapart xc7z020 "
@I [HLS-100] Command 'license_isbetapart' returned 1; elapsed 3e-05Total elapsed time: 0.472 sec.
@I [HLS-100] Command "get_default_platform "
@I [HLS-100] Command 'get_default_platform' returned 0; elapsed 1.2e-05Total elapsed time: 0.472 sec.
@I [HLS-100] Command "config_chip_info -quiet -resource  {SLICE 13300}  {LUT 53200}     {FF 106400} {DSP48E 220}   {BRAM 280}  "
@I [HLS-100] Command 'config_chip_info' returned 0; elapsed 9e-06Total elapsed time: 0.472 sec.
@I [HLS-100] Command "config_chip_info -quiet -speed slow "
@I [HLS-100] Command 'config_chip_info' returned 0; elapsed 2e-06Total elapsed time: 0.472 sec.
@I [HLS-100] Command 'add_library' returned 0; elapsed 0.001627Total elapsed time: 0.473 sec.
@I [HLS-100] Command "add_library xilinx/zynq/zynq_fpv6 "
@I [HLS-100] Command "get_default_platform "
@I [HLS-100] Command 'get_default_platform' returned 0; elapsed 3e-06Total elapsed time: 0.473 sec.
@I [HLS-100] Command 'add_library' returned 0; elapsed 0.000914Total elapsed time: 0.474 sec.
@I [HLS-100] Command 'set_part' returned 0; elapsed 0.003637Total elapsed time: 0.474 sec.
@I [HLS-100] Command "create_clock -period 10 -name default "
@I [HLS-100] Command 'create_clock' returned 0; elapsed 0.000689Total elapsed time: 0.475 sec.
@I [HLS-100] Command "csynth_design "
@I [HLS-100] Command "elaborate -effort=medium -skip_syncheck=0 -keep_printf=0 -lm=0 -skip_cdt=0 -skip_transform=0 -ng=0 -g=0 -opt_fp=0 "
@I [HLS-10] Analyzing design file 'zhangsuengps/.settings/psfunc.cpp' ... 
@0 [HLS-0] Analyzing design file 'zhangsuengps/.settings/psfunc.cpp' ... 
@I [HLS-0] Compiling one TU...
@I [HLS-0] 
Checking before pre-process: exec clang -fno-limit-debug-info -gcc-toolchain "/home/saptarshi/Xilinx/Vivado_HLS/2015.4/lnx64/tools/gcc" -hls    -fno-math-errno -c -emit-llvm -O0  -mllvm -disable-llvm-optzns -fno-threadsafe-statics  -fno-use-cxa-atexit  -fno-threadsafe-statics -fno-use-cxa-atexit   -I "/home/saptarshi/Xilinx/Vivado_HLS/2015.4/lnx64/tools/systemc/include" -I "/home/saptarshi/Xilinx/Vivado_HLS/2015.4/include" -I "/home/saptarshi/Xilinx/Vivado_HLS/2015.4/include/ap_sysc" -fexceptions -I "/home/saptarshi/Xilinx/Vivado_HLS/2015.4/common/technology/autopilot" -include etc/autopilot_ssdm_op.h "zhangsuengps/.settings/psfunc.cpp"  -o "/home/saptarshi/Documents/AEP/zhangsuengps/solution1/.autopilot/db/psfunc.pp.00.o"

@I [HLS-100] Command "is_encrypted /home/saptarshi/Documents/AEP/zhangsuengps/solution1/.autopilot/db/psfunc.pp.00.o "
@I [HLS-100] Command 'is_encrypted' returned 0; elapsed 9.8e-05Total elapsed time: 0.525 sec.
@I [HLS-0] Syntax Checker time: 0 seconds per iteration
@I [HLS-0] 
Source preprocessing: exec clang -fno-limit-debug-info -gcc-toolchain "/home/saptarshi/Xilinx/Vivado_HLS/2015.4/lnx64/tools/gcc" -hls -fno-exceptions  -D__llvm__  -CC -E "zhangsuengps/.settings/psfunc.cpp"     -fno-math-errno -c -emit-llvm -O0  -mllvm -disable-llvm-optzns -fno-threadsafe-statics  -fno-use-cxa-atexit  -fno-threadsafe-statics -fno-use-cxa-atexit -DAESL_SYN -D__SYNTHESIS__ -D__HLS_SYN__ -I "/home/saptarshi/Xilinx/Vivado_HLS/2015.4/common/technology/autopilot" -I "/home/saptarshi/Xilinx/Vivado_HLS/2015.4/common/technology/autopilot/ap_sysc" -include etc/autopilot_ssdm_op.h  -o "/home/saptarshi/Documents/AEP/zhangsuengps/solution1/.autopilot/db/psfunc.pp.0.cpp"

@I [HLS-0] GCC PP time: 0 seconds per iteration
@I [HLS-100] Command "list_core -type functional_unit "
@I [HLS-100] Command 'list_core' returned 0; elapsed 0.0001Total elapsed time: 0.570 sec.
@I [HLS-0] Marker-Pragma convertor: /home/saptarshi/Documents/AEP/zhangsuengps/solution1/.autopilot/db/psfunc.pp.0.cpp /home/saptarshi/Documents/AEP/zhangsuengps/solution1/.autopilot/db/psfunc.pp.0.cpp.ap-line.cpp /home/saptarshi/Documents/AEP/zhangsuengps/solution1/.autopilot/db/psfunc.pp.0.cpp.ap-line.cpp.CXX 1
@I [HLS-0] 
Source processor: exec /home/saptarshi/Xilinx/Vivado_HLS/2015.4/tps/lnx64/jre/bin/java -Xmx512m -classpath   "/home/saptarshi/Xilinx/Vivado_HLS/2015.4/lib/classes/autopilot.sourceprocessor.jar:/home/saptarshi/Xilinx/Vivado_HLS/2015.4/lib/classes/org.eclipse.cdt.core_5.3.0.xilinx_patch.jar:/home/saptarshi/Xilinx/Vivado_HLS/2015.4/lib/classes/org.eclipse.core.runtime_3.7.0.v20110110.jar:/home/saptarshi/Xilinx/Vivado_HLS/2015.4/lib/classes/org.eclipse.equinox.common_3.6.0.v20110523.jar:/home/saptarshi/Xilinx/Vivado_HLS/2015.4/lib/classes/com.ibm.icu_4.4.2.v20110208.jar:/home/saptarshi/Xilinx/Vivado_HLS/2015.4/lib/classes/jargs.jar:/home/saptarshi/Xilinx/Vivado_HLS/2015.4/lnx64/tools/eclipse/plugins/org.eclipse.emf.common_2.10.1.v20150123-0348.jar:/home/saptarshi/Xilinx/Vivado_HLS/2015.4/lnx64/tools/eclipse/plugins/org.eclipse.emf.ecore_2.10.2.v20150123-0348.jar:/home/saptarshi/Xilinx/Vivado_HLS/2015.4/lnx64/tools/eclipse/plugins/org.eclipse.emf.ecore.xmi_2.10.2.v20150123-0348.jar:/home/saptarshi/Xilinx/Vivado_HLS/2015.4/lnx64/tools/eclipse/plugins/com.autoesl.autopilot.ui.directiveFileModel_1.0.0.jar:/home/saptarshi/Xilinx/Vivado_HLS/2015.4/lnx64/tools/eclipse/plugins/com.autoesl.autopilot.ui.common_1.0.0.jar"  autopilot.sourceprocessor.CParser  "/home/saptarshi/Documents/AEP/zhangsuengps/solution1/.autopilot/db/psfunc.pp.0.cpp.ap-line.cpp"  -m "psfunc" -o "/home/saptarshi/Documents/AEP/zhangsuengps/solution1/.autopilot/db/psfunc.pp.0.cpp.ap-cdt.cpp" --pp --directive /home/saptarshi/Documents/AEP/zhangsuengps/solution1/solution1.directive --source /home/saptarshi/Documents/AEP/zhangsuengps/.settings/psfunc.cpp --error /home/saptarshi/Documents/AEP/zhangsuengps/solution1/.autopilot/db --funcunit "AddSub AddSub_DSP AddSubnS DAddSub_fulldsp DAddSub_nodsp DDiv DExp_fulldsp DExp_meddsp DExp_nodsp DLog_fulldsp DLog_meddsp DLog_nodsp DMul_fulldsp DMul_maxdsp DMul_meddsp DMul_nodsp DRSqrt DRecip DSqrt DivnS FAddSub_fulldsp FAddSub_nodsp FDiv FExp_fulldsp FExp_meddsp FExp_nodsp FLog_fulldsp FLog_meddsp FLog_nodsp FMul_fulldsp FMul_maxdsp FMul_meddsp FMul_nodsp FRSqrt_fulldsp FRSqrt_nodsp FRecip_fulldsp FRecip_nodsp FSqrt HAddSub_nodsp HDiv HMul_fulldsp HMul_maxdsp HMul_nodsp HSqrt Mul Mul2S Mul3S Mul4S Mul5S Mul6S Mul_LUT MulnS MuxnS" --ve --vetcl /home/saptarshi/Documents/AEP/zhangsuengps/solution1/.autopilot/db --ca --es --gf --df --pd --p2d /home/saptarshi/Documents/AEP/zhangsuengps/solution1/.autopilot/db --sd --scff /home/saptarshi/Documents/AEP/zhangsuengps/solution1/.autopilot/db/.systemc_flag --ad

@I [HLS-0] Marker-Pragma convertor: /home/saptarshi/Documents/AEP/zhangsuengps/solution1/.autopilot/db/psfunc.pp.0.cpp.ap-cdt.cpp /home/saptarshi/Documents/AEP/zhangsuengps/solution1/.autopilot/db/psfunc.pragma.0.cpp /home/saptarshi/Documents/AEP/zhangsuengps/solution1/.autopilot/db/psfunc.pragma.0.cpp.ap-line.CXX 0
@I [HLS-100] Command "source /home/saptarshi/Documents/AEP/zhangsuengps/solution1/.autopilot/db/pragma.status.tcl "
@I [HLS-100] Command 'ap_source' returned 0; elapsed 7.2e-05Total elapsed time: 1.517 sec.
@I [HLS-0] CDT processor time: 0 seconds per iteration
@I [HLS-0] Pragma handling time: 0 seconds per iteration
@I [HLS-0] 
Source preprocessing: exec clang -fno-limit-debug-info -gcc-toolchain "/home/saptarshi/Xilinx/Vivado_HLS/2015.4/lnx64/tools/gcc" -hls -fno-exceptions  -D__llvm__  -CC -E "/home/saptarshi/Documents/AEP/zhangsuengps/solution1/.autopilot/db/psfunc.pragma.1.cpp"     -fno-math-errno -c -emit-llvm -O0  -mllvm -disable-llvm-optzns -fno-threadsafe-statics  -fno-use-cxa-atexit  -fno-threadsafe-statics -fno-use-cxa-atexit -DAESL_SYN -D__SYNTHESIS__ -D__HLS_SYN__ -I "/home/saptarshi/Xilinx/Vivado_HLS/2015.4/common/technology/autopilot" -I "/home/saptarshi/Xilinx/Vivado_HLS/2015.4/common/technology/autopilot/ap_sysc" -include etc/autopilot_ssdm_op.h  -o "/home/saptarshi/Documents/AEP/zhangsuengps/solution1/.autopilot/db/psfunc.pragma.2.cpp"

@I [HLS-0] exec clang -fno-limit-debug-info -gcc-toolchain /home/saptarshi/Xilinx/Vivado_HLS/2015.4/lnx64/tools/gcc -hls -hls-analyze-label -hls-analyze-pragma -fno-exceptions  -D__llvm__  -w  "/home/saptarshi/Documents/AEP/zhangsuengps/solution1/.autopilot/db/psfunc.pragma.2.cpp"    -fno-math-errno -c -emit-llvm -O0  -mllvm -disable-llvm-optzns -fno-threadsafe-statics  -fno-use-cxa-atexit -DAESL_SYN -D__SYNTHESIS__ -D__HLS_SYN__ -I "/home/saptarshi/Xilinx/Vivado_HLS/2015.4/common/technology/autopilot" -I "/home/saptarshi/Xilinx/Vivado_HLS/2015.4/common/technology/autopilot/ap_sysc" -include etc/autopilot_ssdm_op.h -g -o "/home/saptarshi/Documents/AEP/zhangsuengps/solution1/.autopilot/db/psfunc.g.bc"
@I [HLS-100] Command "source /home/saptarshi/Documents/AEP/zhangsuengps/solution1/.autopilot/db/ve_warning.tcl "
@I [HLS-100] Command 'ap_source' returned 0; elapsed 5.2e-05Total elapsed time: 1.615 sec.
@I [HLS-10] Validating synthesis directives ...
@0 [HLS-0] Validating synthesis directives ...
@I [HLS-100] Command "source /home/saptarshi/Documents/AEP/zhangsuengps/solution1/.autopilot/db/pragma.status.tcl "
@I [HLS-100] Command 'ap_source' returned 0; elapsed 4.1e-05Total elapsed time: 1.615 sec.
@I [HLS-0] Linking all ...
@I [HLS-0] exec llvm-ld  "/home/saptarshi/Documents/AEP/zhangsuengps/solution1/.autopilot/db/psfunc.bc"  -disable-opt  -L/home/saptarshi/Xilinx/Vivado_HLS/2015.4/lnx64/lib -lm_basic -o "/home/saptarshi/Documents/AEP/zhangsuengps/solution1/.autopilot/db/a.o.pre"
@I [HLS-0] Link time: 0 seconds per iteration
@I [HLS-0] Linking all ...
@I [HLS-0] exec llvm-ld  "/home/saptarshi/Documents/AEP/zhangsuengps/solution1/.autopilot/db/psfunc.g.bc"  -disable-opt  -L/home/saptarshi/Xilinx/Vivado_HLS/2015.4/lnx64/lib -lm_basic -o "/home/saptarshi/Documents/AEP/zhangsuengps/solution1/.autopilot/db/a.g.pre"
@I [HLS-0] Link time: 0 seconds per iteration
@I [HLS-100] Command "opt_and_import_c a -opt_level=2 -skip_syncheck=0 -ng=0 -keep_printf=0 "
@I [HLS-100] Command "cleanup_all_models "
@I [HLS-100] Command 'cleanup_all_models' returned 0; elapsed 1.2e-05Total elapsed time: 1.706 sec.
@I [HLS-10] Starting code transformations ...
@0 [HLS-0] Starting code transformations ...
@I [HLS-0] std xform: transform -hls -share-std-xform -always-inline -promote-dbg-pointer  -interface-preproc  -scalarrepl -mem2reg -keep-read-access -instcombine -dce  -promote-dbg-pointer  -bitop-raise  -indvars -loop-simplify -xunroll  -constprop -instcombine -simplifycfg -indvars  -simplifycfg -dce -globaldce  -basicaa  -simplifycfg -mem2reg -globalopt  -global-constprop -deadargelim -instcombine -simplifycfg  -prune-eh -simplifycfg  -scalarrepl -instcombine -reassociate -licm  -simplifycfg -loop-simplify -indvars -instcombine  -simplifycfg -mem2reg -loop-simplify -indvars -instcombine  -gvn -gvn -instcombine -adce  -break-crit-edges  -simplifycfg -loop-delete  -global-array-opt -dce -dse -adce  -find-syn-modules -top psfunc  -deadargelim  -mem2reg -instcombine -dce  -presyn-prepare -auto-rom-infer  -interface-preproc  -syn-check -check-rec-only  -find-region -simplifycfg -func-extr -function-inline  -globaldce -mem2reg -instcombine -dce   -gvn -globaldce -adce -adse  -constprop -instcombine -bit-constprop  -instcombine -dce -simplifycfg -bitop-raise  -simplifycfg -dce -loop-delete -reassociate  -globalopt -global-privatize -mem2reg -dce  -global-constprop -pointer-simplify -constprop -dce  -func-inst -deadargelim  -promote-dbg-pointer  -norm-name   /home/saptarshi/Documents/AEP/zhangsuengps/solution1/.autopilot/db/a.g.0.bc -o /home/saptarshi/Documents/AEP/zhangsuengps/solution1/.autopilot/db/a.g.1.bc -f  -phase std-opt
@I [HLS-0] Std xform time: 0 seconds per iteration
@I [HLS-100] Command "is_encrypted /home/saptarshi/Documents/AEP/zhangsuengps/solution1/.autopilot/db/a.g.1.bc "
@I [HLS-100] Command 'is_encrypted' returned 0; elapsed 5.6e-05Total elapsed time: 1.742 sec.
@I [HLS-10] Checking synthesizability ...
@0 [HLS-0] Checking synthesizability ...
@I [HLS-0] syn check 1/2: transform -hls -syn-check -check-rec-only -disaggr -scalarrepl -norm-name -dce  -mem2reg -instcombine  -function-uniquify -directive-preproc -mem2reg -dse -dce -auto-rom-infer -dce  -array-normalize -instcombine -dce  -array-seg-normalize -instcombine -dce  -array-flatten -instcombine -dce  -array-burst -dce  -deadargelim -promote-global-argument  -function-inline -globaldce -dce  -doublePtrSimplify -doublePtrElim -dce  -doublePtrSimplify -promote-dbg-pointer  -dce -scalarrepl -dse -adse -instcombine  -ptrLegalization  -simplifycfg -dce -instcombine  -pointer-simplify -ptrArgReplace -dce -instcombine   -disaggr -scalarrepl -norm-name -dce  -mem2reg -instcombine -ptrLegalization   -simplifycfg -deadargelim  -instcombine -dce -inst-simplify  -function-uniquify -directive-preproc -mem2reg -dse -dce  -globaldce    /home/saptarshi/Documents/AEP/zhangsuengps/solution1/.autopilot/db/a.g.1.bc -o /home/saptarshi/Documents/AEP/zhangsuengps/solution1/.autopilot/db/a.g.2.prechk.bc -f
@I [HLS-0] Syn check 1/2 time: 0 seconds per iteration
@I [HLS-0] syn check 2/2: transform -syn-check   /home/saptarshi/Documents/AEP/zhangsuengps/solution1/.autopilot/db/a.g.2.prechk.bc -o /home/saptarshi/Documents/AEP/zhangsuengps/solution1/.autopilot/db/a.g.2.bc -f  -phase syn-check
@E [SYNCHK-61] zhangsuengps/.settings/psfunc.cpp:3: unsupported memory access on variable 'skeldata' which is (or contains) an array with unknown size at compile time.
@I [SYNCHK-10] 1 error(s), 0 warning(s).
@E [HLS-70] Synthesizability check failed.
@I [HLS-100] Command 'opt_and_import_c' returned 2; elapsed 0.031872Total elapsed time: 1.780 sec.
@I [HLS-111] Elapsed time: 0.534865 seconds; current memory usage: 42.9 MB.
@I [HLS-100] Command 'elaborate' returned 2; elapsed 0.062883Total elapsed time: 1.780 sec.
@I [HLS-100] Command 'csynth_design' returned 2; elapsed 0.063031Total elapsed time: 1.780 sec.
@I [HLS-100] Command 'ap_source' returned 1; elapsed 0.284332Total elapsed time: 1.780 sec.
command 'ap_source' returned error code
    while executing
"source /home/saptarshi/Documents/AEP/zhangsuengps/solution1/csynth.tcl"
    invoked from within
"hls::main /home/saptarshi/Documents/AEP/zhangsuengps/solution1/csynth.tcl"
    ("uplevel" body line 1)
    invoked from within
"uplevel 1 hls::main {*}$args"
    (procedure "hls_proc" line 5)
    invoked from within
"hls_proc $argv"
@I [HLS-100] Command "cleanup_all "
@I [HLS-100] Command 'cleanup_all' returned 0; elapsed 0.000632Total elapsed time: 1.781 sec.
