#-----------------------------------------------------------
# xsim v2015.4 (64-bit)
# SW Build 1412921 on Wed Nov 18 09:44:32 MST 2015
# IP Build 1412160 on Tue Nov 17 13:47:24 MST 2015
# Start of session at: Thu Jul 13 01:56:09 2017
# Process ID: 11751
# Current directory: /home/ubuntu-admin/SharedFolder/EIT_Studies/TUB_Docs/Sem2/EmbProj/GitHub/AEP/HLS/ZS_BRAM_F_V1/solution1/sim/verilog
# Command line: xsim -mode tcl -source {xsim.dir/zs_func/xsim_script.tcl}
# Log file: /home/ubuntu-admin/SharedFolder/EIT_Studies/TUB_Docs/Sem2/EmbProj/GitHub/AEP/HLS/ZS_BRAM_F_V1/solution1/sim/verilog/xsim.log
# Journal file: /home/ubuntu-admin/SharedFolder/EIT_Studies/TUB_Docs/Sem2/EmbProj/GitHub/AEP/HLS/ZS_BRAM_F_V1/solution1/sim/verilog/xsim.jou
#-----------------------------------------------------------
source xsim.dir/zs_func/xsim_script.tcl
# xsim {zs_func} -maxdeltaid 10000 -autoloadwcfg -tclbatch {zs_func.tcl}
Vivado Simulator 2015.4
Time resolution is 1 ps
source zs_func.tcl
## run all
$finish called at time : 2694075 ns : File "/home/ubuntu-admin/SharedFolder/EIT_Studies/TUB_Docs/Sem2/EmbProj/GitHub/AEP/HLS/ZS_BRAM_F_V1/solution1/sim/verilog/zs_func.autotb.v" Line 447
## quit
INFO: [Common 17-206] Exiting xsim at Thu Jul 13 01:56:12 2017...
